#
# A fatal error has been detected by the Java Runtime Environment:
#
#  SIGSEGV (0xb) at pc=0x00007f99529ce129, pid=4003, tid=140295376774912
#
# JRE version: 7.0_25-b15
# Java VM: Java HotSpot(TM) 64-Bit Server VM (23.25-b01 mixed mode linux-amd64 compressed oops)
# Problematic frame:
# C  [libglass.so+0x14129]  dnd_finish_callback()+0x9
#
# Failed to write core dump. Core dumps have been disabled. To enable core dumping, try "ulimit -c unlimited" before starting Java again
#
# If you would like to submit a bug report, please visit:
#   http://bugreport.sun.com/bugreport/crash.jsp
# The crash happened outside the Java Virtual Machine in native code.
# See problematic frame for where to report the bug.
#

---------------  T H R E A D  ---------------

Current thread (0x00007f991416e000):  JavaThread "JavaFX Application Thread" [_thread_in_native, id=4036, stack(0x00007f991008a000,0x00007f991018b000)]

siginfo:si_signo=SIGSEGV: si_errno=0, si_code=1 (SEGV_MAPERR), si_addr=0x0000000000000040

Registers:
RAX=0x0000000000000000, RBX=0x00007f98f415e020, RCX=0x00007f991018a700, RDX=0x0000000000000000
RSP=0x00007f9910187d10, RBP=0x00007f9910187d10, RSI=0x0000000000000000, RDI=0x000000000000000a
R8 =0x00007f98f41ba730, R9 =0x0000000000000001, R10=0x0000000000000000, R11=0x0000000000000000
R12=0x0000000000000041, R13=0x00007f98f4009800, R14=0x00007f99504d79a0, R15=0x00007f99140c3420
RIP=0x00007f99529ce129, EFLAGS=0x0000000000010202, CSGSFS=0x0000000000000033, ERR=0x0000000000000004
  TRAPNO=0x000000000000000e

Top of Stack: (sp=0x00007f9910187d10)
0x00007f9910187d10:   0000000000000000 00007f99520ebd56
0x00007f9910187d20:   0000000000000041 00007f98f415df70
0x00007f9910187d30:   0000000000000002 00007f995022bd13
0x00007f9910187d40:   00007f98f4008b40 00007f9910187d60
0x00007f9910187d50:   00007f99502299e0 00007f98f415ded0
0x00007f9910187d60:   00007f98f415df70 00007f9910189480
0x00007f9910187d70:   00007f98f415e020 00007f99520ebd00
0x00007f9910187d80:   00000000000000c8 00007f99140c3420
0x00007f9910187d90:   0000000000000001 00007f9950238f00
0x00007f9910187da0:   0000000000000000 0000000000000004
0x00007f9910187db0:   0000000000000001 00007f995022c060
0x00007f9910187dc0:   00007f99140c3420 00000000000000c8
0x00007f9910187dd0:   00007f98f41ba300 00007f99140c3420
0x00007f9910187de0:   0000000000000001 00007f98f41ba300
0x00007f9910187df0:   00007f98f4002270 00007f98fc001460
0x00007f9910187e00:   00007f98f4002268 00007f995022c124
0x00007f9910187e10:   00007f98f41ba300 00007f98f41ba810
0x00007f9910187e20:   00007f9910187ef0 00007f99524b4501
0x00007f9910187e30:   00007f9910187ef0 00007f99529cf9a5
0x00007f9910187e40:   00007f9910187f88 00007f9910187f80
0x00007f9910187e50:   40000003529ba000 00007f99140db7e0
0x00007f9910187e60:   0000000000000000 00000000003ffffe
0x00007f9910187e70:   0000000000000000 0000000000000000
0x00007f9910187e80:   0000000000000000 0000000000000000
0x00007f9910187e90:   0000000000000004 0000000000000000
0x00007f9910187ea0:   0000000000000000 0000000000000000
0x00007f9910187eb0:   0000000500000001 0000000040000003
0x00007f9910187ec0:   0000000040000003 00000000a0639da0
0x00007f9910187ed0:   0000000000000000 00000000a0639da0
0x00007f9910187ee0:   00007f9910187f88 00007f991416e000
0x00007f9910187ef0:   00007f9910187f58 00007f9968dfcdb1
0x00007f9910187f00:   00007f993000a558 00007f9968e0ca03 

Instructions: (pc=0x00007f99529ce129)
0x00007f99529ce109:   8b 6d f8 45 31 c0 48 8b 10 c9 31 c0 e9 46 ca ff
0x00007f99529ce119:   ff 66 0f 1f 44 00 00 55 48 89 e5 e8 e7 fd ff ff
0x00007f99529ce129:   8b 48 40 48 8b 3d 6d 2a 21 00 89 c8 89 ca 83 e0
0x00007f99529ce139:   04 83 f8 01 19 c0 83 e2 08 f7 d0 83 e0 02 83 fa 

Register to memory mapping:

RAX=0x0000000000000000 is an unknown value
RBX=0x00007f98f415e020 is an unknown value
RCX=0x00007f991018a700 is pointing into the stack for thread: 0x00007f991416e000
RDX=0x0000000000000000 is an unknown value
RSP=0x00007f9910187d10 is pointing into the stack for thread: 0x00007f991416e000
RBP=0x00007f9910187d10 is pointing into the stack for thread: 0x00007f991416e000
RSI=0x0000000000000000 is an unknown value
RDI=0x000000000000000a is an unknown value
R8 =0x00007f98f41ba730 is an unknown value
R9 =0x0000000000000001 is an unknown value
R10=0x0000000000000000 is an unknown value
R11=0x0000000000000000 is an unknown value
R12=0x0000000000000041 is an unknown value
R13=0x00007f98f4009800 is an unknown value
R14=0x00007f99504d79a0: <offset 0x2f39a0> in /lib/x86_64-linux-gnu/libglib-2.0.so.0 at 0x00007f99501e4000
R15=0x00007f99140c3420 is an unknown value


Stack: [0x00007f991008a000,0x00007f991018b000],  sp=0x00007f9910187d10,  free space=1015k
Native frames: (J=compiled Java code, j=interpreted, Vv=VM code, C=native code)
C  [libglass.so+0x14129]  dnd_finish_callback()+0x9

Java frames: (J=compiled Java code, j=interpreted, Vv=VM code)
j  com.sun.glass.ui.gtk.GtkDnDClipboard.pushToSystemImpl(Ljava/util/HashMap;I)I+0
j  com.sun.glass.ui.gtk.GtkDnDClipboard.pushToSystem(Ljava/util/HashMap;I)V+3
j  com.sun.glass.ui.SystemClipboard.flush(Lcom/sun/glass/ui/ClipboardAssistance;Ljava/util/HashMap;I)V+10
j  com.sun.glass.ui.ClipboardAssistance.flush()V+13
j  com.sun.javafx.tk.quantum.QuantumClipboard.flush()V+8
j  com.sun.javafx.tk.quantum.QuantumToolkit.startDrag(Ljava/lang/Object;Ljava/util/Set;Lcom/sun/javafx/tk/TKDragSourceListener;Ljavafx/scene/input/Dragboard;)V+102
j  javafx.scene.Scene$DnDGesture.dragDetectedProcessed()V+63
j  javafx.scene.Scene$DnDGesture.process(Ljavafx/scene/input/MouseEvent;Ljavafx/event/EventTarget;)Z+69
j  javafx.scene.Scene$DnDGesture.access$8700(Ljavafx/scene/Scene$DnDGesture;Ljavafx/scene/input/MouseEvent;Ljavafx/event/EventTarget;)Z+3
j  javafx.scene.Scene$MouseHandler.process(Ljavafx/scene/input/MouseEvent;Z)V+482
j  javafx.scene.Scene$MouseHandler.process(Ljavafx/scene/input/MouseEvent;)V+3
j  javafx.scene.Scene$MouseHandler.access$1900(Ljavafx/scene/Scene$MouseHandler;Ljavafx/scene/input/MouseEvent;)V+2
j  javafx.scene.Scene.impl_processMouseEvent(Ljavafx/scene/input/MouseEvent;)V+16
j  javafx.scene.Scene$ScenePeerListener.mouseEvent(Ljava/lang/Object;)V+11
j  com.sun.javafx.tk.quantum.GlassViewEventHandler$MouseEventNotification.run()Ljava/lang/Void;+329
j  com.sun.javafx.tk.quantum.GlassViewEventHandler$MouseEventNotification.run()Ljava/lang/Object;+1
v  ~StubRoutines::call_stub
j  java.security.AccessController.doPrivileged(Ljava/security/PrivilegedAction;Ljava/security/AccessControlContext;)Ljava/lang/Object;+0
j  com.sun.javafx.tk.quantum.GlassViewEventHandler.handleMouseEvent(Lcom/sun/glass/ui/View;JIIIIIIIIZZ)V+117
j  com.sun.glass.ui.View.handleMouseEvent(JIIIIIIIIZZ)V+38
j  com.sun.glass.ui.View.notifyMouse(IIIIIIIZZ)V+184
v  ~StubRoutines::call_stub
j  com.sun.glass.ui.gtk.GtkApplication._runLoop([Ljava/lang/String;Lcom/sun/glass/ui/Launchable;Z)V+0
j  com.sun.glass.ui.gtk.GtkApplication$3$1.run()V+38
j  java.lang.Thread.run()V+11
v  ~StubRoutines::call_stub

---------------  P R O C E S S  ---------------

Java Threads: ( => current thread )
  0x00007f99180a2000 JavaThread "Java2D Disposer" daemon [_thread_blocked, id=4039, stack(0x00007f99062c2000,0x00007f99063c3000)]
  0x00007f98f43e0000 JavaThread "FX Access Thread (Visual Debugger)" daemon [_thread_blocked, id=4038, stack(0x00007f99068eb000,0x00007f99069ec000)]
  0x00007f98f4351000 JavaThread "Prism Font Disposer" daemon [_thread_blocked, id=4037, stack(0x00007f99069ec000,0x00007f9906aed000)]
=>0x00007f991416e000 JavaThread "JavaFX Application Thread" [_thread_in_native, id=4036, stack(0x00007f991008a000,0x00007f991018b000)]
  0x00007f991416f000 JavaThread "Thread-3" daemon [_thread_blocked, id=4035, stack(0x00007f99500e3000,0x00007f99501e4000)]
  0x00007f9914060800 JavaThread "Disposer" daemon [_thread_blocked, id=4032, stack(0x00007f9952be1000,0x00007f9952ce2000)]
  0x00007f991405e800 JavaThread "QuantumRenderer-0" daemon [_thread_blocked, id=4031, stack(0x00007f995a27d000,0x00007f995a37e000)]
  0x00007f996c1e7000 JavaThread "JavaFX-Launcher" [_thread_blocked, id=4030, stack(0x00007f995a432000,0x00007f995a533000)]
  0x00007f996c19c000 JavaThread "traceMsgQueueThread" daemon [_thread_blocked, id=4029, stack(0x00007f995a762000,0x00007f995a863000)]
  0x00007f996c103800 JavaThread "Service Thread" daemon [_thread_blocked, id=4027, stack(0x00007f995a964000,0x00007f995aa65000)]
  0x00007f996c101000 JavaThread "C2 CompilerThread1" daemon [_thread_in_native, id=4026, stack(0x00007f995aa65000,0x00007f995ab66000)]
  0x00007f996c0fe000 JavaThread "C2 CompilerThread0" daemon [_thread_in_native, id=4025, stack(0x00007f995ab66000,0x00007f995ac67000)]
  0x00007f9934001000 JavaThread "JDWP Command Reader" daemon [_thread_in_native, id=4020, stack(0x00007f995ac67000,0x00007f995ad68000)]
  0x00007f996c0fc000 JavaThread "JDWP Event Helper Thread" daemon [_thread_blocked, id=4019, stack(0x00007f995ad68000,0x00007f995ae69000)]
  0x00007f996c0f8800 JavaThread "JDWP Transport Listener: dt_socket" daemon [_thread_blocked, id=4016, stack(0x00007f995ae69000,0x00007f995af6a000)]
  0x00007f996c0eb800 JavaThread "Signal Dispatcher" daemon [_thread_blocked, id=4015, stack(0x00007f995b16e000,0x00007f995b26f000)]
  0x00007f996c09e800 JavaThread "Finalizer" daemon [_thread_blocked, id=4014, stack(0x00007f995b26f000,0x00007f995b370000)]
  0x00007f996c09c000 JavaThread "Reference Handler" daemon [_thread_blocked, id=4013, stack(0x00007f995b370000,0x00007f995b471000)]
  0x00007f996c00b800 JavaThread "main" [_thread_blocked, id=4007, stack(0x00007f9973515000,0x00007f9973616000)]

Other Threads:
  0x00007f996c094800 VMThread [stack: 0x00007f995b471000,0x00007f995b572000] [id=4012]
  0x00007f996c10e000 WatcherThread [stack: 0x00007f995a863000,0x00007f995a964000] [id=4028]

VM state:not at safepoint (normal execution)

VM Mutex/Monitor currently owned by a thread:  ([mutex/lock_event])
[0x00007f996c006cc0] CodeCache_lock - owner thread: 0x0000000000000000

Heap
 PSYoungGen      total 27328K, used 22260K [0x00000000e1760000, 0x00000000e35e0000, 0x0000000100000000)
  eden space 23424K, 80% used [0x00000000e1760000,0x00000000e29e2928,0x00000000e2e40000)
  from space 3904K, 84% used [0x00000000e2e40000,0x00000000e317a718,0x00000000e3210000)
  to   space 3904K, 0% used [0x00000000e3210000,0x00000000e3210000,0x00000000e35e0000)
 ParOldGen       total 62528K, used 8K [0x00000000a4600000, 0x00000000a8310000, 0x00000000e1760000)
  object space 62528K, 0% used [0x00000000a4600000,0x00000000a4602000,0x00000000a8310000)
 PSPermGen       total 21248K, used 18899K [0x000000009f400000, 0x00000000a08c0000, 0x00000000a4600000)
  object space 21248K, 88% used [0x000000009f400000,0x00000000a0674e40,0x00000000a08c0000)

Card table byte_map: [0x00007f9968ade000,0x00007f9968de5000] byte_map_base: 0x00007f99685e4000

Polling page: 0x00007f9973636000

Code Cache  [0x00007f9968de5000, 0x00007f9969055000, 0x00007f996bde5000)
 total_blobs=768 nmethods=189 adapters=539 free_code_cache=47954Kb largest_free_block=49060480

Compilation events (10 events):
Event: 7,008 Thread 0x00007f996c0fe000 nmethod 187 0x00007f9968f0de50 code [0x00007f9968f0df80, 0x00007f9968f0dfd8]
Event: 7,008 Thread 0x00007f996c101000 nmethod 186 0x00007f9968f0dc50 code [0x00007f9968f0dd80, 0x00007f9968f0ddd8]
Event: 7,087 Thread 0x00007f996c0fe000  188             com.sun.javafx.TempState::getInstance (10 bytes)
Event: 7,090 Thread 0x00007f996c0fe000 nmethod 188 0x00007f9968f0a6d0 code [0x00007f9968f0a840, 0x00007f9968f0aa18]
Event: 7,136 Thread 0x00007f996c101000  189             javafx.scene.Node::getScene (22 bytes)
Event: 7,137 Thread 0x00007f996c101000 nmethod 189 0x00007f9968f0d950 code [0x00007f9968f0daa0, 0x00007f9968f0db78]
Event: 7,512 Thread 0x00007f996c0fe000  190             javafx.beans.property.DoublePropertyBase::get (29 bytes)
Event: 7,513 Thread 0x00007f996c0fe000 nmethod 190 0x00007f9968f0a250 code [0x00007f9968f0a3a0, 0x00007f9968f0a438]
Event: 7,514 Thread 0x00007f996c0fe000  192             com.sun.javafx.event.EventHandlerManager::dispatchCapturingEvent (34 bytes)
Event: 7,514 Thread 0x00007f996c101000  191             com.sun.javafx.event.EventHandlerManager::dispatchCapturingEvent (23 bytes)

GC Heap History (2 events):
Event: 1,193 GC heap before
{Heap before GC invocations=1 (full 0):
 PSYoungGen      total 27328K, used 23424K [0x00000000e1760000, 0x00000000e35e0000, 0x0000000100000000)
  eden space 23424K, 100% used [0x00000000e1760000,0x00000000e2e40000,0x00000000e2e40000)
  from space 3904K, 0% used [0x00000000e3210000,0x00000000e3210000,0x00000000e35e0000)
  to   space 3904K, 0% used [0x00000000e2e40000,0x00000000e2e40000,0x00000000e3210000)
 ParOldGen       total 62528K, used 0K [0x00000000a4600000, 0x00000000a8310000, 0x00000000e1760000)
  object space 62528K, 0% used [0x00000000a4600000,0x00000000a4600000,0x00000000a8310000)
 PSPermGen       total 21248K, used 12010K [0x000000009f400000, 0x00000000a08c0000, 0x00000000a4600000)
  object space 21248K, 56% used [0x000000009f400000,0x000000009ffbaa30,0x00000000a08c0000)
Event: 1,199 GC heap after
Heap after GC invocations=1 (full 0):
 PSYoungGen      total 27328K, used 3305K [0x00000000e1760000, 0x00000000e35e0000, 0x0000000100000000)
  eden space 23424K, 0% used [0x00000000e1760000,0x00000000e1760000,0x00000000e2e40000)
  from space 3904K, 84% used [0x00000000e2e40000,0x00000000e317a718,0x00000000e3210000)
  to   space 3904K, 0% used [0x00000000e3210000,0x00000000e3210000,0x00000000e35e0000)
 ParOldGen       total 62528K, used 8K [0x00000000a4600000, 0x00000000a8310000, 0x00000000e1760000)
  object space 62528K, 0% used [0x00000000a4600000,0x00000000a4602000,0x00000000a8310000)
 PSPermGen       total 21248K, used 12010K [0x000000009f400000, 0x00000000a08c0000, 0x00000000a4600000)
  object space 21248K, 56% used [0x000000009f400000,0x000000009ffbaa30,0x00000000a08c0000)
}

Deoptimization events (10 events):
Event: 1,865 Thread 0x00007f991416e000 Uncommon trap -58 fr.pc 0x00007f9968e91c54
Event: 1,948 Thread 0x00007f991416e000 Uncommon trap -12 fr.pc 0x00007f9968e9c300
Event: 2,022 Thread 0x00007f991416e000 Uncommon trap -58 fr.pc 0x00007f9968e9b354
Event: 2,025 Thread 0x00007f991416e000 Uncommon trap -58 fr.pc 0x00007f9968e9b354
Event: 2,029 Thread 0x00007f991416e000 Uncommon trap -58 fr.pc 0x00007f9968e9b354
Event: 2,032 Thread 0x00007f991416e000 Uncommon trap -58 fr.pc 0x00007f9968e9b354
Event: 2,172 Thread 0x00007f991416e000 Uncommon trap -34 fr.pc 0x00007f9968e95d84
Event: 2,172 Thread 0x00007f991416e000 Uncommon trap -34 fr.pc 0x00007f9968e95d84
Event: 2,659 Thread 0x00007f991405e800 Uncommon trap -58 fr.pc 0x00007f9968e91c54
Event: 7,505 Thread 0x00007f991416e000 Uncommon trap -83 fr.pc 0x00007f9968e658ac

Internal exceptions (10 events):
Event: 1,865 Thread 0x00007f991416e000 Threw 0x00000000e1e2e4a0 at /HUDSON/workspace/jdk7u25-2-build-linux-amd64-product/jdk7u25/hotspot/src/share/vm/prims/jvm.cpp:1235
Event: 1,948 Thread 0x00007f991416e000 Implicit null exception at 0x00007f9968e9c23b to 0x00007f9968e9c2f1
Event: 2,660 Thread 0x00007f991405e800 Threw 0x00000000e2140e88 at /HUDSON/workspace/jdk7u25-2-build-linux-amd64-product/jdk7u25/hotspot/src/share/vm/prims/jvm.cpp:1235
Event: 2,660 Thread 0x00007f991405e800 Threw 0x00000000e2141950 at /HUDSON/workspace/jdk7u25-2-build-linux-amd64-product/jdk7u25/hotspot/src/share/vm/prims/jvm.cpp:1235
Event: 2,660 Thread 0x00007f991405e800 Threw 0x00000000e2143618 at /HUDSON/workspace/jdk7u25-2-build-linux-amd64-product/jdk7u25/hotspot/src/share/vm/prims/jni.cpp:716
Event: 2,660 Thread 0x00007f991405e800 Threw 0x00000000e2144040 at /HUDSON/workspace/jdk7u25-2-build-linux-amd64-product/jdk7u25/hotspot/src/share/vm/prims/jni.cpp:716
Event: 2,662 Thread 0x00007f991405e800 Threw 0x00000000e21466a0 at /HUDSON/workspace/jdk7u25-2-build-linux-amd64-product/jdk7u25/hotspot/src/share/vm/prims/jvm.cpp:1235
Event: 2,662 Thread 0x00007f991405e800 Threw 0x00000000e2147380 at /HUDSON/workspace/jdk7u25-2-build-linux-amd64-product/jdk7u25/hotspot/src/share/vm/prims/jvm.cpp:1235
Event: 2,714 Thread 0x00007f991405e800 Threw 0x00000000e21ce338 at /HUDSON/workspace/jdk7u25-2-build-linux-amd64-product/jdk7u25/hotspot/src/share/vm/prims/jvm.cpp:1235
Event: 7,505 Thread 0x00007f991416e000 Implicit null exception at 0x00007f9968e65426 to 0x00007f9968e65895

Events (10 events):
Event: 7,503 loading class 0x00007f98f4346840
Event: 7,503 loading class 0x00007f98f4346840 done
Event: 7,504 loading class 0x00007f98f4344b80
Event: 7,504 loading class 0x00007f98f4344b80 done
Event: 7,504 loading class 0x00007f98f4344980
Event: 7,504 loading class 0x00007f98f4344980 done
Event: 7,505 Thread 0x00007f991416e000 DEOPT PACKING pc=0x00007f9968e658ac sp=0x00007f9910186100
Event: 7,505 Thread 0x00007f991416e000 DEOPT UNPACKING pc=0x00007f9968e1e145 sp=0x00007f99101860f0 mode 2
Event: 7,507 Executing VM operation: GetOrSetLocal
Event: 7,507 Executing VM operation: GetOrSetLocal done


Dynamic libraries:
00400000-00401000 r-xp 00000000 08:05 2757878                            /usr/local/java/jdk1.7.0_25/jre/bin/java
00600000-00601000 rw-p 00000000 08:05 2757878                            /usr/local/java/jdk1.7.0_25/jre/bin/java
01a67000-01a88000 rw-p 00000000 00:00 0                                  [heap]
9f400000-a08c0000 rw-p 00000000 00:00 0 
a08c0000-a4600000 rw-p 00000000 00:00 0 
a4600000-a8310000 rw-p 00000000 00:00 0 
a8310000-e1760000 rw-p 00000000 00:00 0 
e1760000-e35e0000 rw-p 00000000 00:00 0 
e35e0000-100000000 rw-p 00000000 00:00 0 
7f98ec000000-7f98ec021000 rw-p 00000000 00:00 0 
7f98ec021000-7f98f0000000 ---p 00000000 00:00 0 
7f98f0000000-7f98f0021000 rw-p 00000000 00:00 0 
7f98f0021000-7f98f4000000 ---p 00000000 00:00 0 
7f98f4000000-7f98f43f9000 rw-p 00000000 00:00 0 
7f98f43f9000-7f98f8000000 ---p 00000000 00:00 0 
7f98f8000000-7f98f8021000 rw-p 00000000 00:00 0 
7f98f8021000-7f98fc000000 ---p 00000000 00:00 0 
7f98fc000000-7f98fc021000 rw-p 00000000 00:00 0 
7f98fc021000-7f9900000000 ---p 00000000 00:00 0 
7f9900000000-7f9900022000 rw-p 00000000 00:00 0 
7f9900022000-7f9904000000 ---p 00000000 00:00 0 
7f990577c000-7f99057e4000 r-xp 00000000 08:05 2757821                    /usr/local/java/jdk1.7.0_25/jre/lib/amd64/libt2k.so
7f99057e4000-7f99059e3000 ---p 00068000 08:05 2757821                    /usr/local/java/jdk1.7.0_25/jre/lib/amd64/libt2k.so
7f99059e3000-7f99059ea000 rw-p 00067000 08:05 2757821                    /usr/local/java/jdk1.7.0_25/jre/lib/amd64/libt2k.so
7f99059ea000-7f99059fa000 rw-p 00000000 00:00 0 
7f99059fa000-7f9905a0a000 r-xp 00000000 08:05 2757856                    /usr/local/java/jdk1.7.0_25/jre/lib/amd64/libnio.so
7f9905a0a000-7f9905c0a000 ---p 00010000 08:05 2757856                    /usr/local/java/jdk1.7.0_25/jre/lib/amd64/libnio.so
7f9905c0a000-7f9905c0b000 rw-p 00010000 08:05 2757856                    /usr/local/java/jdk1.7.0_25/jre/lib/amd64/libnio.so
7f9905c0b000-7f9905c20000 r-xp 00000000 08:05 2757806                    /usr/local/java/jdk1.7.0_25/jre/lib/amd64/libnet.so
7f9905c20000-7f9905e20000 ---p 00015000 08:05 2757806                    /usr/local/java/jdk1.7.0_25/jre/lib/amd64/libnet.so
7f9905e20000-7f9905e21000 rw-p 00015000 08:05 2757806                    /usr/local/java/jdk1.7.0_25/jre/lib/amd64/libnet.so
7f9905e21000-7f9905e81000 r-xp 00000000 08:05 2757849                    /usr/local/java/jdk1.7.0_25/jre/lib/amd64/libfontmanager.so
7f9905e81000-7f9906080000 ---p 00060000 08:05 2757849                    /usr/local/java/jdk1.7.0_25/jre/lib/amd64/libfontmanager.so
7f9906080000-7f9906084000 rw-p 0005f000 08:05 2757849                    /usr/local/java/jdk1.7.0_25/jre/lib/amd64/libfontmanager.so
7f9906084000-7f9906095000 rw-p 00000000 00:00 0 
7f9906095000-7f99060bf000 r-xp 00000000 08:05 2757844                    /usr/local/java/jdk1.7.0_25/jre/lib/amd64/libdcpr.so
7f99060bf000-7f99062bf000 ---p 0002a000 08:05 2757844                    /usr/local/java/jdk1.7.0_25/jre/lib/amd64/libdcpr.so
7f99062bf000-7f99062c2000 rw-p 0002a000 08:05 2757844                    /usr/local/java/jdk1.7.0_25/jre/lib/amd64/libdcpr.so
7f99062c2000-7f99062c5000 ---p 00000000 00:00 0 
7f99062c5000-7f99063c3000 rw-p 00000000 00:00 0                          [stack:4039]
7f99063c3000-7f9906413000 r-xp 00000000 08:05 2757859                    /usr/local/java/jdk1.7.0_25/jre/lib/amd64/xawt/libmawt.so
7f9906413000-7f9906613000 ---p 00050000 08:05 2757859                    /usr/local/java/jdk1.7.0_25/jre/lib/amd64/xawt/libmawt.so
7f9906613000-7f9906617000 rw-p 00050000 08:05 2757859                    /usr/local/java/jdk1.7.0_25/jre/lib/amd64/xawt/libmawt.so
7f9906617000-7f9906618000 rw-p 00000000 00:00 0 
7f9906618000-7f99066bb000 r-xp 00000000 08:05 2757814                    /usr/local/java/jdk1.7.0_25/jre/lib/amd64/libawt.so
7f99066bb000-7f99068bb000 ---p 000a3000 08:05 2757814                    /usr/local/java/jdk1.7.0_25/jre/lib/amd64/libawt.so
7f99068bb000-7f99068c7000 rw-p 000a3000 08:05 2757814                    /usr/local/java/jdk1.7.0_25/jre/lib/amd64/libawt.so
7f99068c7000-7f99068eb000 rw-p 00000000 00:00 0 
7f99068eb000-7f99068ee000 ---p 00000000 00:00 0 
7f99068ee000-7f99069ec000 rw-p 00000000 00:00 0                          [stack:4038]
7f99069ec000-7f99069ef000 ---p 00000000 00:00 0 
7f99069ef000-7f9906aed000 rw-p 00000000 00:00 0                          [stack:4037]
7f9906aed000-7f9906b44000 r-xp 00000000 08:05 2757812                    /usr/local/java/jdk1.7.0_25/jre/lib/amd64/libjavafx-font.so
7f9906b44000-7f9906d44000 ---p 00057000 08:05 2757812                    /usr/local/java/jdk1.7.0_25/jre/lib/amd64/libjavafx-font.so
7f9906d44000-7f9906d49000 r--p 00057000 08:05 2757812                    /usr/local/java/jdk1.7.0_25/jre/lib/amd64/libjavafx-font.so
7f9906d49000-7f9906d4a000 rw-p 0005c000 08:05 2757812                    /usr/local/java/jdk1.7.0_25/jre/lib/amd64/libjavafx-font.so
7f9906d4a000-7f9906d4b000 rw-p 00000000 00:00 0 
7f9906d4b000-7f9906d51000 r-xp 00000000 08:05 4333366                    /usr/lib/x86_64-linux-gnu/libogg.so.0.7.1
7f9906d51000-7f9906f50000 ---p 00006000 08:05 4333366                    /usr/lib/x86_64-linux-gnu/libogg.so.0.7.1
7f9906f50000-7f9906f51000 r--p 00005000 08:05 4333366                    /usr/lib/x86_64-linux-gnu/libogg.so.0.7.1
7f9906f51000-7f9906f52000 rw-p 00006000 08:05 4333366                    /usr/lib/x86_64-linux-gnu/libogg.so.0.7.1
7f9906f52000-7f9906f7d000 r-xp 00000000 08:05 4333516                    /usr/lib/x86_64-linux-gnu/libvorbis.so.0.4.5
7f9906f7d000-7f990717c000 ---p 0002b000 08:05 4333516                    /usr/lib/x86_64-linux-gnu/libvorbis.so.0.4.5
7f990717c000-7f990717d000 r--p 0002a000 08:05 4333516                    /usr/lib/x86_64-linux-gnu/libvorbis.so.0.4.5
7f990717d000-7f990717e000 rw-p 0002b000 08:05 4333516                    /usr/lib/x86_64-linux-gnu/libvorbis.so.0.4.5
7f990717e000-7f9907186000 r-xp 00000000 08:05 4333323                    /usr/lib/x86_64-linux-gnu/libltdl.so.7.3.0
7f9907186000-7f9907386000 ---p 00008000 08:05 4333323                    /usr/lib/x86_64-linux-gnu/libltdl.so.7.3.0
7f9907386000-7f9907387000 r--p 00008000 08:05 4333323                    /usr/lib/x86_64-linux-gnu/libltdl.so.7.3.0
7f9907387000-7f9907388000 rw-p 00009000 08:05 4333323                    /usr/lib/x86_64-linux-gnu/libltdl.so.7.3.0
7f9907388000-7f9907398000 r-xp 00000000 08:05 4333491                    /usr/lib/x86_64-linux-gnu/libtdb.so.1.2.9
7f9907398000-7f9907597000 ---p 00010000 08:05 4333491                    /usr/lib/x86_64-linux-gnu/libtdb.so.1.2.9
7f9907597000-7f9907598000 r--p 0000f000 08:05 4333491                    /usr/lib/x86_64-linux-gnu/libtdb.so.1.2.9
7f9907598000-7f9907599000 rw-p 00010000 08:05 4333491                    /usr/lib/x86_64-linux-gnu/libtdb.so.1.2.9
7f9907599000-7f99075a0000 r-xp 00000000 08:05 4333520                    /usr/lib/x86_64-linux-gnu/libvorbisfile.so.3.3.4
7f99075a0000-7f990779f000 ---p 00007000 08:05 4333520                    /usr/lib/x86_64-linux-gnu/libvorbisfile.so.3.3.4
7f990779f000-7f99077a0000 r--p 00006000 08:05 4333520                    /usr/lib/x86_64-linux-gnu/libvorbisfile.so.3.3.4
7f99077a0000-7f99077a1000 rw-p 00007000 08:05 4333520                    /usr/lib/x86_64-linux-gnu/libvorbisfile.so.3.3.4
7f99077a1000-7f99077b0000 r-xp 00000000 08:05 4333049                    /usr/lib/x86_64-linux-gnu/libcanberra.so.0.2.5
7f99077b0000-7f99079af000 ---p 0000f000 08:05 4333049                    /usr/lib/x86_64-linux-gnu/libcanberra.so.0.2.5
7f99079af000-7f99079b0000 r--p 0000e000 08:05 4333049                    /usr/lib/x86_64-linux-gnu/libcanberra.so.0.2.5
7f99079b0000-7f99079b1000 rw-p 0000f000 08:05 4333049                    /usr/lib/x86_64-linux-gnu/libcanberra.so.0.2.5
7f99079b1000-7f99079b5000 r-xp 00000000 08:05 4333045                    /usr/lib/x86_64-linux-gnu/libcanberra-gtk.so.0.1.8
7f99079b5000-7f9907bb4000 ---p 00004000 08:05 4333045                    /usr/lib/x86_64-linux-gnu/libcanberra-gtk.so.0.1.8
7f9907bb4000-7f9907bb5000 r--p 00003000 08:05 4333045                    /usr/lib/x86_64-linux-gnu/libcanberra-gtk.so.0.1.8
7f9907bb5000-7f9907bb6000 rw-p 00004000 08:05 4333045                    /usr/lib/x86_64-linux-gnu/libcanberra-gtk.so.0.1.8
7f9907bb6000-7f9907bbb000 r-xp 00000000 08:05 4588851                    /usr/lib/x86_64-linux-gnu/gtk-2.0/modules/libcanberra-gtk-module.so
7f9907bbb000-7f9907dba000 ---p 00005000 08:05 4588851                    /usr/lib/x86_64-linux-gnu/gtk-2.0/modules/libcanberra-gtk-module.so
7f9907dba000-7f9907dbb000 r--p 00004000 08:05 4588851                    /usr/lib/x86_64-linux-gnu/gtk-2.0/modules/libcanberra-gtk-module.so
7f9907dbb000-7f9907dbc000 rw-p 00005000 08:05 4588851                    /usr/lib/x86_64-linux-gnu/gtk-2.0/modules/libcanberra-gtk-module.so
7f9907dbc000-7f9907dfe000 r-xp 00000000 08:05 2890176                    /lib/x86_64-linux-gnu/libdbus-1.so.3.5.8
7f9907dfe000-7f9907ffe000 ---p 00042000 08:05 2890176                    /lib/x86_64-linux-gnu/libdbus-1.so.3.5.8
7f9907ffe000-7f9907fff000 r--p 00042000 08:05 2890176                    /lib/x86_64-linux-gnu/libdbus-1.so.3.5.8
7f9907fff000-7f9908000000 rw-p 00043000 08:05 2890176                    /lib/x86_64-linux-gnu/libdbus-1.so.3.5.8
7f9908000000-7f9908022000 rw-p 00000000 00:00 0 
7f9908022000-7f990c000000 ---p 00000000 00:00 0 
7f990c000000-7f990c021000 rw-p 00000000 00:00 0 
7f990c021000-7f9910000000 ---p 00000000 00:00 0 
7f991008a000-7f991008d000 ---p 00000000 00:00 0 
7f991008d000-7f991018b000 rw-p 00000000 00:00 0                          [stack:4036]
7f991018b000-7f99101ac000 r-xp 00000000 08:05 4333007                    /usr/lib/x86_64-linux-gnu/libatspi.so.0.0.1
7f99101ac000-7f99103ab000 ---p 00021000 08:05 4333007                    /usr/lib/x86_64-linux-gnu/libatspi.so.0.0.1
7f99103ab000-7f99103ad000 r--p 00020000 08:05 4333007                    /usr/lib/x86_64-linux-gnu/libatspi.so.0.0.1
7f99103ad000-7f99103ae000 rw-p 00022000 08:05 4333007                    /usr/lib/x86_64-linux-gnu/libatspi.so.0.0.1
7f99103ae000-7f99103d7000 r-xp 00000000 08:05 4588850                    /usr/lib/x86_64-linux-gnu/gtk-2.0/modules/libatk-bridge.so
7f99103d7000-7f99105d7000 ---p 00029000 08:05 4588850                    /usr/lib/x86_64-linux-gnu/gtk-2.0/modules/libatk-bridge.so
7f99105d7000-7f99105d8000 r--p 00029000 08:05 4588850                    /usr/lib/x86_64-linux-gnu/gtk-2.0/modules/libatk-bridge.so
7f99105d8000-7f99105d9000 rw-p 0002a000 08:05 4588850                    /usr/lib/x86_64-linux-gnu/gtk-2.0/modules/libatk-bridge.so
7f99105d9000-7f99105da000 rw-p 00000000 00:00 0 
7f99105da000-7f99105e1000 r-xp 00000000 08:05 4333148                    /usr/lib/x86_64-linux-gnu/libgailutil.so.18.0.1
7f99105e1000-7f99107e0000 ---p 00007000 08:05 4333148                    /usr/lib/x86_64-linux-gnu/libgailutil.so.18.0.1
7f99107e0000-7f99107e1000 r--p 00006000 08:05 4333148                    /usr/lib/x86_64-linux-gnu/libgailutil.so.18.0.1
7f99107e1000-7f99107e2000 rw-p 00007000 08:05 4333148                    /usr/lib/x86_64-linux-gnu/libgailutil.so.18.0.1
7f99107e2000-7f991082d000 r-xp 00000000 08:05 4588853                    /usr/lib/x86_64-linux-gnu/gtk-2.0/modules/libgail.so
7f991082d000-7f9910a2d000 ---p 0004b000 08:05 4588853                    /usr/lib/x86_64-linux-gnu/gtk-2.0/modules/libgail.so
7f9910a2d000-7f9910a2e000 r--p 0004b000 08:05 4588853                    /usr/lib/x86_64-linux-gnu/gtk-2.0/modules/libgail.so
7f9910a2e000-7f9910a30000 rw-p 0004c000 08:05 4588853                    /usr/lib/x86_64-linux-gnu/gtk-2.0/modules/libgail.so
7f9910a30000-7f9910a5f000 r-xp 00000000 08:05 4588829                    /usr/lib/x86_64-linux-gnu/gtk-2.0/2.10.0/engines/libmurrine.so
7f9910a5f000-7f9910c5f000 ---p 0002f000 08:05 4588829                    /usr/lib/x86_64-linux-gnu/gtk-2.0/2.10.0/engines/libmurrine.so
7f9910c5f000-7f9910c60000 r--p 0002f000 08:05 4588829                    /usr/lib/x86_64-linux-gnu/gtk-2.0/2.10.0/engines/libmurrine.so
7f9910c60000-7f9910c61000 rw-p 00030000 08:05 4588829                    /usr/lib/x86_64-linux-gnu/gtk-2.0/2.10.0/engines/libmurrine.so
7f9910c61000-7f9910c62000 ---p 00000000 00:00 0 
7f9910c62000-7f9911462000 rw-p 00000000 00:00 0                          [stack:4034]
7f9911462000-7f9911463000 ---p 00000000 00:00 0 
7f9911463000-7f9911c63000 rw-p 00000000 00:00 0                          [stack:4033]
7f9911c63000-7f9911c6a000 r-xp 00000000 08:05 4588691                    /usr/lib/x86_64-linux-gnu/gio/modules/libdconfsettings.so
7f9911c6a000-7f9911e69000 ---p 00007000 08:05 4588691                    /usr/lib/x86_64-linux-gnu/gio/modules/libdconfsettings.so
7f9911e69000-7f9911e6a000 r--p 00006000 08:05 4588691                    /usr/lib/x86_64-linux-gnu/gio/modules/libdconfsettings.so
7f9911e6a000-7f9911e6b000 rw-p 00007000 08:05 4588691                    /usr/lib/x86_64-linux-gnu/gio/modules/libdconfsettings.so
7f9911e6b000-7f9911e7b000 r-xp 00000000 08:05 4328449                    /usr/lib/liboverlay-scrollbar-0.2.so.0.0.16
7f9911e7b000-7f991207a000 ---p 00010000 08:05 4328449                    /usr/lib/liboverlay-scrollbar-0.2.so.0.0.16
7f991207a000-7f991207b000 r--p 0000f000 08:05 4328449                    /usr/lib/liboverlay-scrollbar-0.2.so.0.0.16
7f991207b000-7f991207c000 rw-p 00010000 08:05 4328449                    /usr/lib/liboverlay-scrollbar-0.2.so.0.0.16
7f991207c000-7f99120b8000 r-xp 00000000 08:05 2887332                    /lib/x86_64-linux-gnu/libpcre.so.3.12.1
7f99120b8000-7f99122b7000 ---p 0003c000 08:05 2887332                    /lib/x86_64-linux-gnu/libpcre.so.3.12.1
7f99122b7000-7f99122b8000 r--p 0003b000 08:05 2887332                    /lib/x86_64-linux-gnu/libpcre.so.3.12.1
7f99122b8000-7f99122b9000 rw-p 0003c000 08:05 2887332                    /lib/x86_64-linux-gnu/libpcre.so.3.12.1
7f99122b9000-7f99122c0000 r-xp 00000000 08:05 4333133                    /usr/lib/x86_64-linux-gnu/libffi.so.6.0.0
7f99122c0000-7f99124bf000 ---p 00007000 08:05 4333133                    /usr/lib/x86_64-linux-gnu/libffi.so.6.0.0
7f99124bf000-7f99124c0000 r--p 00006000 08:05 4333133                    /usr/lib/x86_64-linux-gnu/libffi.so.6.0.0
7f99124c0000-7f99124c1000 rw-p 00007000 08:05 4333133                    /usr/lib/x86_64-linux-gnu/libffi.so.6.0.0
7f99124c1000-7f99124c9000 r-xp 00000000 08:05 4339066                    /usr/lib/x86_64-linux-gnu/libxcb-render.so.0.0.0
7f99124c9000-7f99126c9000 ---p 00008000 08:05 4339066                    /usr/lib/x86_64-linux-gnu/libxcb-render.so.0.0.0
7f99126c9000-7f99126ca000 r--p 00008000 08:05 4339066                    /usr/lib/x86_64-linux-gnu/libxcb-render.so.0.0.0
7f99126ca000-7f99126cb000 rw-p 00009000 08:05 4339066                    /usr/lib/x86_64-linux-gnu/libxcb-render.so.0.0.0
7f99126cb000-7f99126cd000 r-xp 00000000 08:05 4339068                    /usr/lib/x86_64-linux-gnu/libxcb-shm.so.0.0.0
7f99126cd000-7f99128cc000 ---p 00002000 08:05 4339068                    /usr/lib/x86_64-linux-gnu/libxcb-shm.so.0.0.0
7f99128cc000-7f99128cd000 r--p 00001000 08:05 4339068                    /usr/lib/x86_64-linux-gnu/libxcb-shm.so.0.0.0
7f99128cd000-7f99128ce000 rw-p 00002000 08:05 4339068                    /usr/lib/x86_64-linux-gnu/libxcb-shm.so.0.0.0
7f99128ce000-7f99128f4000 r-xp 00000000 08:05 2887336                    /lib/x86_64-linux-gnu/libpng12.so.0.46.0
7f99128f4000-7f9912af4000 ---p 00026000 08:05 2887336                    /lib/x86_64-linux-gnu/libpng12.so.0.46.0
7f9912af4000-7f9912af5000 r--p 00026000 08:05 2887336                    /lib/x86_64-linux-gnu/libpng12.so.0.46.0
7f9912af5000-7f9912af6000 rw-p 00027000 08:05 2887336                    /lib/x86_64-linux-gnu/libpng12.so.0.46.0
7f9912af6000-7f9912b86000 r-xp 00000000 08:05 4328883                    /usr/lib/x86_64-linux-gnu/libpixman-1.so.0.30.2
7f9912b86000-7f9912d85000 ---p 00090000 08:05 4328883                    /usr/lib/x86_64-linux-gnu/libpixman-1.so.0.30.2
7f9912d85000-7f9912d8c000 r--p 0008f000 08:05 4328883                    /usr/lib/x86_64-linux-gnu/libpixman-1.so.0.30.2
7f9912d8c000-7f9912d8d000 rw-p 00096000 08:05 4328883                    /usr/lib/x86_64-linux-gnu/libpixman-1.so.0.30.2
7f9912d8d000-7f9912da5000 r-xp 00000000 08:05 2896699                    /lib/x86_64-linux-gnu/libresolv-2.15.so
7f9912da5000-7f9912fa5000 ---p 00018000 08:05 2896699                    /lib/x86_64-linux-gnu/libresolv-2.15.so
7f9912fa5000-7f9912fa6000 r--p 00018000 08:05 2896699                    /lib/x86_64-linux-gnu/libresolv-2.15.so
7f9912fa6000-7f9912fa7000 rw-p 00019000 08:05 2896699                    /lib/x86_64-linux-gnu/libresolv-2.15.so
7f9912fa7000-7f9912fa9000 rw-p 00000000 00:00 0 
7f9912fa9000-7f9912fc6000 r-xp 00000000 08:05 2887347                    /lib/x86_64-linux-gnu/libselinux.so.1
7f9912fc6000-7f99131c5000 ---p 0001d000 08:05 2887347                    /lib/x86_64-linux-gnu/libselinux.so.1
7f99131c5000-7f99131c6000 r--p 0001c000 08:05 2887347                    /lib/x86_64-linux-gnu/libselinux.so.1
7f99131c6000-7f99131c7000 rw-p 0001d000 08:05 2887347                    /lib/x86_64-linux-gnu/libselinux.so.1
7f99131c7000-7f99131c8000 rw-p 00000000 00:00 0 
7f99131c8000-7f99131ca000 r-xp 00000000 08:05 4332945                    /usr/lib/x86_64-linux-gnu/libXcomposite.so.1.0.0
7f99131ca000-7f99133c9000 ---p 00002000 08:05 4332945                    /usr/lib/x86_64-linux-gnu/libXcomposite.so.1.0.0
7f99133c9000-7f99133ca000 r--p 00001000 08:05 4332945                    /usr/lib/x86_64-linux-gnu/libXcomposite.so.1.0.0
7f99133ca000-7f99133cb000 rw-p 00002000 08:05 4332945                    /usr/lib/x86_64-linux-gnu/libXcomposite.so.1.0.0
7f99133cb000-7f99133d4000 r-xp 00000000 08:05 4339239                    /usr/lib/x86_64-linux-gnu/libXcursor.so.1.0.2
7f99133d4000-7f99135d3000 ---p 00009000 08:05 4339239                    /usr/lib/x86_64-linux-gnu/libXcursor.so.1.0.2
7f99135d3000-7f99135d4000 r--p 00008000 08:05 4339239                    /usr/lib/x86_64-linux-gnu/libXcursor.so.1.0.2
7f99135d4000-7f99135d5000 rw-p 00009000 08:05 4339239                    /usr/lib/x86_64-linux-gnu/libXcursor.so.1.0.2
7f99135d5000-7f99135dc000 r-xp 00000000 08:05 4333550                    /usr/lib/x86_64-linux-gnu/libXrandr.so.2.2.0
7f99135dc000-7f99137db000 ---p 00007000 08:05 4333550                    /usr/lib/x86_64-linux-gnu/libXrandr.so.2.2.0
7f99137db000-7f99137dc000 r--p 00006000 08:05 4333550                    /usr/lib/x86_64-linux-gnu/libXrandr.so.2.2.0
7f99137dc000-7f99137dd000 rw-p 00007000 08:05 4333550                    /usr/lib/x86_64-linux-gnu/libXrandr.so.2.2.0
7f99137dd000-7f99137ec000 r-xp 00000000 08:05 4329584                    /usr/lib/x86_64-linux-gnu/libXi.so.6.1.0
7f99137ec000-7f99139eb000 ---p 0000f000 08:05 4329584                    /usr/lib/x86_64-linux-gnu/libXi.so.6.1.0
7f99139eb000-7f99139ec000 r--p 0000e000 08:05 4329584                    /usr/lib/x86_64-linux-gnu/libXi.so.6.1.0
7f99139ec000-7f99139ed000 rw-p 0000f000 08:05 4329584                    /usr/lib/x86_64-linux-gnu/libXi.so.6.1.0
7f99139ed000-7f99139ef000 r-xp 00000000 08:05 4339243                    /usr/lib/x86_64-linux-gnu/libXinerama.so.1.0.0
7f99139ef000-7f9913bee000 ---p 00002000 08:05 4339243                    /usr/lib/x86_64-linux-gnu/libXinerama.so.1.0.0
7f9913bee000-7f9913bef000 r--p 00001000 08:05 4339243                    /usr/lib/x86_64-linux-gnu/libXinerama.so.1.0.0
7f9913bef000-7f9913bf0000 rw-p 00002000 08:05 4339243                    /usr/lib/x86_64-linux-gnu/libXinerama.so.1.0.0
7f9913bf0000-7f9913bf9000 r-xp 00000000 08:05 4339173                    /usr/lib/x86_64-linux-gnu/libXrender.so.1.3.0
7f9913bf9000-7f9913df8000 ---p 00009000 08:05 4339173                    /usr/lib/x86_64-linux-gnu/libXrender.so.1.3.0
7f9913df8000-7f9913df9000 r--p 00008000 08:05 4339173                    /usr/lib/x86_64-linux-gnu/libXrender.so.1.3.0
7f9913df9000-7f9913dfa000 rw-p 00009000 08:05 4339173                    /usr/lib/x86_64-linux-gnu/libXrender.so.1.3.0
7f9913dfa000-7f9913dff000 r-xp 00000000 08:05 4339433                    /usr/lib/x86_64-linux-gnu/libXtst.so.6.1.0
7f9913dff000-7f9913ffe000 ---p 00005000 08:05 4339433                    /usr/lib/x86_64-linux-gnu/libXtst.so.6.1.0
7f9913ffe000-7f9913fff000 r--p 00004000 08:05 4339433                    /usr/lib/x86_64-linux-gnu/libXtst.so.6.1.0
7f9913fff000-7f9914000000 rw-p 00005000 08:05 4339433                    /usr/lib/x86_64-linux-gnu/libXtst.so.6.1.0
7f9914000000-7f9914172000 rw-p 00000000 00:00 0 
7f9914172000-7f9918000000 ---p 00000000 00:00 0 
7f9918000000-7f991824b000 rw-p 00000000 00:00 0 
7f991824b000-7f991c000000 ---p 00000000 00:00 0 
7f991c000000-7f991c021000 rw-p 00000000 00:00 0 
7f991c021000-7f9920000000 ---p 00000000 00:00 0 
7f9920000000-7f9920021000 rw-p 00000000 00:00 0 
7f9920021000-7f9924000000 ---p 00000000 00:00 0 
7f9924000000-7f9924500000 rw-p 00000000 00:00 0 
7f9924500000-7f9928000000 ---p 00000000 00:00 0 
7f9928000000-7f9928021000 rw-p 00000000 00:00 0 
7f9928021000-7f992c000000 ---p 00000000 00:00 0 
7f992c000000-7f992c021000 rw-p 00000000 00:00 0 
7f992c021000-7f9930000000 ---p 00000000 00:00 0 
7f9930000000-7f9930997000 rw-p 00000000 00:00 0 
7f9930997000-7f9934000000 ---p 00000000 00:00 0 
7f9934000000-7f993409d000 rw-p 00000000 00:00 0 
7f993409d000-7f9938000000 ---p 00000000 00:00 0 
7f9938000000-7f9938047000 rw-p 00000000 00:00 0 
7f9938047000-7f993c000000 ---p 00000000 00:00 0 
7f993c000000-7f993c021000 rw-p 00000000 00:00 0 
7f993c021000-7f9940000000 ---p 00000000 00:00 0 
7f9940000000-7f9940021000 rw-p 00000000 00:00 0 
7f9940021000-7f9944000000 ---p 00000000 00:00 0 
7f9944000000-7f9944021000 rw-p 00000000 00:00 0 
7f9944021000-7f9948000000 ---p 00000000 00:00 0 
7f9948000000-7f9948021000 rw-p 00000000 00:00 0 
7f9948021000-7f994c000000 ---p 00000000 00:00 0 
7f994c000000-7f994c021000 rw-p 00000000 00:00 0 
7f994c021000-7f9950000000 ---p 00000000 00:00 0 
7f995009d000-7f99500b6000 r--s 00000000 08:05 134407                     /usr/share/fonts/type1/gsfonts/n021003l.pfb
7f99500b6000-7f99500cd000 r--s 00000000 08:05 134413                     /usr/share/fonts/type1/gsfonts/n021023l.pfb
7f99500cd000-7f99500e3000 r--s 00000000 08:05 134416                     /usr/share/fonts/type1/gsfonts/n021024l.pfb
7f99500e3000-7f99500e6000 ---p 00000000 00:00 0 
7f99500e6000-7f99501e4000 rw-p 00000000 00:00 0                          [stack:4035]
7f99501e4000-7f99502d6000 r-xp 00000000 08:05 2897986                    /lib/x86_64-linux-gnu/libglib-2.0.so.0.3200.4
7f99502d6000-7f99504d6000 ---p 000f2000 08:05 2897986                    /lib/x86_64-linux-gnu/libglib-2.0.so.0.3200.4
7f99504d6000-7f99504d7000 r--p 000f2000 08:05 2897986                    /lib/x86_64-linux-gnu/libglib-2.0.so.0.3200.4
7f99504d7000-7f99504d8000 rw-p 000f3000 08:05 2897986                    /lib/x86_64-linux-gnu/libglib-2.0.so.0.3200.4
7f99504d8000-7f99504d9000 rw-p 00000000 00:00 0 
7f99504d9000-7f99504da000 r-xp 00000000 08:05 4329956                    /usr/lib/x86_64-linux-gnu/libgthread-2.0.so.0.3200.4
7f99504da000-7f99506d9000 ---p 00001000 08:05 4329956                    /usr/lib/x86_64-linux-gnu/libgthread-2.0.so.0.3200.4
7f99506d9000-7f99506da000 r--p 00000000 08:05 4329956                    /usr/lib/x86_64-linux-gnu/libgthread-2.0.so.0.3200.4
7f99506da000-7f99506db000 rw-p 00001000 08:05 4329956                    /usr/lib/x86_64-linux-gnu/libgthread-2.0.so.0.3200.4
7f99506db000-7f99506de000 r-xp 00000000 08:05 4329955                    /usr/lib/x86_64-linux-gnu/libgmodule-2.0.so.0.3200.4
7f99506de000-7f99508dd000 ---p 00003000 08:05 4329955                    /usr/lib/x86_64-linux-gnu/libgmodule-2.0.so.0.3200.4
7f99508dd000-7f99508de000 r--p 00002000 08:05 4329955                    /usr/lib/x86_64-linux-gnu/libgmodule-2.0.so.0.3200.4
7f99508de000-7f99508df000 rw-p 00003000 08:05 4329955                    /usr/lib/x86_64-linux-gnu/libgmodule-2.0.so.0.3200.4
7f99508df000-7f995092c000 r-xp 00000000 08:05 4342092                    /usr/lib/x86_64-linux-gnu/libgobject-2.0.so.0.3200.4
7f995092c000-7f9950b2c000 ---p 0004d000 08:05 4342092                    /usr/lib/x86_64-linux-gnu/libgobject-2.0.so.0.3200.4
7f9950b2c000-7f9950b2d000 r--p 0004d000 08:05 4342092                    /usr/lib/x86_64-linux-gnu/libgobject-2.0.so.0.3200.4
7f9950b2d000-7f9950b2e000 rw-p 0004e000 08:05 4342092                    /usr/lib/x86_64-linux-gnu/libgobject-2.0.so.0.3200.4
7f9950b2e000-7f9950b62000 r-xp 00000000 08:05 4333135                    /usr/lib/x86_64-linux-gnu/libfontconfig.so.1.4.4
7f9950b62000-7f9950d62000 ---p 00034000 08:05 4333135                    /usr/lib/x86_64-linux-gnu/libfontconfig.so.1.4.4
7f9950d62000-7f9950d63000 r--p 00034000 08:05 4333135                    /usr/lib/x86_64-linux-gnu/libfontconfig.so.1.4.4
7f9950d63000-7f9950d64000 rw-p 00035000 08:05 4333135                    /usr/lib/x86_64-linux-gnu/libfontconfig.so.1.4.4
7f9950d64000-7f9950dfa000 r-xp 00000000 08:05 4333143                    /usr/lib/x86_64-linux-gnu/libfreetype.so.6.8.0
7f9950dfa000-7f9950ff9000 ---p 00096000 08:05 4333143                    /usr/lib/x86_64-linux-gnu/libfreetype.so.6.8.0
7f9950ff9000-7f9950fff000 r--p 00095000 08:05 4333143                    /usr/lib/x86_64-linux-gnu/libfreetype.so.6.8.0
7f9950fff000-7f9951000000 rw-p 0009b000 08:05 4333143                    /usr/lib/x86_64-linux-gnu/libfreetype.so.6.8.0
7f9951000000-7f9951046000 r-xp 00000000 08:05 4333378                    /usr/lib/x86_64-linux-gnu/libpango-1.0.so.0.3000.0
7f9951046000-7f9951246000 ---p 00046000 08:05 4333378                    /usr/lib/x86_64-linux-gnu/libpango-1.0.so.0.3000.0
7f9951246000-7f9951248000 r--p 00046000 08:05 4333378                    /usr/lib/x86_64-linux-gnu/libpango-1.0.so.0.3000.0
7f9951248000-7f9951249000 rw-p 00048000 08:05 4333378                    /usr/lib/x86_64-linux-gnu/libpango-1.0.so.0.3000.0
7f9951249000-7f9951302000 r-xp 00000000 08:05 4333041                    /usr/lib/x86_64-linux-gnu/libcairo.so.2.11000.2
7f9951302000-7f9951501000 ---p 000b9000 08:05 4333041                    /usr/lib/x86_64-linux-gnu/libcairo.so.2.11000.2
7f9951501000-7f9951503000 r--p 000b8000 08:05 4333041                    /usr/lib/x86_64-linux-gnu/libcairo.so.2.11000.2
7f9951503000-7f9951504000 rw-p 000ba000 08:05 4333041                    /usr/lib/x86_64-linux-gnu/libcairo.so.2.11000.2
7f9951504000-7f9951507000 rw-p 00000000 00:00 0 
7f9951507000-7f9951512000 r-xp 00000000 08:05 4333380                    /usr/lib/x86_64-linux-gnu/libpangocairo-1.0.so.0.3000.0
7f9951512000-7f9951711000 ---p 0000b000 08:05 4333380                    /usr/lib/x86_64-linux-gnu/libpangocairo-1.0.so.0.3000.0
7f9951711000-7f9951712000 r--p 0000a000 08:05 4333380                    /usr/lib/x86_64-linux-gnu/libpangocairo-1.0.so.0.3000.0
7f9951712000-7f9951713000 rw-p 0000b000 08:05 4333380                    /usr/lib/x86_64-linux-gnu/libpangocairo-1.0.so.0.3000.0
7f9951713000-7f9951731000 r-xp 00000000 08:05 4333164                    /usr/lib/x86_64-linux-gnu/libgdk_pixbuf-2.0.so.0.2600.1
7f9951731000-7f9951931000 ---p 0001e000 08:05 4333164                    /usr/lib/x86_64-linux-gnu/libgdk_pixbuf-2.0.so.0.2600.1
7f9951931000-7f9951932000 r--p 0001e000 08:05 4333164                    /usr/lib/x86_64-linux-gnu/libgdk_pixbuf-2.0.so.0.2600.1
7f9951932000-7f9951933000 rw-p 0001f000 08:05 4333164                    /usr/lib/x86_64-linux-gnu/libgdk_pixbuf-2.0.so.0.2600.1
7f9951933000-7f995195c000 r-xp 00000000 08:05 4333382                    /usr/lib/x86_64-linux-gnu/libpangoft2-1.0.so.0.3000.0
7f995195c000-7f9951b5b000 ---p 00029000 08:05 4333382                    /usr/lib/x86_64-linux-gnu/libpangoft2-1.0.so.0.3000.0
7f9951b5b000-7f9951b5c000 r--p 00028000 08:05 4333382                    /usr/lib/x86_64-linux-gnu/libpangoft2-1.0.so.0.3000.0
7f9951b5c000-7f9951b5d000 rw-p 00029000 08:05 4333382                    /usr/lib/x86_64-linux-gnu/libpangoft2-1.0.so.0.3000.0
7f9951b5d000-7f9951ca5000 r-xp 00000000 08:05 4342086                    /usr/lib/x86_64-linux-gnu/libgio-2.0.so.0.3200.4
7f9951ca5000-7f9951ea4000 ---p 00148000 08:05 4342086                    /usr/lib/x86_64-linux-gnu/libgio-2.0.so.0.3200.4
7f9951ea4000-7f9951ea8000 r--p 00147000 08:05 4342086                    /usr/lib/x86_64-linux-gnu/libgio-2.0.so.0.3200.4
7f9951ea8000-7f9951eaa000 rw-p 0014b000 08:05 4342086                    /usr/lib/x86_64-linux-gnu/libgio-2.0.so.0.3200.4
7f9951eaa000-7f9951eac000 rw-p 00000000 00:00 0 
7f9951eac000-7f9951ecb000 r-xp 00000000 08:05 4333003                    /usr/lib/x86_64-linux-gnu/libatk-1.0.so.0.20409.1
7f9951ecb000-7f99520cb000 ---p 0001f000 08:05 4333003                    /usr/lib/x86_64-linux-gnu/libatk-1.0.so.0.20409.1
7f99520cb000-7f99520cd000 r--p 0001f000 08:05 4333003                    /usr/lib/x86_64-linux-gnu/libatk-1.0.so.0.20409.1
7f99520cd000-7f99520ce000 rw-p 00021000 08:05 4333003                    /usr/lib/x86_64-linux-gnu/libatk-1.0.so.0.20409.1
7f99520ce000-7f995217b000 r-xp 00000000 08:05 4333162                    /usr/lib/x86_64-linux-gnu/libgdk-x11-2.0.so.0.2400.10
7f995217b000-7f995237a000 ---p 000ad000 08:05 4333162                    /usr/lib/x86_64-linux-gnu/libgdk-x11-2.0.so.0.2400.10
7f995237a000-7f995237e000 r--p 000ac000 08:05 4333162                    /usr/lib/x86_64-linux-gnu/libgdk-x11-2.0.so.0.2400.10
7f995237e000-7f9952380000 rw-p 000b0000 08:05 4333162                    /usr/lib/x86_64-linux-gnu/libgdk-x11-2.0.so.0.2400.10
7f9952380000-7f99527ad000 r-xp 00000000 08:05 4333261                    /usr/lib/x86_64-linux-gnu/libgtk-x11-2.0.so.0.2400.10
7f99527ad000-7f99529ad000 ---p 0042d000 08:05 4333261                    /usr/lib/x86_64-linux-gnu/libgtk-x11-2.0.so.0.2400.10
7f99529ad000-7f99529b4000 r--p 0042d000 08:05 4333261                    /usr/lib/x86_64-linux-gnu/libgtk-x11-2.0.so.0.2400.10
7f99529b4000-7f99529b8000 rw-p 00434000 08:05 4333261                    /usr/lib/x86_64-linux-gnu/libgtk-x11-2.0.so.0.2400.10
7f99529b8000-7f99529ba000 rw-p 00000000 00:00 0 
7f99529ba000-7f99529df000 r-xp 00000000 08:05 2757847                    /usr/local/java/jdk1.7.0_25/jre/lib/amd64/libglass.so
7f99529df000-7f9952bdf000 ---p 00025000 08:05 2757847                    /usr/local/java/jdk1.7.0_25/jre/lib/amd64/libglass.so
7f9952bdf000-7f9952be0000 r--p 00025000 08:05 2757847                    /usr/local/java/jdk1.7.0_25/jre/lib/amd64/libglass.so
7f9952be0000-7f9952be1000 rw-p 00026000 08:05 2757847                    /usr/local/java/jdk1.7.0_25/jre/lib/amd64/libglass.so
7f9952be1000-7f9952be4000 ---p 00000000 00:00 0 
7f9952be4000-7f9952ce2000 rw-p 00000000 00:00 0                          [stack:4032]
7f9952ce2000-7f9952cf8000 r-xp 00000000 08:05 2887370                    /lib/x86_64-linux-gnu/libz.so.1.2.3.4
7f9952cf8000-7f9952ef7000 ---p 00016000 08:05 2887370                    /lib/x86_64-linux-gnu/libz.so.1.2.3.4
7f9952ef7000-7f9952ef8000 r--p 00015000 08:05 2887370                    /lib/x86_64-linux-gnu/libz.so.1.2.3.4
7f9952ef8000-7f9952ef9000 rw-p 00016000 08:05 2887370                    /lib/x86_64-linux-gnu/libz.so.1.2.3.4
7f9952ef9000-7f9952f01000 r-xp 00000000 08:05 4325419                    /usr/lib/x86_64-linux-gnu/libpciaccess.so.0.11.0
7f9952f01000-7f9953100000 ---p 00008000 08:05 4325419                    /usr/lib/x86_64-linux-gnu/libpciaccess.so.0.11.0
7f9953100000-7f9953101000 r--p 00007000 08:05 4325419                    /usr/lib/x86_64-linux-gnu/libpciaccess.so.0.11.0
7f9953101000-7f9953102000 rw-p 00008000 08:05 4325419                    /usr/lib/x86_64-linux-gnu/libpciaccess.so.0.11.0
7f9953102000-7f9953117000 r-xp 00000000 08:05 2887280                    /lib/x86_64-linux-gnu/libgcc_s.so.1
7f9953117000-7f9953316000 ---p 00015000 08:05 2887280                    /lib/x86_64-linux-gnu/libgcc_s.so.1
7f9953316000-7f9953317000 r--p 00014000 08:05 2887280                    /lib/x86_64-linux-gnu/libgcc_s.so.1
7f9953317000-7f9953318000 rw-p 00015000 08:05 2887280                    /lib/x86_64-linux-gnu/libgcc_s.so.1
7f9953318000-7f99533fa000 r-xp 00000000 08:05 4333483                    /usr/lib/x86_64-linux-gnu/libstdc++.so.6.0.16
7f99533fa000-7f99535f9000 ---p 000e2000 08:05 4333483                    /usr/lib/x86_64-linux-gnu/libstdc++.so.6.0.16
7f99535f9000-7f9953601000 r--p 000e1000 08:05 4333483                    /usr/lib/x86_64-linux-gnu/libstdc++.so.6.0.16
7f9953601000-7f9953603000 rw-p 000e9000 08:05 4333483                    /usr/lib/x86_64-linux-gnu/libstdc++.so.6.0.16
7f9953603000-7f9953618000 rw-p 00000000 00:00 0 
7f9953618000-7f9953638000 r-xp 00000000 08:05 4326023                    /usr/lib/x86_64-linux-gnu/libdrm_intel.so.1.0.0
7f9953638000-7f9953837000 ---p 00020000 08:05 4326023                    /usr/lib/x86_64-linux-gnu/libdrm_intel.so.1.0.0
7f9953837000-7f9953838000 r--p 0001f000 08:05 4326023                    /usr/lib/x86_64-linux-gnu/libdrm_intel.so.1.0.0
7f9953838000-7f9953839000 rw-p 00020000 08:05 4326023                    /usr/lib/x86_64-linux-gnu/libdrm_intel.so.1.0.0
7f9953839000-7f9953860000 r-xp 00000000 08:05 2887277                    /lib/x86_64-linux-gnu/libexpat.so.1.5.2
7f9953860000-7f9953a60000 ---p 00027000 08:05 2887277                    /lib/x86_64-linux-gnu/libexpat.so.1.5.2
7f9953a60000-7f9953a62000 r--p 00027000 08:05 2887277                    /lib/x86_64-linux-gnu/libexpat.so.1.5.2
7f9953a62000-7f9953a63000 rw-p 00029000 08:05 2887277                    /lib/x86_64-linux-gnu/libexpat.so.1.5.2
7f9953a63000-7f9953dd0000 r-xp 00000000 08:05 4325400                    /usr/lib/x86_64-linux-gnu/libdricore9.0.3.so.1.0.0
7f9953dd0000-7f9953fd0000 ---p 0036d000 08:05 4325400                    /usr/lib/x86_64-linux-gnu/libdricore9.0.3.so.1.0.0
7f9953fd0000-7f9953fe3000 r--p 0036d000 08:05 4325400                    /usr/lib/x86_64-linux-gnu/libdricore9.0.3.so.1.0.0
7f9953fe3000-7f9953fe8000 rw-p 00380000 08:05 4325400                    /usr/lib/x86_64-linux-gnu/libdricore9.0.3.so.1.0.0
7f9953fe8000-7f9954000000 rw-p 00000000 00:00 0 
7f9954000000-7f9954021000 rw-p 00000000 00:00 0 
7f9954021000-7f9958000000 ---p 00000000 00:00 0 
7f9958002000-7f995800c000 r--s 00000000 08:05 134449                     /usr/share/fonts/type1/mathml/Symbol.pfb
7f995800c000-7f9958010000 r--s 000f7000 08:05 2757761                    /usr/local/java/jdk1.7.0_25/jre/lib/ext/localedata.jar
7f9958010000-7f995801a000 r--s 00371000 08:05 2757099                    /usr/local/java/jdk1.7.0_25/jre/lib/charsets.jar
7f995801a000-7f995801b000 r--s 00000000 08:05 1311817                    /var/cache/fontconfig/c05880de57d1f5e948fdfacc138775d9-le64.cache-3
7f995801b000-7f9958024000 r--s 00000000 08:05 1311812                    /var/cache/fontconfig/945677eb7aeaf62f1d50efc3fb3ec7d8-le64.cache-3
7f9958024000-7f9958026000 r--s 00000000 08:05 1311813                    /var/cache/fontconfig/99e8ed0e538f840c565b6ed5dad60d56-le64.cache-3
7f9958026000-7f995802e000 r--s 00000000 08:05 1311416                    /var/cache/fontconfig/a6d8cf8e4ec09cdbc8633c31745a07dd-le64.cache-3
7f995802e000-7f9958032000 r--s 00000000 08:05 1311799                    /var/cache/fontconfig/2cd17615ca594fa2959ae173292e504c-le64.cache-3
7f9958032000-7f9958033000 r--s 00000000 08:05 1311824                    /var/cache/fontconfig/e7071f4a29fa870f4323321c154eba04-le64.cache-3
7f9958033000-7f9958034000 r--s 00000000 08:05 1311797                    /var/cache/fontconfig/0d8c3b2ac0904cb8a57a757ad11a4a08-le64.cache-3
7f9958034000-7f995803a000 r--s 00000000 08:05 1311814                    /var/cache/fontconfig/a755afe4a08bf5b97852ceb7400b47bc-le64.cache-3
7f995803a000-7f9958043000 r--s 00000000 08:05 1321650                    /var/cache/fontconfig/6d41288fd70b0be22e8c3a91e032eec0-le64.cache-3
7f9958043000-7f9958053000 r--s 00000000 08:05 1311796                    /var/cache/fontconfig/04aabc0a78ac019cf9454389977116d2-le64.cache-3
7f9958053000-7f9958056000 r--s 00000000 08:05 1311811                    /var/cache/fontconfig/8801497958630a81b71ace7c5f9b32a8-le64.cache-3
7f9958056000-7f9958084000 r--s 00000000 08:05 1311083                    /var/cache/fontconfig/365b55f210c0a22e9a19e35191240f32-le64.cache-3
7f9958084000-7f9958089000 r--s 00000000 08:05 1311800                    /var/cache/fontconfig/3047814df9a2f067bd2d96a2b9c36e5a-le64.cache-3
7f9958089000-7f995808e000 r--s 00000000 08:05 1311815                    /var/cache/fontconfig/b47c4e1ecd0709278f4910c18777a504-le64.cache-3
7f995808e000-7f9958096000 r--s 00000000 08:05 1311415                    /var/cache/fontconfig/52f7bdb7ce746bfd7eaa1985bd9cfa93-le64.cache-3
7f9958096000-7f99580a6000 r--s 00000000 08:05 1311820                    /var/cache/fontconfig/d52a8644073d54c13679302ca1180695-le64.cache-3
7f99580a6000-7f99580ac000 r--s 00000000 08:05 1311414                    /var/cache/fontconfig/3f7329c5293ffd510edef78f73874cfd-le64.cache-3
7f99580ac000-7f99580b7000 r--s 00000000 08:05 1312903                    /var/cache/fontconfig/e13b20fdb08344e0e664864cc2ede53d-le64.cache-3
7f99580b7000-7f99580c1000 r--s 00254000 08:05 2757692                    /usr/local/java/jdk1.7.0_25/jre/lib/resources.jar
7f99580c1000-7f99580ea000 r--p 00000000 08:05 4592080                    /usr/share/locale-langpack/pt/LC_MESSAGES/gtk20-properties.mo
7f99580ea000-7f9958113000 r--p 00000000 08:05 4592235                    /usr/share/locale-langpack/pt_BR/LC_MESSAGES/gtk20-properties.mo
7f9958113000-7f995813a000 r--p 00000000 08:05 4595021                    /usr/share/glib-2.0/schemas/gschemas.compiled
7f995813a000-7f9958151000 r--p 00000000 08:05 4592164                    /usr/share/locale-langpack/pt/LC_MESSAGES/glib20.mo
7f9958151000-7f9958168000 r--p 00000000 08:05 4592321                    /usr/share/locale-langpack/pt_BR/LC_MESSAGES/glib20.mo
7f9958168000-7f995818a000 r--p 00000000 08:05 4594582                    /usr/share/locale-langpack/pt_BR/LC_MESSAGES/libc.mo
7f995818a000-7f9958242000 r-xp 00000000 08:05 4588416                    /usr/lib/x86_64-linux-gnu/dri/i965_dri.so
7f9958242000-7f9958442000 ---p 000b8000 08:05 4588416                    /usr/lib/x86_64-linux-gnu/dri/i965_dri.so
7f9958442000-7f9958445000 r--p 000b8000 08:05 4588416                    /usr/lib/x86_64-linux-gnu/dri/i965_dri.so
7f9958445000-7f9958448000 rw-p 000bb000 08:05 4588416                    /usr/lib/x86_64-linux-gnu/dri/i965_dri.so
7f9958448000-7f9958449000 rw-p 00000000 00:00 0 
7f9958449000-7f995844e000 r-xp 00000000 08:05 4332951                    /usr/lib/x86_64-linux-gnu/libXdmcp.so.6.0.0
7f995844e000-7f995864d000 ---p 00005000 08:05 4332951                    /usr/lib/x86_64-linux-gnu/libXdmcp.so.6.0.0
7f995864d000-7f995864e000 r--p 00004000 08:05 4332951                    /usr/lib/x86_64-linux-gnu/libXdmcp.so.6.0.0
7f995864e000-7f995864f000 rw-p 00005000 08:05 4332951                    /usr/lib/x86_64-linux-gnu/libXdmcp.so.6.0.0
7f995864f000-7f9958651000 r-xp 00000000 08:05 4332940                    /usr/lib/x86_64-linux-gnu/libXau.so.6.0.0
7f9958651000-7f9958850000 ---p 00002000 08:05 4332940                    /usr/lib/x86_64-linux-gnu/libXau.so.6.0.0
7f9958850000-7f9958851000 r--p 00001000 08:05 4332940                    /usr/lib/x86_64-linux-gnu/libXau.so.6.0.0
7f9958851000-7f9958852000 rw-p 00002000 08:05 4332940                    /usr/lib/x86_64-linux-gnu/libXau.so.6.0.0
7f9958852000-7f995885c000 r-xp 00000000 08:05 4326314                    /usr/lib/x86_64-linux-gnu/libdrm.so.2.4.0
7f995885c000-7f9958a5b000 ---p 0000a000 08:05 4326314                    /usr/lib/x86_64-linux-gnu/libdrm.so.2.4.0
7f9958a5b000-7f9958a5c000 r--p 00009000 08:05 4326314                    /usr/lib/x86_64-linux-gnu/libdrm.so.2.4.0
7f9958a5c000-7f9958a5d000 rw-p 0000a000 08:05 4326314                    /usr/lib/x86_64-linux-gnu/libdrm.so.2.4.0
7f9958a5d000-7f9958a72000 r-xp 00000000 08:05 4339288                    /usr/lib/x86_64-linux-gnu/libxcb-glx.so.0.0.0
7f9958a72000-7f9958c71000 ---p 00015000 08:05 4339288                    /usr/lib/x86_64-linux-gnu/libxcb-glx.so.0.0.0
7f9958c71000-7f9958c73000 r--p 00014000 08:05 4339288                    /usr/lib/x86_64-linux-gnu/libxcb-glx.so.0.0.0
7f9958c73000-7f9958c74000 rw-p 00016000 08:05 4339288                    /usr/lib/x86_64-linux-gnu/libxcb-glx.so.0.0.0
7f9958c74000-7f9958c75000 r-xp 00000000 08:05 4333425                    /usr/lib/x86_64-linux-gnu/libX11-xcb.so.1.0.0
7f9958c75000-7f9958e74000 ---p 00001000 08:05 4333425                    /usr/lib/x86_64-linux-gnu/libX11-xcb.so.1.0.0
7f9958e74000-7f9958e75000 r--p 00000000 08:05 4333425                    /usr/lib/x86_64-linux-gnu/libX11-xcb.so.1.0.0
7f9958e75000-7f9958e76000 rw-p 00001000 08:05 4333425                    /usr/lib/x86_64-linux-gnu/libX11-xcb.so.1.0.0
7f9958e76000-7f9958e7b000 r-xp 00000000 08:05 4329579                    /usr/lib/x86_64-linux-gnu/libXfixes.so.3.1.0
7f9958e7b000-7f995907a000 ---p 00005000 08:05 4329579                    /usr/lib/x86_64-linux-gnu/libXfixes.so.3.1.0
7f995907a000-7f995907b000 r--p 00004000 08:05 4329579                    /usr/lib/x86_64-linux-gnu/libXfixes.so.3.1.0
7f995907b000-7f995907c000 rw-p 00005000 08:05 4329579                    /usr/lib/x86_64-linux-gnu/libXfixes.so.3.1.0
7f995907c000-7f995907e000 r-xp 00000000 08:05 4332949                    /usr/lib/x86_64-linux-gnu/libXdamage.so.1.1.0
7f995907e000-7f995927d000 ---p 00002000 08:05 4332949                    /usr/lib/x86_64-linux-gnu/libXdamage.so.1.1.0
7f995927d000-7f995927e000 r--p 00001000 08:05 4332949                    /usr/lib/x86_64-linux-gnu/libXdamage.so.1.1.0
7f995927e000-7f995927f000 rw-p 00002000 08:05 4332949                    /usr/lib/x86_64-linux-gnu/libXdamage.so.1.1.0
7f995927f000-7f99592a0000 r-xp 00000000 08:05 4325460                    /usr/lib/x86_64-linux-gnu/libglapi.so.0.0.0
7f99592a0000-7f995949f000 ---p 00021000 08:05 4325460                    /usr/lib/x86_64-linux-gnu/libglapi.so.0.0.0
7f995949f000-7f99594a2000 r--p 00020000 08:05 4325460                    /usr/lib/x86_64-linux-gnu/libglapi.so.0.0.0
7f99594a2000-7f99594a3000 rw-p 00023000 08:05 4325460                    /usr/lib/x86_64-linux-gnu/libglapi.so.0.0.0
7f99594a3000-7f99594a4000 rw-p 00000000 00:00 0 
7f99594a4000-7f99594b4000 r-xp 00000000 08:05 4339037                    /usr/lib/x86_64-linux-gnu/libXext.so.6.4.0
7f99594b4000-7f99596b3000 ---p 00010000 08:05 4339037                    /usr/lib/x86_64-linux-gnu/libXext.so.6.4.0
7f99596b3000-7f99596b4000 r--p 0000f000 08:05 4339037                    /usr/lib/x86_64-linux-gnu/libXext.so.6.4.0
7f99596b4000-7f99596b5000 rw-p 00010000 08:05 4339037                    /usr/lib/x86_64-linux-gnu/libXext.so.6.4.0
7f99596b5000-7f99596d2000 r-xp 00000000 08:05 4346997                    /usr/lib/x86_64-linux-gnu/libxcb.so.1.1.0
7f99596d2000-7f99598d1000 ---p 0001d000 08:05 4346997                    /usr/lib/x86_64-linux-gnu/libxcb.so.1.1.0
7f99598d1000-7f99598d2000 r--p 0001c000 08:05 4346997                    /usr/lib/x86_64-linux-gnu/libxcb.so.1.1.0
7f99598d2000-7f99598d3000 rw-p 0001d000 08:05 4346997                    /usr/lib/x86_64-linux-gnu/libxcb.so.1.1.0
7f99598d3000-7f9959935000 r-xp 00000000 08:05 4587578                    /usr/lib/x86_64-linux-gnu/mesa/libGL.so.1.2.0
7f9959935000-7f9959b35000 ---p 00062000 08:05 4587578                    /usr/lib/x86_64-linux-gnu/mesa/libGL.so.1.2.0
7f9959b35000-7f9959b37000 r--p 00062000 08:05 4587578                    /usr/lib/x86_64-linux-gnu/mesa/libGL.so.1.2.0
7f9959b37000-7f9959b38000 rw-p 00064000 08:05 4587578                    /usr/lib/x86_64-linux-gnu/mesa/libGL.so.1.2.0
7f9959b38000-7f9959b39000 rw-p 00000000 00:00 0 
7f9959b39000-7f9959b3d000 r-xp 00000000 08:05 4339290                    /usr/lib/x86_64-linux-gnu/libXxf86vm.so.1.0.0
7f9959b3d000-7f9959d3c000 ---p 00004000 08:05 4339290                    /usr/lib/x86_64-linux-gnu/libXxf86vm.so.1.0.0
7f9959d3c000-7f9959d3d000 r--p 00003000 08:05 4339290                    /usr/lib/x86_64-linux-gnu/libXxf86vm.so.1.0.0
7f9959d3d000-7f9959d3e000 rw-p 00004000 08:05 4339290                    /usr/lib/x86_64-linux-gnu/libXxf86vm.so.1.0.0
7f9959d3e000-7f9959e6e000 r-xp 00000000 08:05 4326365                    /usr/lib/x86_64-linux-gnu/libX11.so.6.3.0
7f9959e6e000-7f995a06e000 ---p 00130000 08:05 4326365                    /usr/lib/x86_64-linux-gnu/libX11.so.6.3.0
7f995a06e000-7f995a06f000 r--p 00130000 08:05 4326365                    /usr/lib/x86_64-linux-gnu/libX11.so.6.3.0
7f995a06f000-7f995a073000 rw-p 00131000 08:05 4326365                    /usr/lib/x86_64-linux-gnu/libX11.so.6.3.0
7f995a073000-7f995a07c000 r-xp 00000000 08:05 2757848                    /usr/local/java/jdk1.7.0_25/jre/lib/amd64/libprism-es2.so
7f995a07c000-7f995a27b000 ---p 00009000 08:05 2757848                    /usr/local/java/jdk1.7.0_25/jre/lib/amd64/libprism-es2.so
7f995a27b000-7f995a27c000 r--p 00008000 08:05 2757848                    /usr/local/java/jdk1.7.0_25/jre/lib/amd64/libprism-es2.so
7f995a27c000-7f995a27d000 rw-p 00009000 08:05 2757848                    /usr/local/java/jdk1.7.0_25/jre/lib/amd64/libprism-es2.so
7f995a27d000-7f995a280000 ---p 00000000 00:00 0 
7f995a280000-7f995a3a3000 rw-p 00000000 00:00 0                          [stack:4031]
7f995a3a3000-7f995a432000 r--s 00dd9000 08:07 404616                     /home/emerson/NetBeansProjects/gamut-prof/dist/lib/jfxrt.jar
7f995a432000-7f995a435000 ---p 00000000 00:00 0 
7f995a435000-7f995a533000 rw-p 00000000 00:00 0                          [stack:4030]
7f995a533000-7f995a551000 r-xp 00000000 08:05 2757805                    /usr/local/java/jdk1.7.0_25/jre/lib/amd64/libdeploy.so
7f995a551000-7f995a750000 ---p 0001e000 08:05 2757805                    /usr/local/java/jdk1.7.0_25/jre/lib/amd64/libdeploy.so
7f995a750000-7f995a752000 rw-p 0001d000 08:05 2757805                    /usr/local/java/jdk1.7.0_25/jre/lib/amd64/libdeploy.so
7f995a752000-7f995a762000 rw-p 00000000 00:00 0 
7f995a762000-7f995a765000 ---p 00000000 00:00 0 
7f995a765000-7f995a863000 rw-p 00000000 00:00 0                          [stack:4029]
7f995a863000-7f995a864000 ---p 00000000 00:00 0 
7f995a864000-7f995a964000 rw-p 00000000 00:00 0                          [stack:4028]
7f995a964000-7f995a967000 ---p 00000000 00:00 0 
7f995a967000-7f995aa65000 rw-p 00000000 00:00 0                          [stack:4027]
7f995aa65000-7f995aa68000 ---p 00000000 00:00 0 
7f995aa68000-7f995ab66000 rw-p 00000000 00:00 0                          [stack:4026]
7f995ab66000-7f995ab69000 ---p 00000000 00:00 0 
7f995ab69000-7f995ac67000 rw-p 00000000 00:00 0                          [stack:4025]
7f995ac67000-7f995ac6a000 ---p 00000000 00:00 0 
7f995ac6a000-7f995ad68000 rw-p 00000000 00:00 0                          [stack:4020]
7f995ad68000-7f995ad6b000 ---p 00000000 00:00 0 
7f995ad6b000-7f995ae69000 rw-p 00000000 00:00 0                          [stack:4019]
7f995ae69000-7f995ae6c000 ---p 00000000 00:00 0 
7f995ae6c000-7f995af6a000 rw-p 00000000 00:00 0                          [stack:4016]
7f995af6a000-7f995af6e000 r-xp 00000000 08:05 2757819                    /usr/local/java/jdk1.7.0_25/jre/lib/amd64/libdt_socket.so
7f995af6e000-7f995b16d000 ---p 00004000 08:05 2757819                    /usr/local/java/jdk1.7.0_25/jre/lib/amd64/libdt_socket.so
7f995b16d000-7f995b16e000 rw-p 00003000 08:05 2757819                    /usr/local/java/jdk1.7.0_25/jre/lib/amd64/libdt_socket.so
7f995b16e000-7f995b171000 ---p 00000000 00:00 0 
7f995b171000-7f995b26f000 rw-p 00000000 00:00 0                          [stack:4015]
7f995b26f000-7f995b272000 ---p 00000000 00:00 0 
7f995b272000-7f995b370000 rw-p 00000000 00:00 0                          [stack:4014]
7f995b370000-7f995b373000 ---p 00000000 00:00 0 
7f995b373000-7f995b471000 rw-p 00000000 00:00 0                          [stack:4013]
7f995b471000-7f995b472000 ---p 00000000 00:00 0 
7f995b472000-7f995c000000 rw-p 00000000 00:00 0                          [stack:4012]
7f995c000000-7f995c021000 rw-p 00000000 00:00 0 
7f995c021000-7f9960000000 ---p 00000000 00:00 0 
7f9960002000-7f9960003000 rw-p 00000000 00:00 0 
7f9960003000-7f9960007000 r--s 00000000 08:05 1311069                    /var/cache/fontconfig/7ef2298fde41cc6eeb7af42e48b7d293-le64.cache-3
7f9960007000-7f9960020000 r--p 00000000 08:05 4595559                    /usr/share/locale-langpack/pt/LC_MESSAGES/libc.mo
7f9960020000-7f9960029000 r--s 00067000 08:07 404679                     /home/emerson/NetBeansProjects/gamut-prof/dist/lib/javaws.jar
7f9960029000-7f9960040000 r--s 001c2000 08:07 404680                     /home/emerson/NetBeansProjects/gamut-prof/dist/lib/deploy.jar
7f9960040000-7f9960057000 r--s 001c2000 08:05 2757095                    /usr/local/java/jdk1.7.0_25/jre/lib/deploy.jar
7f9960057000-7f9960060000 r--s 00067000 08:05 2757693                    /usr/local/java/jdk1.7.0_25/jre/lib/javaws.jar
7f9960060000-7f9964000000 rw-p 00000000 00:00 0 
7f9964000000-7f9964021000 rw-p 00000000 00:00 0 
7f9964021000-7f9968000000 ---p 00000000 00:00 0 
7f9968000000-7f9968003000 r--s 00000000 08:05 1311802                    /var/cache/fontconfig/385c0604a188198f04d133e54aba7fe7-le64.cache-3
7f9968003000-7f9968012000 r--p 00000000 08:05 4592192                    /usr/share/locale-langpack/pt_BR/LC_MESSAGES/gtk20.mo
7f9968012000-7f99680a1000 r--s 00dd9000 08:05 2757867                    /usr/local/java/jdk1.7.0_25/jre/lib/jfxrt.jar
7f99680a1000-7f9968334000 rw-p 00000000 00:00 0 
7f9968334000-7f99684f1000 r--s 039f9000 08:05 2757572                    /usr/local/java/jdk1.7.0_25/jre/lib/rt.jar
7f99684f1000-7f99684f2000 ---p 00000000 00:00 0 
7f99684f2000-7f99685f2000 rw-p 00000000 00:00 0                          [stack:4011]
7f99685f2000-7f99685f3000 ---p 00000000 00:00 0 
7f99685f3000-7f99686f3000 rw-p 00000000 00:00 0                          [stack:4010]
7f99686f3000-7f99686f4000 ---p 00000000 00:00 0 
7f99686f4000-7f99687f4000 rw-p 00000000 00:00 0                          [stack:4009]
7f99687f4000-7f99687f5000 ---p 00000000 00:00 0 
7f99687f5000-7f9968914000 rw-p 00000000 00:00 0                          [stack:4008]
7f9968914000-7f9968ade000 rw-p 00000000 00:00 0 
7f9968ade000-7f9968ae9000 rw-p 00000000 00:00 0 
7f9968ae9000-7f9968b07000 rw-p 00000000 00:00 0 
7f9968b07000-7f9968b26000 rw-p 00000000 00:00 0 
7f9968b26000-7f9968cef000 rw-p 00000000 00:00 0 
7f9968cef000-7f9968cff000 rw-p 00000000 00:00 0 
7f9968cff000-7f9968de4000 rw-p 00000000 00:00 0 
7f9968de4000-7f9968de5000 rw-p 00000000 00:00 0 
7f9968de5000-7f9969055000 rwxp 00000000 00:00 0 
7f9969055000-7f996bde5000 rw-p 00000000 00:00 0 
7f996bde5000-7f996be00000 r-xp 00000000 08:05 2757831                    /usr/local/java/jdk1.7.0_25/jre/lib/amd64/libzip.so
7f996be00000-7f996bfff000 ---p 0001b000 08:05 2757831                    /usr/local/java/jdk1.7.0_25/jre/lib/amd64/libzip.so
7f996bfff000-7f996c000000 rw-p 0001a000 08:05 2757831                    /usr/local/java/jdk1.7.0_25/jre/lib/amd64/libzip.so
7f996c000000-7f996c1ea000 rw-p 00000000 00:00 0 
7f996c1ea000-7f9970000000 ---p 00000000 00:00 0 
7f9970000000-7f9970001000 r--s 00000000 08:05 1330330                    /var/cache/fontconfig/4794a0821666d79190d59a36cb4f44b5-le64.cache-3
7f9970001000-7f9970002000 r--s 00000000 08:05 1311805                    /var/cache/fontconfig/56cf4f4769d0f4abc89a4895d7bd3ae1-le64.cache-3
7f9970002000-7f9970015000 r--s 000d3000 08:07 404684                     /home/emerson/NetBeansProjects/gamut-prof/dist/lib/plugin.jar
7f9970015000-7f9970048000 rw-p 00000000 00:00 0 
7f9970048000-7f9970066000 rw-p 00000000 00:00 0 
7f9970066000-7f9970072000 r-xp 00000000 08:05 2896698                    /lib/x86_64-linux-gnu/libnss_files-2.15.so
7f9970072000-7f9970271000 ---p 0000c000 08:05 2896698                    /lib/x86_64-linux-gnu/libnss_files-2.15.so
7f9970271000-7f9970272000 r--p 0000b000 08:05 2896698                    /lib/x86_64-linux-gnu/libnss_files-2.15.so
7f9970272000-7f9970273000 rw-p 0000c000 08:05 2896698                    /lib/x86_64-linux-gnu/libnss_files-2.15.so
7f9970273000-7f997027d000 r-xp 00000000 08:05 2896702                    /lib/x86_64-linux-gnu/libnss_nis-2.15.so
7f997027d000-7f997047d000 ---p 0000a000 08:05 2896702                    /lib/x86_64-linux-gnu/libnss_nis-2.15.so
7f997047d000-7f997047e000 r--p 0000a000 08:05 2896702                    /lib/x86_64-linux-gnu/libnss_nis-2.15.so
7f997047e000-7f997047f000 rw-p 0000b000 08:05 2896702                    /lib/x86_64-linux-gnu/libnss_nis-2.15.so
7f997047f000-7f9970496000 r-xp 00000000 08:05 2896714                    /lib/x86_64-linux-gnu/libnsl-2.15.so
7f9970496000-7f9970695000 ---p 00017000 08:05 2896714                    /lib/x86_64-linux-gnu/libnsl-2.15.so
7f9970695000-7f9970696000 r--p 00016000 08:05 2896714                    /lib/x86_64-linux-gnu/libnsl-2.15.so
7f9970696000-7f9970697000 rw-p 00017000 08:05 2896714                    /lib/x86_64-linux-gnu/libnsl-2.15.so
7f9970697000-7f9970699000 rw-p 00000000 00:00 0 
7f9970699000-7f99706a1000 r-xp 00000000 08:05 2896696                    /lib/x86_64-linux-gnu/libnss_compat-2.15.so
7f99706a1000-7f99708a0000 ---p 00008000 08:05 2896696                    /lib/x86_64-linux-gnu/libnss_compat-2.15.so
7f99708a0000-7f99708a1000 r--p 00007000 08:05 2896696                    /lib/x86_64-linux-gnu/libnss_compat-2.15.so
7f99708a1000-7f99708a2000 rw-p 00008000 08:05 2896696                    /lib/x86_64-linux-gnu/libnss_compat-2.15.so
7f99708a2000-7f9970f85000 r--p 00000000 08:05 4332220                    /usr/lib/locale/locale-archive
7f9970f85000-7f9970f88000 r-xp 00000000 08:05 2757838                    /usr/local/java/jdk1.7.0_25/jre/lib/amd64/libnpt.so
7f9970f88000-7f9971187000 ---p 00003000 08:05 2757838                    /usr/local/java/jdk1.7.0_25/jre/lib/amd64/libnpt.so
7f9971187000-7f9971188000 rw-p 00002000 08:05 2757838                    /usr/local/java/jdk1.7.0_25/jre/lib/amd64/libnpt.so
7f9971188000-7f99711c1000 r-xp 00000000 08:05 2757817                    /usr/local/java/jdk1.7.0_25/jre/lib/amd64/libjdwp.so
7f99711c1000-7f99713c0000 ---p 00039000 08:05 2757817                    /usr/local/java/jdk1.7.0_25/jre/lib/amd64/libjdwp.so
7f99713c0000-7f99713c2000 rw-p 00038000 08:05 2757817                    /usr/local/java/jdk1.7.0_25/jre/lib/amd64/libjdwp.so
7f99713c2000-7f99713eb000 r-xp 00000000 08:05 2757822                    /usr/local/java/jdk1.7.0_25/jre/lib/amd64/libjava.so
7f99713eb000-7f99715eb000 ---p 00029000 08:05 2757822                    /usr/local/java/jdk1.7.0_25/jre/lib/amd64/libjava.so
7f99715eb000-7f99715ed000 rw-p 00029000 08:05 2757822                    /usr/local/java/jdk1.7.0_25/jre/lib/amd64/libjava.so
7f99715ed000-7f99715fa000 r-xp 00000000 08:05 2757811                    /usr/local/java/jdk1.7.0_25/jre/lib/amd64/libverify.so
7f99715fa000-7f99717f9000 ---p 0000d000 08:05 2757811                    /usr/local/java/jdk1.7.0_25/jre/lib/amd64/libverify.so
7f99717f9000-7f99717fb000 rw-p 0000c000 08:05 2757811                    /usr/local/java/jdk1.7.0_25/jre/lib/amd64/libverify.so
7f99717fb000-7f9971802000 r-xp 00000000 08:05 2896701                    /lib/x86_64-linux-gnu/librt-2.15.so
7f9971802000-7f9971a01000 ---p 00007000 08:05 2896701                    /lib/x86_64-linux-gnu/librt-2.15.so
7f9971a01000-7f9971a02000 r--p 00006000 08:05 2896701                    /lib/x86_64-linux-gnu/librt-2.15.so
7f9971a02000-7f9971a03000 rw-p 00007000 08:05 2896701                    /lib/x86_64-linux-gnu/librt-2.15.so
7f9971a03000-7f9971afe000 r-xp 00000000 08:05 2896705                    /lib/x86_64-linux-gnu/libm-2.15.so
7f9971afe000-7f9971cfd000 ---p 000fb000 08:05 2896705                    /lib/x86_64-linux-gnu/libm-2.15.so
7f9971cfd000-7f9971cfe000 r--p 000fa000 08:05 2896705                    /lib/x86_64-linux-gnu/libm-2.15.so
7f9971cfe000-7f9971cff000 rw-p 000fb000 08:05 2896705                    /lib/x86_64-linux-gnu/libm-2.15.so
7f9971cff000-7f9972740000 r-xp 00000000 08:05 2757829                    /usr/local/java/jdk1.7.0_25/jre/lib/amd64/server/libjvm.so
7f9972740000-7f9972940000 ---p 00a41000 08:05 2757829                    /usr/local/java/jdk1.7.0_25/jre/lib/amd64/server/libjvm.so
7f9972940000-7f99729e3000 rw-p 00a41000 08:05 2757829                    /usr/local/java/jdk1.7.0_25/jre/lib/amd64/server/libjvm.so
7f99729e3000-7f9972a1f000 rw-p 00000000 00:00 0 
7f9972a1f000-7f9972bd4000 r-xp 00000000 08:05 2896694                    /lib/x86_64-linux-gnu/libc-2.15.so
7f9972bd4000-7f9972dd4000 ---p 001b5000 08:05 2896694                    /lib/x86_64-linux-gnu/libc-2.15.so
7f9972dd4000-7f9972dd8000 r--p 001b5000 08:05 2896694                    /lib/x86_64-linux-gnu/libc-2.15.so
7f9972dd8000-7f9972dda000 rw-p 001b9000 08:05 2896694                    /lib/x86_64-linux-gnu/libc-2.15.so
7f9972dda000-7f9972ddf000 rw-p 00000000 00:00 0 
7f9972ddf000-7f9972de1000 r-xp 00000000 08:05 2896709                    /lib/x86_64-linux-gnu/libdl-2.15.so
7f9972de1000-7f9972fe1000 ---p 00002000 08:05 2896709                    /lib/x86_64-linux-gnu/libdl-2.15.so
7f9972fe1000-7f9972fe2000 r--p 00002000 08:05 2896709                    /lib/x86_64-linux-gnu/libdl-2.15.so
7f9972fe2000-7f9972fe3000 rw-p 00003000 08:05 2896709                    /lib/x86_64-linux-gnu/libdl-2.15.so
7f9972fe3000-7f9972ff9000 r-xp 00000000 08:05 2757851                    /usr/local/java/jdk1.7.0_25/jre/lib/amd64/jli/libjli.so
7f9972ff9000-7f99731f9000 ---p 00016000 08:05 2757851                    /usr/local/java/jdk1.7.0_25/jre/lib/amd64/jli/libjli.so
7f99731f9000-7f99731fa000 rw-p 00016000 08:05 2757851                    /usr/local/java/jdk1.7.0_25/jre/lib/amd64/jli/libjli.so
7f99731fa000-7f9973212000 r-xp 00000000 08:05 2896703                    /lib/x86_64-linux-gnu/libpthread-2.15.so
7f9973212000-7f9973411000 ---p 00018000 08:05 2896703                    /lib/x86_64-linux-gnu/libpthread-2.15.so
7f9973411000-7f9973412000 r--p 00017000 08:05 2896703                    /lib/x86_64-linux-gnu/libpthread-2.15.so
7f9973412000-7f9973413000 rw-p 00018000 08:05 2896703                    /lib/x86_64-linux-gnu/libpthread-2.15.so
7f9973413000-7f9973417000 rw-p 00000000 00:00 0 
7f9973417000-7f9973439000 r-xp 00000000 08:05 2896706                    /lib/x86_64-linux-gnu/ld-2.15.so
7f9973439000-7f997343c000 r--p 00000000 08:05 4592198                    /usr/share/locale-langpack/pt_BR/LC_MESSAGES/atk10.mo
7f997343c000-7f9973442000 r--p 00000000 08:07 291721                     /home/emerson/.config/dconf/user
7f9973442000-7f9973455000 r--s 000d3000 08:05 2757094                    /usr/local/java/jdk1.7.0_25/jre/lib/plugin.jar
7f9973455000-7f997345f000 rw-p 00000000 00:00 0 
7f997345f000-7f9973515000 rw-p 00000000 00:00 0 
7f9973515000-7f9973518000 ---p 00000000 00:00 0 
7f9973518000-7f997361a000 rw-p 00000000 00:00 0                          [stack:4007]
7f997361a000-7f997361b000 r--s 00000000 08:05 1311816                    /var/cache/fontconfig/b9d506c9ac06c20b433354fa67a72993-le64.cache-3
7f997361b000-7f997361c000 r--s 00000000 08:07 291760                     /home/emerson/.cache/dconf/user
7f997361c000-7f9973623000 r--s 00000000 08:05 4603849                    /usr/lib/x86_64-linux-gnu/gconv/gconv-modules.cache
7f9973623000-7f9973626000 r--s 00029000 08:07 404601                     /home/emerson/NetBeansProjects/gamut-prof/dist/lib/JFlex.jar
7f9973626000-7f9973629000 r--s 00029000 08:07 403621                     /home/emerson/NetBeansProjects/gamut-prof/libs/JFlex.jar
7f9973629000-7f997362d000 r--s 00028000 08:07 404687                     /home/emerson/NetBeansProjects/gamut-prof/dist/gamut-upd.jar
7f997362d000-7f9973635000 rw-s 00000000 08:05 4063292                    /tmp/hsperfdata_emerson/4003
7f9973635000-7f9973636000 rw-p 00000000 00:00 0 
7f9973636000-7f9973637000 r--p 00000000 00:00 0 
7f9973637000-7f9973639000 rw-p 00000000 00:00 0 
7f9973639000-7f997363a000 r--p 00022000 08:05 2896706                    /lib/x86_64-linux-gnu/ld-2.15.so
7f997363a000-7f997363c000 rw-p 00023000 08:05 2896706                    /lib/x86_64-linux-gnu/ld-2.15.so
7fffe81c8000-7fffe81e9000 rw-p 00000000 00:00 0                          [stack]
7fffe81ff000-7fffe8200000 r-xp 00000000 00:00 0                          [vdso]
ffffffffff600000-ffffffffff601000 r-xp 00000000 00:00 0                  [vsyscall]

VM Arguments:
jvm_args: -Xdebug -Xrunjdwp:transport=dt_socket,address=localhost:51195 -Dfile.encoding=UTF-8 
java_command: com.javafx.main.Main
Launcher Type: SUN_STANDARD

Environment Variables:
JAVA_HOME=/usr/local/java/jdk1.7.0_25
JRE_HOME=/usr/local/java/jre1.7.0_25
PATH=/home/emerson/bin:/usr/lib/lightdm/lightdm:/usr/local/sbin:/usr/local/bin:/usr/sbin:/usr/bin:/sbin:/bin:/usr/games:/home/emerson/bin:/usr/local/java/jdk1.7.0_25/bin:/home/emerson/bin:/usr/local/java/jre1.7.0_25/bin
LD_LIBRARY_PATH=/usr/local/java/jdk1.7.0_25/jre/lib/amd64:/usr/local/java/jdk1.7.0_25/jre/lib/i386:
SHELL=/bin/bash
DISPLAY=:0.0

Signal Handlers:
SIGSEGV: [libjvm.so+0x8a26a0], sa_mask[0]=0x7ffbfeff, sa_flags=0x10000004
SIGBUS: [libjvm.so+0x8a26a0], sa_mask[0]=0x7ffbfeff, sa_flags=0x10000004
SIGFPE: [libjvm.so+0x73f3d0], sa_mask[0]=0x7ffbfeff, sa_flags=0x10000004
SIGPIPE: SIG_IGN, sa_mask[0]=0x00001000, sa_flags=0x10000000
SIGXFSZ: [libjvm.so+0x73f3d0], sa_mask[0]=0x7ffbfeff, sa_flags=0x10000004
SIGILL: [libjvm.so+0x73f3d0], sa_mask[0]=0x7ffbfeff, sa_flags=0x10000004
SIGUSR1: SIG_DFL, sa_mask[0]=0x00000000, sa_flags=0x00000000
SIGUSR2: [libjvm.so+0x73ed20], sa_mask[0]=0x00000004, sa_flags=0x10000004
SIGHUP: [libjvm.so+0x7410b0], sa_mask[0]=0x7ffbfeff, sa_flags=0x10000004
SIGINT: SIG_IGN, sa_mask[0]=0x00000000, sa_flags=0x00000000
SIGTERM: [libjvm.so+0x7410b0], sa_mask[0]=0x7ffbfeff, sa_flags=0x10000004
SIGQUIT: [libjvm.so+0x7410b0], sa_mask[0]=0x7ffbfeff, sa_flags=0x10000004


---------------  S Y S T E M  ---------------

OS:wheezy/sid

uname:Linux 3.5.0-46-generic #70~precise1-Ubuntu SMP Thu Jan 9 23:55:12 UTC 2014 x86_64
libc:glibc 2.15 NPTL 2.15 
rlimit: STACK 8192k, CORE 0k, NPROC 46710, NOFILE 4096, AS infinity
load average:0,64 0,59 0,54

/proc/meminfo:
MemTotal:        5997612 kB
MemFree:         2829600 kB
Buffers:          123560 kB
Cached:          1188124 kB
SwapCached:            0 kB
Active:          1924916 kB
Inactive:        1045616 kB
Active(anon):    1660532 kB
Inactive(anon):   240412 kB
Active(file):     264384 kB
Inactive(file):   805204 kB
Unevictable:           0 kB
Mlocked:               0 kB
SwapTotal:       8998908 kB
SwapFree:        8998908 kB
Dirty:             18744 kB
Writeback:             0 kB
AnonPages:       1658840 kB
Mapped:           182260 kB
Shmem:            242104 kB
Slab:              83180 kB
SReclaimable:      55444 kB
SUnreclaim:        27736 kB
KernelStack:        4016 kB
PageTables:        28188 kB
NFS_Unstable:          0 kB
Bounce:                0 kB
WritebackTmp:          0 kB
CommitLimit:    11997712 kB
Committed_AS:    4436908 kB
VmallocTotal:   34359738367 kB
VmallocUsed:      369056 kB
VmallocChunk:   34359359620 kB
HardwareCorrupted:     0 kB
AnonHugePages:         0 kB
HugePages_Total:       0
HugePages_Free:        0
HugePages_Rsvd:        0
HugePages_Surp:        0
Hugepagesize:       2048 kB
DirectMap4k:       51200 kB
DirectMap2M:     6139904 kB


CPU:total 4 (2 cores per cpu, 2 threads per core) family 6 model 58 stepping 9, cmov, cx8, fxsr, mmx, sse, sse2, sse3, ssse3, sse4.1, sse4.2, popcnt, avx, ht, tsc, tscinvbit, tscinv

/proc/cpuinfo:
processor	: 0
vendor_id	: GenuineIntel
cpu family	: 6
model		: 58
model name	: Intel(R) Core(TM) i5-3210M CPU @ 2.50GHz
stepping	: 9
microcode	: 0x12
cpu MHz		: 2501.000
cache size	: 3072 KB
physical id	: 0
siblings	: 4
core id		: 0
cpu cores	: 2
apicid		: 0
initial apicid	: 0
fpu		: yes
fpu_exception	: yes
cpuid level	: 13
wp		: yes
flags		: fpu vme de pse tsc msr pae mce cx8 apic sep mtrr pge mca cmov pat pse36 clflush dts acpi mmx fxsr sse sse2 ss ht tm pbe syscall nx rdtscp lm constant_tsc arch_perfmon pebs bts rep_good nopl xtopology nonstop_tsc aperfmperf pni pclmulqdq dtes64 monitor ds_cpl vmx est tm2 ssse3 cx16 xtpr pdcm pcid sse4_1 sse4_2 x2apic popcnt tsc_deadline_timer aes xsave avx f16c rdrand lahf_lm ida arat epb xsaveopt pln pts dtherm tpr_shadow vnmi flexpriority ept vpid fsgsbase smep erms
bogomips	: 4988.59
clflush size	: 64
cache_alignment	: 64
address sizes	: 36 bits physical, 48 bits virtual
power management:

processor	: 1
vendor_id	: GenuineIntel
cpu family	: 6
model		: 58
model name	: Intel(R) Core(TM) i5-3210M CPU @ 2.50GHz
stepping	: 9
microcode	: 0x12
cpu MHz		: 1200.000
cache size	: 3072 KB
physical id	: 0
siblings	: 4
core id		: 1
cpu cores	: 2
apicid		: 2
initial apicid	: 2
fpu		: yes
fpu_exception	: yes
cpuid level	: 13
wp		: yes
flags		: fpu vme de pse tsc msr pae mce cx8 apic sep mtrr pge mca cmov pat pse36 clflush dts acpi mmx fxsr sse sse2 ss ht tm pbe syscall nx rdtscp lm constant_tsc arch_perfmon pebs bts rep_good nopl xtopology nonstop_tsc aperfmperf pni pclmulqdq dtes64 monitor ds_cpl vmx est tm2 ssse3 cx16 xtpr pdcm pcid sse4_1 sse4_2 x2apic popcnt tsc_deadline_timer aes xsave avx f16c rdrand lahf_lm ida arat epb xsaveopt pln pts dtherm tpr_shadow vnmi flexpriority ept vpid fsgsbase smep erms
bogomips	: 4988.59
clflush size	: 64
cache_alignment	: 64
address sizes	: 36 bits physical, 48 bits virtual
power management:

processor	: 2
vendor_id	: GenuineIntel
cpu family	: 6
model		: 58
model name	: Intel(R) Core(TM) i5-3210M CPU @ 2.50GHz
stepping	: 9
microcode	: 0x12
cpu MHz		: 2501.000
cache size	: 3072 KB
physical id	: 0
siblings	: 4
core id		: 0
cpu cores	: 2
apicid		: 1
initial apicid	: 1
fpu		: yes
fpu_exception	: yes
cpuid level	: 13
wp		: yes
flags		: fpu vme de pse tsc msr pae mce cx8 apic sep mtrr pge mca cmov pat pse36 clflush dts acpi mmx fxsr sse sse2 ss ht tm pbe syscall nx rdtscp lm constant_tsc arch_perfmon pebs bts rep_good nopl xtopology nonstop_tsc aperfmperf pni pclmulqdq dtes64 monitor ds_cpl vmx est tm2 ssse3 cx16 xtpr pdcm pcid sse4_1 sse4_2 x2apic popcnt tsc_deadline_timer aes xsave avx f16c rdrand lahf_lm ida arat epb xsaveopt pln pts dtherm tpr_shadow vnmi flexpriority ept vpid fsgsbase smep erms
bogomips	: 4988.59
clflush size	: 64
cache_alignment	: 64
address sizes	: 36 bits physical, 48 bits virtual
power management:

processor	: 3
vendor_id	: GenuineIntel
cpu family	: 6
model		: 58
model name	: Intel(R) Core(TM) i5-3210M CPU @ 2.50GHz
stepping	: 9
microcode	: 0x12
cpu MHz		: 2501.000
cache size	: 3072 KB
physical id	: 0
siblings	: 4
core id		: 1
cpu cores	: 2
apicid		: 3
initial apicid	: 3
fpu		: yes
fpu_exception	: yes
cpuid level	: 13
wp		: yes
flags		: fpu vme de pse tsc msr pae mce cx8 apic sep mtrr pge mca cmov pat pse36 clflush dts acpi mmx fxsr sse sse2 ss ht tm pbe syscall nx rdtscp lm constant_tsc arch_perfmon pebs bts rep_good nopl xtopology nonstop_tsc aperfmperf pni pclmulqdq dtes64 monitor ds_cpl vmx est tm2 ssse3 cx16 xtpr pdcm pcid sse4_1 sse4_2 x2apic popcnt tsc_deadline_timer aes xsave avx f16c rdrand lahf_lm ida arat epb xsaveopt pln pts dtherm tpr_shadow vnmi flexpriority ept vpid fsgsbase smep erms
bogomips	: 4988.59
clflush size	: 64
cache_alignment	: 64
address sizes	: 36 bits physical, 48 bits virtual
power management:



Memory: 4k page, physical 5997612k(2829600k free), swap 8998908k(8998908k free)

vm_info: Java HotSpot(TM) 64-Bit Server VM (23.25-b01) for linux-amd64 JRE (1.7.0_25-b15), built on Jun  5 2013 20:48:36 by "java_re" with gcc 4.3.0 20080428 (Red Hat 4.3.0-8)

time: Tue Mar  4 16:05:56 2014
elapsed time: 7 seconds

