#
# A fatal error has been detected by the Java Runtime Environment:
#
#  SIGSEGV (0xb) at pc=0x00007f1a4c017129, pid=3848, tid=139749852124928
#
# JRE version: 7.0_25-b15
# Java VM: Java HotSpot(TM) 64-Bit Server VM (23.25-b01 mixed mode linux-amd64 compressed oops)
# Problematic frame:
# C  [libglass.so+0x14129]  dnd_finish_callback()+0x9
#
# Failed to write core dump. Core dumps have been disabled. To enable core dumping, try "ulimit -c unlimited" before starting Java again
#
# If you would like to submit a bug report, please visit:
#   http://bugreport.sun.com/bugreport/crash.jsp
# The crash happened outside the Java Virtual Machine in native code.
# See problematic frame for where to report the bug.
#

---------------  T H R E A D  ---------------

Current thread (0x00007f1a1c165800):  JavaThread "JavaFX Application Thread" [_thread_in_native, id=3872, stack(0x00007f1a0c3b1000,0x00007f1a0c4b2000)]

siginfo:si_signo=SIGSEGV: si_errno=0, si_code=1 (SEGV_MAPERR), si_addr=0x0000000000000040

Registers:
RAX=0x0000000000000000, RBX=0x00007f19f8251a40, RCX=0x00007f1a0c4b1700, RDX=0x0000000000000000
RSP=0x00007f1a0c4af010, RBP=0x00007f1a0c4af010, RSI=0x0000000000000000, RDI=0x0000000000000009
R8 =0x00007f19f826d340, R9 =0x0000000000000001, R10=0x0000000000000000, R11=0x0000000000000000
R12=0x0000000000000041, R13=0x00007f19f8005c00, R14=0x00007f1a45b009a0, R15=0x00007f1a1c0bcc80
RIP=0x00007f1a4c017129, EFLAGS=0x0000000000010202, CSGSFS=0x0000000000000033, ERR=0x0000000000000004
  TRAPNO=0x000000000000000e

Top of Stack: (sp=0x00007f1a0c4af010)
0x00007f1a0c4af010:   0000000000000000 00007f1a47714d56
0x00007f1a0c4af020:   0000000000000041 00007f19f826d250
0x00007f1a0c4af030:   0000000000000002 00007f1a45854d13
0x00007f1a0c4af040:   00007f19f8005470 00007f1a0c4af060
0x00007f1a0c4af050:   00007f1a458529e0 00007f19f826d3b0
0x00007f1a0c4af060:   00007f19f826d250 00007f1a0c4b0780
0x00007f1a0c4af070:   00007f19f8251a40 00007f1a47714d00
0x00007f1a0c4af080:   00000000000000c8 00007f1a1c0bcc80
0x00007f1a0c4af090:   0000000000000001 00007f1a45861f00
0x00007f1a0c4af0a0:   0000000000000000 0000000000000004
0x00007f1a0c4af0b0:   0000000000000001 00007f1a45855060
0x00007f1a0c4af0c0:   00007f1a1c0bcc80 00000000000000c8
0x00007f1a0c4af0d0:   00007f19f8225c80 00007f1a1c0bcc80
0x00007f1a0c4af0e0:   0000000000000001 00007f19f8225c80
0x00007f1a0c4af0f0:   00007f19f8001e70 00007f19f8005b60
0x00007f1a0c4af100:   00007f19f8001e68 00007f1a45855124
0x00007f1a0c4af110:   00007f19f8225c80 00007f19f82a0810
0x00007f1a0c4af120:   00007f1a0c4af1f0 00007f1a47add501
0x00007f1a0c4af130:   00007f1a0c4af1f0 00007f1a4c0189a5
0x00007f1a0c4af140:   00007f1a0c4af288 00007f1a0c4af280
0x00007f1a0c4af150:   400000034c003000 00007f1a1c0d47e0
0x00007f1a0c4af160:   0000000000000000 00000000003ffffe
0x00007f1a0c4af170:   0000000000000000 0000000000000000
0x00007f1a0c4af180:   0000000000000000 0000000000000000
0x00007f1a0c4af190:   0000000000000004 0000000000000000
0x00007f1a0c4af1a0:   0000000000000000 0000000000000000
0x00007f1a0c4af1b0:   0000000500000001 0000000040000003
0x00007f1a0c4af1c0:   0000000040000003 00000000a0490b80
0x00007f1a0c4af1d0:   0000000000000000 00000000a0490b80
0x00007f1a0c4af1e0:   00007f1a0c4af288 00007f1a1c165800
0x00007f1a0c4af1f0:   00007f1a0c4af258 00007f1a5d011f90
0x00007f1a0c4af200:   00007f1a2c0093a8 00007f1a5d01cc43 

Instructions: (pc=0x00007f1a4c017129)
0x00007f1a4c017109:   8b 6d f8 45 31 c0 48 8b 10 c9 31 c0 e9 46 ca ff
0x00007f1a4c017119:   ff 66 0f 1f 44 00 00 55 48 89 e5 e8 e7 fd ff ff
0x00007f1a4c017129:   8b 48 40 48 8b 3d 6d 2a 21 00 89 c8 89 ca 83 e0
0x00007f1a4c017139:   04 83 f8 01 19 c0 83 e2 08 f7 d0 83 e0 02 83 fa 

Register to memory mapping:

RAX=0x0000000000000000 is an unknown value
RBX=0x00007f19f8251a40 is an unknown value
RCX=0x00007f1a0c4b1700 is pointing into the stack for thread: 0x00007f1a1c165800
RDX=0x0000000000000000 is an unknown value
RSP=0x00007f1a0c4af010 is pointing into the stack for thread: 0x00007f1a1c165800
RBP=0x00007f1a0c4af010 is pointing into the stack for thread: 0x00007f1a1c165800
RSI=0x0000000000000000 is an unknown value
RDI=0x0000000000000009 is an unknown value
R8 =0x00007f19f826d340 is an unknown value
R9 =0x0000000000000001 is an unknown value
R10=0x0000000000000000 is an unknown value
R11=0x0000000000000000 is an unknown value
R12=0x0000000000000041 is an unknown value
R13=0x00007f19f8005c00 is an unknown value
R14=0x00007f1a45b009a0: <offset 0x2f39a0> in /lib/x86_64-linux-gnu/libglib-2.0.so.0 at 0x00007f1a4580d000
R15=0x00007f1a1c0bcc80 is an unknown value


Stack: [0x00007f1a0c3b1000,0x00007f1a0c4b2000],  sp=0x00007f1a0c4af010,  free space=1016k
Native frames: (J=compiled Java code, j=interpreted, Vv=VM code, C=native code)
C  [libglass.so+0x14129]  dnd_finish_callback()+0x9

Java frames: (J=compiled Java code, j=interpreted, Vv=VM code)
j  com.sun.glass.ui.gtk.GtkDnDClipboard.pushToSystemImpl(Ljava/util/HashMap;I)I+0
j  com.sun.glass.ui.gtk.GtkDnDClipboard.pushToSystem(Ljava/util/HashMap;I)V+3
j  com.sun.glass.ui.SystemClipboard.flush(Lcom/sun/glass/ui/ClipboardAssistance;Ljava/util/HashMap;I)V+10
j  com.sun.glass.ui.ClipboardAssistance.flush()V+13
j  com.sun.javafx.tk.quantum.QuantumClipboard.flush()V+8
j  com.sun.javafx.tk.quantum.QuantumToolkit.startDrag(Ljava/lang/Object;Ljava/util/Set;Lcom/sun/javafx/tk/TKDragSourceListener;Ljavafx/scene/input/Dragboard;)V+102
j  javafx.scene.Scene$DnDGesture.dragDetectedProcessed()V+63
j  javafx.scene.Scene$DnDGesture.process(Ljavafx/scene/input/MouseEvent;Ljavafx/event/EventTarget;)Z+69
j  javafx.scene.Scene$DnDGesture.access$8700(Ljavafx/scene/Scene$DnDGesture;Ljavafx/scene/input/MouseEvent;Ljavafx/event/EventTarget;)Z+3
j  javafx.scene.Scene$MouseHandler.process(Ljavafx/scene/input/MouseEvent;Z)V+482
j  javafx.scene.Scene$MouseHandler.process(Ljavafx/scene/input/MouseEvent;)V+3
j  javafx.scene.Scene$MouseHandler.access$1900(Ljavafx/scene/Scene$MouseHandler;Ljavafx/scene/input/MouseEvent;)V+2
j  javafx.scene.Scene.impl_processMouseEvent(Ljavafx/scene/input/MouseEvent;)V+16
j  javafx.scene.Scene$ScenePeerListener.mouseEvent(Ljava/lang/Object;)V+11
j  com.sun.javafx.tk.quantum.GlassViewEventHandler$MouseEventNotification.run()Ljava/lang/Void;+329
j  com.sun.javafx.tk.quantum.GlassViewEventHandler$MouseEventNotification.run()Ljava/lang/Object;+1
v  ~StubRoutines::call_stub
j  java.security.AccessController.doPrivileged(Ljava/security/PrivilegedAction;Ljava/security/AccessControlContext;)Ljava/lang/Object;+0
j  com.sun.javafx.tk.quantum.GlassViewEventHandler.handleMouseEvent(Lcom/sun/glass/ui/View;JIIIIIIIIZZ)V+117
j  com.sun.glass.ui.View.handleMouseEvent(JIIIIIIIIZZ)V+38
j  com.sun.glass.ui.View.notifyMouse(IIIIIIIZZ)V+184
v  ~StubRoutines::call_stub
j  com.sun.glass.ui.gtk.GtkApplication._runLoop([Ljava/lang/String;Lcom/sun/glass/ui/Launchable;Z)V+0
j  com.sun.glass.ui.gtk.GtkApplication$3$1.run()V+38
j  java.lang.Thread.run()V+11
v  ~StubRoutines::call_stub

---------------  P R O C E S S  ---------------

Java Threads: ( => current thread )
  0x00007f1a101b6000 JavaThread "Java2D Disposer" daemon [_thread_blocked, id=3874, stack(0x00007f19f79d7000,0x00007f19f7ad8000)]
  0x00007f19f821e800 JavaThread "Prism Font Disposer" daemon [_thread_blocked, id=3873, stack(0x00007f1a0c032000,0x00007f1a0c133000)]
=>0x00007f1a1c165800 JavaThread "JavaFX Application Thread" [_thread_in_native, id=3872, stack(0x00007f1a0c3b1000,0x00007f1a0c4b2000)]
  0x00007f1a1c168800 JavaThread "Thread-3" daemon [_thread_blocked, id=3871, stack(0x00007f1a0c4b2000,0x00007f1a0c5b3000)]
  0x00007f1a1c063000 JavaThread "Disposer" daemon [_thread_blocked, id=3868, stack(0x00007f1a4c22a000,0x00007f1a4c32b000)]
  0x00007f1a1c060800 JavaThread "QuantumRenderer-0" daemon [_thread_blocked, id=3867, stack(0x00007f1a4f73c000,0x00007f1a4f83d000)]
  0x00007f1a601c0000 JavaThread "JavaFX-Launcher" [_thread_blocked, id=3866, stack(0x00007f1a4f8cc000,0x00007f1a4f9cd000)]
  0x00007f1a60187000 JavaThread "traceMsgQueueThread" daemon [_thread_blocked, id=3865, stack(0x00007f1a4fbfc000,0x00007f1a4fcfd000)]
  0x00007f1a600f1800 JavaThread "Service Thread" daemon [_thread_blocked, id=3863, stack(0x00007f1a4fdfe000,0x00007f1a4feff000)]
  0x00007f1a600ef000 JavaThread "C2 CompilerThread1" daemon [_thread_blocked, id=3862, stack(0x00007f1a4feff000,0x00007f1a50000000)]
  0x00007f1a600ec000 JavaThread "C2 CompilerThread0" daemon [_thread_blocked, id=3861, stack(0x00007f1a540b5000,0x00007f1a541b6000)]
  0x00007f1a600ea000 JavaThread "Signal Dispatcher" daemon [_thread_blocked, id=3860, stack(0x00007f1a541b6000,0x00007f1a542b7000)]
  0x00007f1a6009c000 JavaThread "Finalizer" daemon [_thread_blocked, id=3859, stack(0x00007f1a5499a000,0x00007f1a54a9b000)]
  0x00007f1a6009a000 JavaThread "Reference Handler" daemon [_thread_blocked, id=3858, stack(0x00007f1a54a9b000,0x00007f1a54b9c000)]
  0x00007f1a60009000 JavaThread "main" [_thread_blocked, id=3852, stack(0x00007f1a680a2000,0x00007f1a681a3000)]

Other Threads:
  0x00007f1a60092800 VMThread [stack: 0x00007f1a54b9c000,0x00007f1a54c9d000] [id=3857]
  0x00007f1a60104000 WatcherThread [stack: 0x00007f1a4fcfd000,0x00007f1a4fdfe000] [id=3864]

VM state:not at safepoint (normal execution)

VM Mutex/Monitor currently owned by a thread: None

Heap
 PSYoungGen      total 27328K, used 19642K [0x00000000e1760000, 0x00000000e35e0000, 0x0000000100000000)
  eden space 23424K, 68% used [0x00000000e1760000,0x00000000e2708220,0x00000000e2e40000)
  from space 3904K, 92% used [0x00000000e2e40000,0x00000000e31c6728,0x00000000e3210000)
  to   space 3904K, 0% used [0x00000000e3210000,0x00000000e3210000,0x00000000e35e0000)
 ParOldGen       total 62528K, used 8K [0x00000000a4600000, 0x00000000a8310000, 0x00000000e1760000)
  object space 62528K, 0% used [0x00000000a4600000,0x00000000a4602000,0x00000000a8310000)
 PSPermGen       total 21248K, used 17194K [0x000000009f400000, 0x00000000a08c0000, 0x00000000a4600000)
  object space 21248K, 80% used [0x000000009f400000,0x00000000a04cabe0,0x00000000a08c0000)

Card table byte_map: [0x00007f1a651f1000,0x00007f1a654f8000] byte_map_base: 0x00007f1a64cf7000

Polling page: 0x00007f1a681c3000

Code Cache  [0x00007f1a5d000000, 0x00007f1a5d270000, 0x00007f1a60000000)
 total_blobs=783 nmethods=202 adapters=533 free_code_cache=48101Kb largest_free_block=49218240

Compilation events (10 events):
Event: 7,124 Thread 0x00007f1a600ef000 nmethod 198 0x00007f1a5d101690 code [0x00007f1a5d1017c0, 0x00007f1a5d101838]
Event: 7,160 Thread 0x00007f1a600ec000 nmethod 197 0x00007f1a5d10aa10 code [0x00007f1a5d10aec0, 0x00007f1a5d10d3d8]
Event: 7,281 Thread 0x00007f1a600ef000  199             com.sun.javafx.event.CompositeEventDispatcher::dispatchCapturingEvent (35 bytes)
Event: 7,282 Thread 0x00007f1a600ef000 nmethod 199 0x00007f1a5d07b750 code [0x00007f1a5d07b8a0, 0x00007f1a5d07b978]
Event: 7,556 Thread 0x00007f1a600ec000  200             javafx.scene.layout.Pane::getChildren (5 bytes)
Event: 7,557 Thread 0x00007f1a600ec000 nmethod 200 0x00007f1a5d0796d0 code [0x00007f1a5d079800, 0x00007f1a5d079858]
Event: 7,790 Thread 0x00007f1a600ef000  201             javafx.scene.Node::getGeomBounds (131 bytes)
Event: 7,790 Thread 0x00007f1a600ec000  202             javafx.scene.Node::updateGeomBounds (28 bytes)
Event: 7,792 Thread 0x00007f1a600ec000 nmethod 202 0x00007f1a5d078f10 code [0x00007f1a5d079060, 0x00007f1a5d079118]
Event: 7,799 Thread 0x00007f1a600ef000 nmethod 201 0x00007f1a5d08e310 code [0x00007f1a5d08e520, 0x00007f1a5d08ea30]

GC Heap History (2 events):
Event: 0,913 GC heap before
{Heap before GC invocations=1 (full 0):
 PSYoungGen      total 27328K, used 23424K [0x00000000e1760000, 0x00000000e35e0000, 0x0000000100000000)
  eden space 23424K, 100% used [0x00000000e1760000,0x00000000e2e40000,0x00000000e2e40000)
  from space 3904K, 0% used [0x00000000e3210000,0x00000000e3210000,0x00000000e35e0000)
  to   space 3904K, 0% used [0x00000000e2e40000,0x00000000e2e40000,0x00000000e3210000)
 ParOldGen       total 62528K, used 0K [0x00000000a4600000, 0x00000000a8310000, 0x00000000e1760000)
  object space 62528K, 0% used [0x00000000a4600000,0x00000000a4600000,0x00000000a8310000)
 PSPermGen       total 21248K, used 12524K [0x000000009f400000, 0x00000000a08c0000, 0x00000000a4600000)
  object space 21248K, 58% used [0x000000009f400000,0x00000000a003b278,0x00000000a08c0000)
Event: 0,920 GC heap after
Heap after GC invocations=1 (full 0):
 PSYoungGen      total 27328K, used 3609K [0x00000000e1760000, 0x00000000e35e0000, 0x0000000100000000)
  eden space 23424K, 0% used [0x00000000e1760000,0x00000000e1760000,0x00000000e2e40000)
  from space 3904K, 92% used [0x00000000e2e40000,0x00000000e31c6728,0x00000000e3210000)
  to   space 3904K, 0% used [0x00000000e3210000,0x00000000e3210000,0x00000000e35e0000)
 ParOldGen       total 62528K, used 8K [0x00000000a4600000, 0x00000000a8310000, 0x00000000e1760000)
  object space 62528K, 0% used [0x00000000a4600000,0x00000000a4602000,0x00000000a8310000)
 PSPermGen       total 21248K, used 12524K [0x000000009f400000, 0x00000000a08c0000, 0x00000000a4600000)
  object space 21248K, 58% used [0x000000009f400000,0x00000000a003b278,0x00000000a08c0000)
}

Deoptimization events (10 events):
Event: 1,091 Thread 0x00007f1a1c060800 Uncommon trap -58 fr.pc 0x00007f1a5d09ee84
Event: 1,091 Thread 0x00007f1a1c060800 Uncommon trap -58 fr.pc 0x00007f1a5d0965a4
Event: 1,091 Thread 0x00007f1a1c060800 Uncommon trap -58 fr.pc 0x00007f1a5d09ee84
Event: 1,092 Thread 0x00007f1a1c060800 Uncommon trap -58 fr.pc 0x00007f1a5d0965a4
Event: 1,092 Thread 0x00007f1a1c060800 Uncommon trap -58 fr.pc 0x00007f1a5d09ee84
Event: 4,354 Thread 0x00007f1a1c165800 Uncommon trap -12 fr.pc 0x00007f1a5d0bbb10
Event: 4,358 Thread 0x00007f1a1c165800 Uncommon trap -83 fr.pc 0x00007f1a5d0dba0c
Event: 4,360 Thread 0x00007f1a1c060800 Uncommon trap -83 fr.pc 0x00007f1a5d0e9520
Event: 7,802 Thread 0x00007f1a1c165800 Uncommon trap -83 fr.pc 0x00007f1a5d0eb3cc
Event: 7,802 Thread 0x00007f1a1c165800 Uncommon trap -83 fr.pc 0x00007f1a5d08926c

Internal exceptions (10 events):
Event: 0,958 Thread 0x00007f1a1c165800 Implicit null exception at 0x00007f1a5d09a575 to 0x00007f1a5d09a66d
Event: 1,092 Thread 0x00007f1a1c060800 Threw 0x00000000e1b411d0 at /HUDSON/workspace/jdk7u25-2-build-linux-amd64-product/jdk7u25/hotspot/src/share/vm/prims/jvm.cpp:1235
Event: 1,092 Thread 0x00007f1a1c060800 Threw 0x00000000e1b41c98 at /HUDSON/workspace/jdk7u25-2-build-linux-amd64-product/jdk7u25/hotspot/src/share/vm/prims/jvm.cpp:1235
Event: 1,093 Thread 0x00007f1a1c060800 Threw 0x00000000e1b43a10 at /HUDSON/workspace/jdk7u25-2-build-linux-amd64-product/jdk7u25/hotspot/src/share/vm/prims/jni.cpp:716
Event: 1,093 Thread 0x00007f1a1c060800 Threw 0x00000000e1b44438 at /HUDSON/workspace/jdk7u25-2-build-linux-amd64-product/jdk7u25/hotspot/src/share/vm/prims/jni.cpp:716
Event: 1,095 Thread 0x00007f1a1c060800 Threw 0x00000000e1b46b68 at /HUDSON/workspace/jdk7u25-2-build-linux-amd64-product/jdk7u25/hotspot/src/share/vm/prims/jvm.cpp:1235
Event: 1,095 Thread 0x00007f1a1c060800 Threw 0x00000000e1b47848 at /HUDSON/workspace/jdk7u25-2-build-linux-amd64-product/jdk7u25/hotspot/src/share/vm/prims/jvm.cpp:1235
Event: 1,256 Thread 0x00007f1a1c060800 Threw 0x00000000e1e98130 at /HUDSON/workspace/jdk7u25-2-build-linux-amd64-product/jdk7u25/hotspot/src/share/vm/prims/jvm.cpp:1235
Event: 4,354 Thread 0x00007f1a1c165800 Implicit null exception at 0x00007f1a5d0b9267 to 0x00007f1a5d0bba31
Event: 7,802 Thread 0x00007f1a1c165800 Implicit null exception at 0x00007f1a5d088f25 to 0x00007f1a5d089255

Events (10 events):
Event: 7,801 loading class 0x00007f19f8216190
Event: 7,801 loading class 0x00007f19f8216190 done
Event: 7,801 loading class 0x00007f19f82144d0
Event: 7,801 loading class 0x00007f19f82144d0 done
Event: 7,802 loading class 0x00007f19f82142d0
Event: 7,802 loading class 0x00007f19f82142d0 done
Event: 7,802 Thread 0x00007f1a1c165800 DEOPT PACKING pc=0x00007f1a5d0eb3cc sp=0x00007f1a0c4ad0e0
Event: 7,802 Thread 0x00007f1a1c165800 DEOPT UNPACKING pc=0x00007f1a5d039145 sp=0x00007f1a0c4ad0a8 mode 2
Event: 7,802 Thread 0x00007f1a1c165800 DEOPT PACKING pc=0x00007f1a5d08926c sp=0x00007f1a0c4ad450
Event: 7,802 Thread 0x00007f1a1c165800 DEOPT UNPACKING pc=0x00007f1a5d039145 sp=0x00007f1a0c4ad3d0 mode 2


Dynamic libraries:
00400000-00401000 r-xp 00000000 08:05 2757878                            /usr/local/java/jdk1.7.0_25/jre/bin/java
00600000-00601000 rw-p 00000000 08:05 2757878                            /usr/local/java/jdk1.7.0_25/jre/bin/java
01fb9000-01fda000 rw-p 00000000 00:00 0                                  [heap]
9f400000-a08c0000 rw-p 00000000 00:00 0 
a08c0000-a4600000 rw-p 00000000 00:00 0 
a4600000-a8310000 rw-p 00000000 00:00 0 
a8310000-e1760000 rw-p 00000000 00:00 0 
e1760000-e35e0000 rw-p 00000000 00:00 0 
e35e0000-100000000 rw-p 00000000 00:00 0 
7f19f0000000-7f19f0021000 rw-p 00000000 00:00 0 
7f19f0021000-7f19f4000000 ---p 00000000 00:00 0 
7f19f6e57000-7f19f6ebf000 r-xp 00000000 08:05 2757821                    /usr/local/java/jdk1.7.0_25/jre/lib/amd64/libt2k.so
7f19f6ebf000-7f19f70be000 ---p 00068000 08:05 2757821                    /usr/local/java/jdk1.7.0_25/jre/lib/amd64/libt2k.so
7f19f70be000-7f19f70c5000 rw-p 00067000 08:05 2757821                    /usr/local/java/jdk1.7.0_25/jre/lib/amd64/libt2k.so
7f19f70c5000-7f19f70d5000 rw-p 00000000 00:00 0 
7f19f70d5000-7f19f70ee000 r--s 00000000 08:05 134407                     /usr/share/fonts/type1/gsfonts/n021003l.pfb
7f19f70ee000-7f19f70f8000 r--s 00000000 08:05 134449                     /usr/share/fonts/type1/mathml/Symbol.pfb
7f19f70f8000-7f19f710f000 r--s 00000000 08:05 134413                     /usr/share/fonts/type1/gsfonts/n021023l.pfb
7f19f710f000-7f19f711f000 r-xp 00000000 08:05 2757856                    /usr/local/java/jdk1.7.0_25/jre/lib/amd64/libnio.so
7f19f711f000-7f19f731f000 ---p 00010000 08:05 2757856                    /usr/local/java/jdk1.7.0_25/jre/lib/amd64/libnio.so
7f19f731f000-7f19f7320000 rw-p 00010000 08:05 2757856                    /usr/local/java/jdk1.7.0_25/jre/lib/amd64/libnio.so
7f19f7320000-7f19f7335000 r-xp 00000000 08:05 2757806                    /usr/local/java/jdk1.7.0_25/jre/lib/amd64/libnet.so
7f19f7335000-7f19f7535000 ---p 00015000 08:05 2757806                    /usr/local/java/jdk1.7.0_25/jre/lib/amd64/libnet.so
7f19f7535000-7f19f7536000 rw-p 00015000 08:05 2757806                    /usr/local/java/jdk1.7.0_25/jre/lib/amd64/libnet.so
7f19f7536000-7f19f7596000 r-xp 00000000 08:05 2757849                    /usr/local/java/jdk1.7.0_25/jre/lib/amd64/libfontmanager.so
7f19f7596000-7f19f7795000 ---p 00060000 08:05 2757849                    /usr/local/java/jdk1.7.0_25/jre/lib/amd64/libfontmanager.so
7f19f7795000-7f19f7799000 rw-p 0005f000 08:05 2757849                    /usr/local/java/jdk1.7.0_25/jre/lib/amd64/libfontmanager.so
7f19f7799000-7f19f77aa000 rw-p 00000000 00:00 0 
7f19f77aa000-7f19f77d4000 r-xp 00000000 08:05 2757844                    /usr/local/java/jdk1.7.0_25/jre/lib/amd64/libdcpr.so
7f19f77d4000-7f19f79d4000 ---p 0002a000 08:05 2757844                    /usr/local/java/jdk1.7.0_25/jre/lib/amd64/libdcpr.so
7f19f79d4000-7f19f79d7000 rw-p 0002a000 08:05 2757844                    /usr/local/java/jdk1.7.0_25/jre/lib/amd64/libdcpr.so
7f19f79d7000-7f19f79da000 ---p 00000000 00:00 0 
7f19f79da000-7f19f7ad8000 rw-p 00000000 00:00 0                          [stack:3874]
7f19f7ad8000-7f19f7b28000 r-xp 00000000 08:05 2757859                    /usr/local/java/jdk1.7.0_25/jre/lib/amd64/xawt/libmawt.so
7f19f7b28000-7f19f7d28000 ---p 00050000 08:05 2757859                    /usr/local/java/jdk1.7.0_25/jre/lib/amd64/xawt/libmawt.so
7f19f7d28000-7f19f7d2c000 rw-p 00050000 08:05 2757859                    /usr/local/java/jdk1.7.0_25/jre/lib/amd64/xawt/libmawt.so
7f19f7d2c000-7f19f7d2d000 rw-p 00000000 00:00 0 
7f19f7d2d000-7f19f7dd0000 r-xp 00000000 08:05 2757814                    /usr/local/java/jdk1.7.0_25/jre/lib/amd64/libawt.so
7f19f7dd0000-7f19f7fd0000 ---p 000a3000 08:05 2757814                    /usr/local/java/jdk1.7.0_25/jre/lib/amd64/libawt.so
7f19f7fd0000-7f19f7fdc000 rw-p 000a3000 08:05 2757814                    /usr/local/java/jdk1.7.0_25/jre/lib/amd64/libawt.so
7f19f7fdc000-7f19f8000000 rw-p 00000000 00:00 0 
7f19f8000000-7f19f82b2000 rw-p 00000000 00:00 0 
7f19f82b2000-7f19fc000000 ---p 00000000 00:00 0 
7f19fc000000-7f19fc021000 rw-p 00000000 00:00 0 
7f19fc021000-7f1a00000000 ---p 00000000 00:00 0 
7f1a00000000-7f1a00022000 rw-p 00000000 00:00 0 
7f1a00022000-7f1a04000000 ---p 00000000 00:00 0 
7f1a04000000-7f1a04021000 rw-p 00000000 00:00 0 
7f1a04021000-7f1a08000000 ---p 00000000 00:00 0 
7f1a08000000-7f1a08021000 rw-p 00000000 00:00 0 
7f1a08021000-7f1a0c000000 ---p 00000000 00:00 0 
7f1a0c012000-7f1a0c028000 r--s 00000000 08:05 134416                     /usr/share/fonts/type1/gsfonts/n021024l.pfb
7f1a0c028000-7f1a0c032000 r--s 00371000 08:05 2757099                    /usr/local/java/jdk1.7.0_25/jre/lib/charsets.jar
7f1a0c032000-7f1a0c035000 ---p 00000000 00:00 0 
7f1a0c035000-7f1a0c133000 rw-p 00000000 00:00 0                          [stack:3873]
7f1a0c133000-7f1a0c134000 r--s 00000000 08:05 1311817                    /var/cache/fontconfig/c05880de57d1f5e948fdfacc138775d9-le64.cache-3
7f1a0c134000-7f1a0c13d000 r--s 00000000 08:05 1311812                    /var/cache/fontconfig/945677eb7aeaf62f1d50efc3fb3ec7d8-le64.cache-3
7f1a0c13d000-7f1a0c13f000 r--s 00000000 08:05 1311813                    /var/cache/fontconfig/99e8ed0e538f840c565b6ed5dad60d56-le64.cache-3
7f1a0c13f000-7f1a0c147000 r--s 00000000 08:05 1311416                    /var/cache/fontconfig/a6d8cf8e4ec09cdbc8633c31745a07dd-le64.cache-3
7f1a0c147000-7f1a0c14b000 r--s 00000000 08:05 1311799                    /var/cache/fontconfig/2cd17615ca594fa2959ae173292e504c-le64.cache-3
7f1a0c14b000-7f1a0c14c000 r--s 00000000 08:05 1311824                    /var/cache/fontconfig/e7071f4a29fa870f4323321c154eba04-le64.cache-3
7f1a0c14c000-7f1a0c14d000 r--s 00000000 08:05 1311797                    /var/cache/fontconfig/0d8c3b2ac0904cb8a57a757ad11a4a08-le64.cache-3
7f1a0c14d000-7f1a0c153000 r--s 00000000 08:05 1311814                    /var/cache/fontconfig/a755afe4a08bf5b97852ceb7400b47bc-le64.cache-3
7f1a0c153000-7f1a0c1aa000 r-xp 00000000 08:05 2757812                    /usr/local/java/jdk1.7.0_25/jre/lib/amd64/libjavafx-font.so
7f1a0c1aa000-7f1a0c3aa000 ---p 00057000 08:05 2757812                    /usr/local/java/jdk1.7.0_25/jre/lib/amd64/libjavafx-font.so
7f1a0c3aa000-7f1a0c3af000 r--p 00057000 08:05 2757812                    /usr/local/java/jdk1.7.0_25/jre/lib/amd64/libjavafx-font.so
7f1a0c3af000-7f1a0c3b0000 rw-p 0005c000 08:05 2757812                    /usr/local/java/jdk1.7.0_25/jre/lib/amd64/libjavafx-font.so
7f1a0c3b0000-7f1a0c3b1000 rw-p 00000000 00:00 0 
7f1a0c3b1000-7f1a0c3b4000 ---p 00000000 00:00 0 
7f1a0c3b4000-7f1a0c4b2000 rw-p 00000000 00:00 0                          [stack:3872]
7f1a0c4b2000-7f1a0c4b5000 ---p 00000000 00:00 0 
7f1a0c4b5000-7f1a0c5b3000 rw-p 00000000 00:00 0                          [stack:3871]
7f1a0c5b3000-7f1a0c5b9000 r-xp 00000000 08:05 4333366                    /usr/lib/x86_64-linux-gnu/libogg.so.0.7.1
7f1a0c5b9000-7f1a0c7b8000 ---p 00006000 08:05 4333366                    /usr/lib/x86_64-linux-gnu/libogg.so.0.7.1
7f1a0c7b8000-7f1a0c7b9000 r--p 00005000 08:05 4333366                    /usr/lib/x86_64-linux-gnu/libogg.so.0.7.1
7f1a0c7b9000-7f1a0c7ba000 rw-p 00006000 08:05 4333366                    /usr/lib/x86_64-linux-gnu/libogg.so.0.7.1
7f1a0c7ba000-7f1a0c7e5000 r-xp 00000000 08:05 4333516                    /usr/lib/x86_64-linux-gnu/libvorbis.so.0.4.5
7f1a0c7e5000-7f1a0c9e4000 ---p 0002b000 08:05 4333516                    /usr/lib/x86_64-linux-gnu/libvorbis.so.0.4.5
7f1a0c9e4000-7f1a0c9e5000 r--p 0002a000 08:05 4333516                    /usr/lib/x86_64-linux-gnu/libvorbis.so.0.4.5
7f1a0c9e5000-7f1a0c9e6000 rw-p 0002b000 08:05 4333516                    /usr/lib/x86_64-linux-gnu/libvorbis.so.0.4.5
7f1a0c9e6000-7f1a0c9ee000 r-xp 00000000 08:05 4333323                    /usr/lib/x86_64-linux-gnu/libltdl.so.7.3.0
7f1a0c9ee000-7f1a0cbee000 ---p 00008000 08:05 4333323                    /usr/lib/x86_64-linux-gnu/libltdl.so.7.3.0
7f1a0cbee000-7f1a0cbef000 r--p 00008000 08:05 4333323                    /usr/lib/x86_64-linux-gnu/libltdl.so.7.3.0
7f1a0cbef000-7f1a0cbf0000 rw-p 00009000 08:05 4333323                    /usr/lib/x86_64-linux-gnu/libltdl.so.7.3.0
7f1a0cbf0000-7f1a0cc00000 r-xp 00000000 08:05 4333491                    /usr/lib/x86_64-linux-gnu/libtdb.so.1.2.9
7f1a0cc00000-7f1a0cdff000 ---p 00010000 08:05 4333491                    /usr/lib/x86_64-linux-gnu/libtdb.so.1.2.9
7f1a0cdff000-7f1a0ce00000 r--p 0000f000 08:05 4333491                    /usr/lib/x86_64-linux-gnu/libtdb.so.1.2.9
7f1a0ce00000-7f1a0ce01000 rw-p 00010000 08:05 4333491                    /usr/lib/x86_64-linux-gnu/libtdb.so.1.2.9
7f1a0ce01000-7f1a0ce08000 r-xp 00000000 08:05 4333520                    /usr/lib/x86_64-linux-gnu/libvorbisfile.so.3.3.4
7f1a0ce08000-7f1a0d007000 ---p 00007000 08:05 4333520                    /usr/lib/x86_64-linux-gnu/libvorbisfile.so.3.3.4
7f1a0d007000-7f1a0d008000 r--p 00006000 08:05 4333520                    /usr/lib/x86_64-linux-gnu/libvorbisfile.so.3.3.4
7f1a0d008000-7f1a0d009000 rw-p 00007000 08:05 4333520                    /usr/lib/x86_64-linux-gnu/libvorbisfile.so.3.3.4
7f1a0d009000-7f1a0d018000 r-xp 00000000 08:05 4333049                    /usr/lib/x86_64-linux-gnu/libcanberra.so.0.2.5
7f1a0d018000-7f1a0d217000 ---p 0000f000 08:05 4333049                    /usr/lib/x86_64-linux-gnu/libcanberra.so.0.2.5
7f1a0d217000-7f1a0d218000 r--p 0000e000 08:05 4333049                    /usr/lib/x86_64-linux-gnu/libcanberra.so.0.2.5
7f1a0d218000-7f1a0d219000 rw-p 0000f000 08:05 4333049                    /usr/lib/x86_64-linux-gnu/libcanberra.so.0.2.5
7f1a0d219000-7f1a0d21d000 r-xp 00000000 08:05 4333045                    /usr/lib/x86_64-linux-gnu/libcanberra-gtk.so.0.1.8
7f1a0d21d000-7f1a0d41c000 ---p 00004000 08:05 4333045                    /usr/lib/x86_64-linux-gnu/libcanberra-gtk.so.0.1.8
7f1a0d41c000-7f1a0d41d000 r--p 00003000 08:05 4333045                    /usr/lib/x86_64-linux-gnu/libcanberra-gtk.so.0.1.8
7f1a0d41d000-7f1a0d41e000 rw-p 00004000 08:05 4333045                    /usr/lib/x86_64-linux-gnu/libcanberra-gtk.so.0.1.8
7f1a0d41e000-7f1a0d423000 r-xp 00000000 08:05 4588851                    /usr/lib/x86_64-linux-gnu/gtk-2.0/modules/libcanberra-gtk-module.so
7f1a0d423000-7f1a0d622000 ---p 00005000 08:05 4588851                    /usr/lib/x86_64-linux-gnu/gtk-2.0/modules/libcanberra-gtk-module.so
7f1a0d622000-7f1a0d623000 r--p 00004000 08:05 4588851                    /usr/lib/x86_64-linux-gnu/gtk-2.0/modules/libcanberra-gtk-module.so
7f1a0d623000-7f1a0d624000 rw-p 00005000 08:05 4588851                    /usr/lib/x86_64-linux-gnu/gtk-2.0/modules/libcanberra-gtk-module.so
7f1a0d624000-7f1a0d666000 r-xp 00000000 08:05 2890176                    /lib/x86_64-linux-gnu/libdbus-1.so.3.5.8
7f1a0d666000-7f1a0d866000 ---p 00042000 08:05 2890176                    /lib/x86_64-linux-gnu/libdbus-1.so.3.5.8
7f1a0d866000-7f1a0d867000 r--p 00042000 08:05 2890176                    /lib/x86_64-linux-gnu/libdbus-1.so.3.5.8
7f1a0d867000-7f1a0d868000 rw-p 00043000 08:05 2890176                    /lib/x86_64-linux-gnu/libdbus-1.so.3.5.8
7f1a0d868000-7f1a0d889000 r-xp 00000000 08:05 4333007                    /usr/lib/x86_64-linux-gnu/libatspi.so.0.0.1
7f1a0d889000-7f1a0da88000 ---p 00021000 08:05 4333007                    /usr/lib/x86_64-linux-gnu/libatspi.so.0.0.1
7f1a0da88000-7f1a0da8a000 r--p 00020000 08:05 4333007                    /usr/lib/x86_64-linux-gnu/libatspi.so.0.0.1
7f1a0da8a000-7f1a0da8b000 rw-p 00022000 08:05 4333007                    /usr/lib/x86_64-linux-gnu/libatspi.so.0.0.1
7f1a0da8b000-7f1a0dab4000 r-xp 00000000 08:05 4588850                    /usr/lib/x86_64-linux-gnu/gtk-2.0/modules/libatk-bridge.so
7f1a0dab4000-7f1a0dcb4000 ---p 00029000 08:05 4588850                    /usr/lib/x86_64-linux-gnu/gtk-2.0/modules/libatk-bridge.so
7f1a0dcb4000-7f1a0dcb5000 r--p 00029000 08:05 4588850                    /usr/lib/x86_64-linux-gnu/gtk-2.0/modules/libatk-bridge.so
7f1a0dcb5000-7f1a0dcb6000 rw-p 0002a000 08:05 4588850                    /usr/lib/x86_64-linux-gnu/gtk-2.0/modules/libatk-bridge.so
7f1a0dcb6000-7f1a0dcb7000 rw-p 00000000 00:00 0 
7f1a0dcb7000-7f1a0dcbe000 r-xp 00000000 08:05 4333148                    /usr/lib/x86_64-linux-gnu/libgailutil.so.18.0.1
7f1a0dcbe000-7f1a0debd000 ---p 00007000 08:05 4333148                    /usr/lib/x86_64-linux-gnu/libgailutil.so.18.0.1
7f1a0debd000-7f1a0debe000 r--p 00006000 08:05 4333148                    /usr/lib/x86_64-linux-gnu/libgailutil.so.18.0.1
7f1a0debe000-7f1a0debf000 rw-p 00007000 08:05 4333148                    /usr/lib/x86_64-linux-gnu/libgailutil.so.18.0.1
7f1a0debf000-7f1a0df0a000 r-xp 00000000 08:05 4588853                    /usr/lib/x86_64-linux-gnu/gtk-2.0/modules/libgail.so
7f1a0df0a000-7f1a0e10a000 ---p 0004b000 08:05 4588853                    /usr/lib/x86_64-linux-gnu/gtk-2.0/modules/libgail.so
7f1a0e10a000-7f1a0e10b000 r--p 0004b000 08:05 4588853                    /usr/lib/x86_64-linux-gnu/gtk-2.0/modules/libgail.so
7f1a0e10b000-7f1a0e10d000 rw-p 0004c000 08:05 4588853                    /usr/lib/x86_64-linux-gnu/gtk-2.0/modules/libgail.so
7f1a0e10d000-7f1a0e13c000 r-xp 00000000 08:05 4588829                    /usr/lib/x86_64-linux-gnu/gtk-2.0/2.10.0/engines/libmurrine.so
7f1a0e13c000-7f1a0e33c000 ---p 0002f000 08:05 4588829                    /usr/lib/x86_64-linux-gnu/gtk-2.0/2.10.0/engines/libmurrine.so
7f1a0e33c000-7f1a0e33d000 r--p 0002f000 08:05 4588829                    /usr/lib/x86_64-linux-gnu/gtk-2.0/2.10.0/engines/libmurrine.so
7f1a0e33d000-7f1a0e33e000 rw-p 00030000 08:05 4588829                    /usr/lib/x86_64-linux-gnu/gtk-2.0/2.10.0/engines/libmurrine.so
7f1a0e33e000-7f1a0e33f000 ---p 00000000 00:00 0 
7f1a0e33f000-7f1a0eb3f000 rw-p 00000000 00:00 0                          [stack:3870]
7f1a0eb3f000-7f1a0eb40000 ---p 00000000 00:00 0 
7f1a0eb40000-7f1a0f340000 rw-p 00000000 00:00 0                          [stack:3869]
7f1a0f340000-7f1a0f347000 r-xp 00000000 08:05 4588691                    /usr/lib/x86_64-linux-gnu/gio/modules/libdconfsettings.so
7f1a0f347000-7f1a0f546000 ---p 00007000 08:05 4588691                    /usr/lib/x86_64-linux-gnu/gio/modules/libdconfsettings.so
7f1a0f546000-7f1a0f547000 r--p 00006000 08:05 4588691                    /usr/lib/x86_64-linux-gnu/gio/modules/libdconfsettings.so
7f1a0f547000-7f1a0f548000 rw-p 00007000 08:05 4588691                    /usr/lib/x86_64-linux-gnu/gio/modules/libdconfsettings.so
7f1a0f548000-7f1a0f56f000 r--p 00000000 08:05 4595021                    /usr/share/glib-2.0/schemas/gschemas.compiled
7f1a0f56f000-7f1a0f586000 r--p 00000000 08:05 4592164                    /usr/share/locale-langpack/pt/LC_MESSAGES/glib20.mo
7f1a0f586000-7f1a0f59d000 r--p 00000000 08:05 4592321                    /usr/share/locale-langpack/pt_BR/LC_MESSAGES/glib20.mo
7f1a0f59d000-7f1a0f5ad000 r-xp 00000000 08:05 4328449                    /usr/lib/liboverlay-scrollbar-0.2.so.0.0.16
7f1a0f5ad000-7f1a0f7ac000 ---p 00010000 08:05 4328449                    /usr/lib/liboverlay-scrollbar-0.2.so.0.0.16
7f1a0f7ac000-7f1a0f7ad000 r--p 0000f000 08:05 4328449                    /usr/lib/liboverlay-scrollbar-0.2.so.0.0.16
7f1a0f7ad000-7f1a0f7ae000 rw-p 00010000 08:05 4328449                    /usr/lib/liboverlay-scrollbar-0.2.so.0.0.16
7f1a0f7ae000-7f1a0f7ea000 r-xp 00000000 08:05 2887332                    /lib/x86_64-linux-gnu/libpcre.so.3.12.1
7f1a0f7ea000-7f1a0f9e9000 ---p 0003c000 08:05 2887332                    /lib/x86_64-linux-gnu/libpcre.so.3.12.1
7f1a0f9e9000-7f1a0f9ea000 r--p 0003b000 08:05 2887332                    /lib/x86_64-linux-gnu/libpcre.so.3.12.1
7f1a0f9ea000-7f1a0f9eb000 rw-p 0003c000 08:05 2887332                    /lib/x86_64-linux-gnu/libpcre.so.3.12.1
7f1a0f9eb000-7f1a0f9f2000 r-xp 00000000 08:05 4333133                    /usr/lib/x86_64-linux-gnu/libffi.so.6.0.0
7f1a0f9f2000-7f1a0fbf1000 ---p 00007000 08:05 4333133                    /usr/lib/x86_64-linux-gnu/libffi.so.6.0.0
7f1a0fbf1000-7f1a0fbf2000 r--p 00006000 08:05 4333133                    /usr/lib/x86_64-linux-gnu/libffi.so.6.0.0
7f1a0fbf2000-7f1a0fbf3000 rw-p 00007000 08:05 4333133                    /usr/lib/x86_64-linux-gnu/libffi.so.6.0.0
7f1a0fbf3000-7f1a0fbfb000 r-xp 00000000 08:05 4339066                    /usr/lib/x86_64-linux-gnu/libxcb-render.so.0.0.0
7f1a0fbfb000-7f1a0fdfb000 ---p 00008000 08:05 4339066                    /usr/lib/x86_64-linux-gnu/libxcb-render.so.0.0.0
7f1a0fdfb000-7f1a0fdfc000 r--p 00008000 08:05 4339066                    /usr/lib/x86_64-linux-gnu/libxcb-render.so.0.0.0
7f1a0fdfc000-7f1a0fdfd000 rw-p 00009000 08:05 4339066                    /usr/lib/x86_64-linux-gnu/libxcb-render.so.0.0.0
7f1a0fdfd000-7f1a0fdff000 r-xp 00000000 08:05 4339068                    /usr/lib/x86_64-linux-gnu/libxcb-shm.so.0.0.0
7f1a0fdff000-7f1a0fffe000 ---p 00002000 08:05 4339068                    /usr/lib/x86_64-linux-gnu/libxcb-shm.so.0.0.0
7f1a0fffe000-7f1a0ffff000 r--p 00001000 08:05 4339068                    /usr/lib/x86_64-linux-gnu/libxcb-shm.so.0.0.0
7f1a0ffff000-7f1a10000000 rw-p 00002000 08:05 4339068                    /usr/lib/x86_64-linux-gnu/libxcb-shm.so.0.0.0
7f1a10000000-7f1a1024e000 rw-p 00000000 00:00 0 
7f1a1024e000-7f1a14000000 ---p 00000000 00:00 0 
7f1a14000000-7f1a14021000 rw-p 00000000 00:00 0 
7f1a14021000-7f1a18000000 ---p 00000000 00:00 0 
7f1a18000000-7f1a18021000 rw-p 00000000 00:00 0 
7f1a18021000-7f1a1c000000 ---p 00000000 00:00 0 
7f1a1c000000-7f1a1c16c000 rw-p 00000000 00:00 0 
7f1a1c16c000-7f1a20000000 ---p 00000000 00:00 0 
7f1a20000000-7f1a20021000 rw-p 00000000 00:00 0 
7f1a20021000-7f1a24000000 ---p 00000000 00:00 0 
7f1a24000000-7f1a24021000 rw-p 00000000 00:00 0 
7f1a24021000-7f1a28000000 ---p 00000000 00:00 0 
7f1a28000000-7f1a28588000 rw-p 00000000 00:00 0 
7f1a28588000-7f1a2c000000 ---p 00000000 00:00 0 
7f1a2c000000-7f1a2c989000 rw-p 00000000 00:00 0 
7f1a2c989000-7f1a30000000 ---p 00000000 00:00 0 
7f1a30000000-7f1a30021000 rw-p 00000000 00:00 0 
7f1a30021000-7f1a34000000 ---p 00000000 00:00 0 
7f1a34000000-7f1a34021000 rw-p 00000000 00:00 0 
7f1a34021000-7f1a38000000 ---p 00000000 00:00 0 
7f1a38000000-7f1a38021000 rw-p 00000000 00:00 0 
7f1a38021000-7f1a3c000000 ---p 00000000 00:00 0 
7f1a3c000000-7f1a3c021000 rw-p 00000000 00:00 0 
7f1a3c021000-7f1a40000000 ---p 00000000 00:00 0 
7f1a40000000-7f1a40021000 rw-p 00000000 00:00 0 
7f1a40021000-7f1a44000000 ---p 00000000 00:00 0 
7f1a44003000-7f1a4400c000 r--s 00000000 08:05 1321650                    /var/cache/fontconfig/6d41288fd70b0be22e8c3a91e032eec0-le64.cache-3
7f1a4400c000-7f1a4401c000 r--s 00000000 08:05 1311796                    /var/cache/fontconfig/04aabc0a78ac019cf9454389977116d2-le64.cache-3
7f1a4401c000-7f1a4401f000 r--s 00000000 08:05 1311802                    /var/cache/fontconfig/385c0604a188198f04d133e54aba7fe7-le64.cache-3
7f1a4401f000-7f1a44020000 r--s 00000000 08:05 1330330                    /var/cache/fontconfig/4794a0821666d79190d59a36cb4f44b5-le64.cache-3
7f1a44020000-7f1a44023000 r--s 00000000 08:05 1311811                    /var/cache/fontconfig/8801497958630a81b71ace7c5f9b32a8-le64.cache-3
7f1a44023000-7f1a44051000 r--s 00000000 08:05 1311083                    /var/cache/fontconfig/365b55f210c0a22e9a19e35191240f32-le64.cache-3
7f1a44051000-7f1a44056000 r--s 00000000 08:05 1311815                    /var/cache/fontconfig/b47c4e1ecd0709278f4910c18777a504-le64.cache-3
7f1a44056000-7f1a4405e000 r--s 00000000 08:05 1311415                    /var/cache/fontconfig/52f7bdb7ce746bfd7eaa1985bd9cfa93-le64.cache-3
7f1a4405e000-7f1a4406e000 r--s 00000000 08:05 1311820                    /var/cache/fontconfig/d52a8644073d54c13679302ca1180695-le64.cache-3
7f1a4406e000-7f1a44074000 r--s 00000000 08:05 1311414                    /var/cache/fontconfig/3f7329c5293ffd510edef78f73874cfd-le64.cache-3
7f1a44074000-7f1a4407f000 r--s 00000000 08:05 1312903                    /var/cache/fontconfig/e13b20fdb08344e0e664864cc2ede53d-le64.cache-3
7f1a4407f000-7f1a44089000 r--s 00254000 08:05 2757692                    /usr/local/java/jdk1.7.0_25/jre/lib/resources.jar
7f1a44089000-7f1a440b2000 r--p 00000000 08:05 4592080                    /usr/share/locale-langpack/pt/LC_MESSAGES/gtk20-properties.mo
7f1a440b2000-7f1a440db000 r--p 00000000 08:05 4592235                    /usr/share/locale-langpack/pt_BR/LC_MESSAGES/gtk20-properties.mo
7f1a440db000-7f1a44101000 r-xp 00000000 08:05 2887336                    /lib/x86_64-linux-gnu/libpng12.so.0.46.0
7f1a44101000-7f1a44301000 ---p 00026000 08:05 2887336                    /lib/x86_64-linux-gnu/libpng12.so.0.46.0
7f1a44301000-7f1a44302000 r--p 00026000 08:05 2887336                    /lib/x86_64-linux-gnu/libpng12.so.0.46.0
7f1a44302000-7f1a44303000 rw-p 00027000 08:05 2887336                    /lib/x86_64-linux-gnu/libpng12.so.0.46.0
7f1a44303000-7f1a44393000 r-xp 00000000 08:05 4328883                    /usr/lib/x86_64-linux-gnu/libpixman-1.so.0.30.2
7f1a44393000-7f1a44592000 ---p 00090000 08:05 4328883                    /usr/lib/x86_64-linux-gnu/libpixman-1.so.0.30.2
7f1a44592000-7f1a44599000 r--p 0008f000 08:05 4328883                    /usr/lib/x86_64-linux-gnu/libpixman-1.so.0.30.2
7f1a44599000-7f1a4459a000 rw-p 00096000 08:05 4328883                    /usr/lib/x86_64-linux-gnu/libpixman-1.so.0.30.2
7f1a4459a000-7f1a445b2000 r-xp 00000000 08:05 2896699                    /lib/x86_64-linux-gnu/libresolv-2.15.so
7f1a445b2000-7f1a447b2000 ---p 00018000 08:05 2896699                    /lib/x86_64-linux-gnu/libresolv-2.15.so
7f1a447b2000-7f1a447b3000 r--p 00018000 08:05 2896699                    /lib/x86_64-linux-gnu/libresolv-2.15.so
7f1a447b3000-7f1a447b4000 rw-p 00019000 08:05 2896699                    /lib/x86_64-linux-gnu/libresolv-2.15.so
7f1a447b4000-7f1a447b6000 rw-p 00000000 00:00 0 
7f1a447b6000-7f1a447d3000 r-xp 00000000 08:05 2887347                    /lib/x86_64-linux-gnu/libselinux.so.1
7f1a447d3000-7f1a449d2000 ---p 0001d000 08:05 2887347                    /lib/x86_64-linux-gnu/libselinux.so.1
7f1a449d2000-7f1a449d3000 r--p 0001c000 08:05 2887347                    /lib/x86_64-linux-gnu/libselinux.so.1
7f1a449d3000-7f1a449d4000 rw-p 0001d000 08:05 2887347                    /lib/x86_64-linux-gnu/libselinux.so.1
7f1a449d4000-7f1a449d5000 rw-p 00000000 00:00 0 
7f1a449d5000-7f1a449d7000 r-xp 00000000 08:05 4332945                    /usr/lib/x86_64-linux-gnu/libXcomposite.so.1.0.0
7f1a449d7000-7f1a44bd6000 ---p 00002000 08:05 4332945                    /usr/lib/x86_64-linux-gnu/libXcomposite.so.1.0.0
7f1a44bd6000-7f1a44bd7000 r--p 00001000 08:05 4332945                    /usr/lib/x86_64-linux-gnu/libXcomposite.so.1.0.0
7f1a44bd7000-7f1a44bd8000 rw-p 00002000 08:05 4332945                    /usr/lib/x86_64-linux-gnu/libXcomposite.so.1.0.0
7f1a44bd8000-7f1a44be1000 r-xp 00000000 08:05 4339239                    /usr/lib/x86_64-linux-gnu/libXcursor.so.1.0.2
7f1a44be1000-7f1a44de0000 ---p 00009000 08:05 4339239                    /usr/lib/x86_64-linux-gnu/libXcursor.so.1.0.2
7f1a44de0000-7f1a44de1000 r--p 00008000 08:05 4339239                    /usr/lib/x86_64-linux-gnu/libXcursor.so.1.0.2
7f1a44de1000-7f1a44de2000 rw-p 00009000 08:05 4339239                    /usr/lib/x86_64-linux-gnu/libXcursor.so.1.0.2
7f1a44de2000-7f1a44de9000 r-xp 00000000 08:05 4333550                    /usr/lib/x86_64-linux-gnu/libXrandr.so.2.2.0
7f1a44de9000-7f1a44fe8000 ---p 00007000 08:05 4333550                    /usr/lib/x86_64-linux-gnu/libXrandr.so.2.2.0
7f1a44fe8000-7f1a44fe9000 r--p 00006000 08:05 4333550                    /usr/lib/x86_64-linux-gnu/libXrandr.so.2.2.0
7f1a44fe9000-7f1a44fea000 rw-p 00007000 08:05 4333550                    /usr/lib/x86_64-linux-gnu/libXrandr.so.2.2.0
7f1a44fea000-7f1a44ff9000 r-xp 00000000 08:05 4329584                    /usr/lib/x86_64-linux-gnu/libXi.so.6.1.0
7f1a44ff9000-7f1a451f8000 ---p 0000f000 08:05 4329584                    /usr/lib/x86_64-linux-gnu/libXi.so.6.1.0
7f1a451f8000-7f1a451f9000 r--p 0000e000 08:05 4329584                    /usr/lib/x86_64-linux-gnu/libXi.so.6.1.0
7f1a451f9000-7f1a451fa000 rw-p 0000f000 08:05 4329584                    /usr/lib/x86_64-linux-gnu/libXi.so.6.1.0
7f1a451fa000-7f1a451fc000 r-xp 00000000 08:05 4339243                    /usr/lib/x86_64-linux-gnu/libXinerama.so.1.0.0
7f1a451fc000-7f1a453fb000 ---p 00002000 08:05 4339243                    /usr/lib/x86_64-linux-gnu/libXinerama.so.1.0.0
7f1a453fb000-7f1a453fc000 r--p 00001000 08:05 4339243                    /usr/lib/x86_64-linux-gnu/libXinerama.so.1.0.0
7f1a453fc000-7f1a453fd000 rw-p 00002000 08:05 4339243                    /usr/lib/x86_64-linux-gnu/libXinerama.so.1.0.0
7f1a453fd000-7f1a45406000 r-xp 00000000 08:05 4339173                    /usr/lib/x86_64-linux-gnu/libXrender.so.1.3.0
7f1a45406000-7f1a45605000 ---p 00009000 08:05 4339173                    /usr/lib/x86_64-linux-gnu/libXrender.so.1.3.0
7f1a45605000-7f1a45606000 r--p 00008000 08:05 4339173                    /usr/lib/x86_64-linux-gnu/libXrender.so.1.3.0
7f1a45606000-7f1a45607000 rw-p 00009000 08:05 4339173                    /usr/lib/x86_64-linux-gnu/libXrender.so.1.3.0
7f1a45607000-7f1a4560c000 r-xp 00000000 08:05 4339433                    /usr/lib/x86_64-linux-gnu/libXtst.so.6.1.0
7f1a4560c000-7f1a4580b000 ---p 00005000 08:05 4339433                    /usr/lib/x86_64-linux-gnu/libXtst.so.6.1.0
7f1a4580b000-7f1a4580c000 r--p 00004000 08:05 4339433                    /usr/lib/x86_64-linux-gnu/libXtst.so.6.1.0
7f1a4580c000-7f1a4580d000 rw-p 00005000 08:05 4339433                    /usr/lib/x86_64-linux-gnu/libXtst.so.6.1.0
7f1a4580d000-7f1a458ff000 r-xp 00000000 08:05 2897986                    /lib/x86_64-linux-gnu/libglib-2.0.so.0.3200.4
7f1a458ff000-7f1a45aff000 ---p 000f2000 08:05 2897986                    /lib/x86_64-linux-gnu/libglib-2.0.so.0.3200.4
7f1a45aff000-7f1a45b00000 r--p 000f2000 08:05 2897986                    /lib/x86_64-linux-gnu/libglib-2.0.so.0.3200.4
7f1a45b00000-7f1a45b01000 rw-p 000f3000 08:05 2897986                    /lib/x86_64-linux-gnu/libglib-2.0.so.0.3200.4
7f1a45b01000-7f1a45b02000 rw-p 00000000 00:00 0 
7f1a45b02000-7f1a45b03000 r-xp 00000000 08:05 4329956                    /usr/lib/x86_64-linux-gnu/libgthread-2.0.so.0.3200.4
7f1a45b03000-7f1a45d02000 ---p 00001000 08:05 4329956                    /usr/lib/x86_64-linux-gnu/libgthread-2.0.so.0.3200.4
7f1a45d02000-7f1a45d03000 r--p 00000000 08:05 4329956                    /usr/lib/x86_64-linux-gnu/libgthread-2.0.so.0.3200.4
7f1a45d03000-7f1a45d04000 rw-p 00001000 08:05 4329956                    /usr/lib/x86_64-linux-gnu/libgthread-2.0.so.0.3200.4
7f1a45d04000-7f1a45d07000 r-xp 00000000 08:05 4329955                    /usr/lib/x86_64-linux-gnu/libgmodule-2.0.so.0.3200.4
7f1a45d07000-7f1a45f06000 ---p 00003000 08:05 4329955                    /usr/lib/x86_64-linux-gnu/libgmodule-2.0.so.0.3200.4
7f1a45f06000-7f1a45f07000 r--p 00002000 08:05 4329955                    /usr/lib/x86_64-linux-gnu/libgmodule-2.0.so.0.3200.4
7f1a45f07000-7f1a45f08000 rw-p 00003000 08:05 4329955                    /usr/lib/x86_64-linux-gnu/libgmodule-2.0.so.0.3200.4
7f1a45f08000-7f1a45f55000 r-xp 00000000 08:05 4342092                    /usr/lib/x86_64-linux-gnu/libgobject-2.0.so.0.3200.4
7f1a45f55000-7f1a46155000 ---p 0004d000 08:05 4342092                    /usr/lib/x86_64-linux-gnu/libgobject-2.0.so.0.3200.4
7f1a46155000-7f1a46156000 r--p 0004d000 08:05 4342092                    /usr/lib/x86_64-linux-gnu/libgobject-2.0.so.0.3200.4
7f1a46156000-7f1a46157000 rw-p 0004e000 08:05 4342092                    /usr/lib/x86_64-linux-gnu/libgobject-2.0.so.0.3200.4
7f1a46157000-7f1a4618b000 r-xp 00000000 08:05 4333135                    /usr/lib/x86_64-linux-gnu/libfontconfig.so.1.4.4
7f1a4618b000-7f1a4638b000 ---p 00034000 08:05 4333135                    /usr/lib/x86_64-linux-gnu/libfontconfig.so.1.4.4
7f1a4638b000-7f1a4638c000 r--p 00034000 08:05 4333135                    /usr/lib/x86_64-linux-gnu/libfontconfig.so.1.4.4
7f1a4638c000-7f1a4638d000 rw-p 00035000 08:05 4333135                    /usr/lib/x86_64-linux-gnu/libfontconfig.so.1.4.4
7f1a4638d000-7f1a46423000 r-xp 00000000 08:05 4333143                    /usr/lib/x86_64-linux-gnu/libfreetype.so.6.8.0
7f1a46423000-7f1a46622000 ---p 00096000 08:05 4333143                    /usr/lib/x86_64-linux-gnu/libfreetype.so.6.8.0
7f1a46622000-7f1a46628000 r--p 00095000 08:05 4333143                    /usr/lib/x86_64-linux-gnu/libfreetype.so.6.8.0
7f1a46628000-7f1a46629000 rw-p 0009b000 08:05 4333143                    /usr/lib/x86_64-linux-gnu/libfreetype.so.6.8.0
7f1a46629000-7f1a4666f000 r-xp 00000000 08:05 4333378                    /usr/lib/x86_64-linux-gnu/libpango-1.0.so.0.3000.0
7f1a4666f000-7f1a4686f000 ---p 00046000 08:05 4333378                    /usr/lib/x86_64-linux-gnu/libpango-1.0.so.0.3000.0
7f1a4686f000-7f1a46871000 r--p 00046000 08:05 4333378                    /usr/lib/x86_64-linux-gnu/libpango-1.0.so.0.3000.0
7f1a46871000-7f1a46872000 rw-p 00048000 08:05 4333378                    /usr/lib/x86_64-linux-gnu/libpango-1.0.so.0.3000.0
7f1a46872000-7f1a4692b000 r-xp 00000000 08:05 4333041                    /usr/lib/x86_64-linux-gnu/libcairo.so.2.11000.2
7f1a4692b000-7f1a46b2a000 ---p 000b9000 08:05 4333041                    /usr/lib/x86_64-linux-gnu/libcairo.so.2.11000.2
7f1a46b2a000-7f1a46b2c000 r--p 000b8000 08:05 4333041                    /usr/lib/x86_64-linux-gnu/libcairo.so.2.11000.2
7f1a46b2c000-7f1a46b2d000 rw-p 000ba000 08:05 4333041                    /usr/lib/x86_64-linux-gnu/libcairo.so.2.11000.2
7f1a46b2d000-7f1a46b30000 rw-p 00000000 00:00 0 
7f1a46b30000-7f1a46b3b000 r-xp 00000000 08:05 4333380                    /usr/lib/x86_64-linux-gnu/libpangocairo-1.0.so.0.3000.0
7f1a46b3b000-7f1a46d3a000 ---p 0000b000 08:05 4333380                    /usr/lib/x86_64-linux-gnu/libpangocairo-1.0.so.0.3000.0
7f1a46d3a000-7f1a46d3b000 r--p 0000a000 08:05 4333380                    /usr/lib/x86_64-linux-gnu/libpangocairo-1.0.so.0.3000.0
7f1a46d3b000-7f1a46d3c000 rw-p 0000b000 08:05 4333380                    /usr/lib/x86_64-linux-gnu/libpangocairo-1.0.so.0.3000.0
7f1a46d3c000-7f1a46d5a000 r-xp 00000000 08:05 4333164                    /usr/lib/x86_64-linux-gnu/libgdk_pixbuf-2.0.so.0.2600.1
7f1a46d5a000-7f1a46f5a000 ---p 0001e000 08:05 4333164                    /usr/lib/x86_64-linux-gnu/libgdk_pixbuf-2.0.so.0.2600.1
7f1a46f5a000-7f1a46f5b000 r--p 0001e000 08:05 4333164                    /usr/lib/x86_64-linux-gnu/libgdk_pixbuf-2.0.so.0.2600.1
7f1a46f5b000-7f1a46f5c000 rw-p 0001f000 08:05 4333164                    /usr/lib/x86_64-linux-gnu/libgdk_pixbuf-2.0.so.0.2600.1
7f1a46f5c000-7f1a46f85000 r-xp 00000000 08:05 4333382                    /usr/lib/x86_64-linux-gnu/libpangoft2-1.0.so.0.3000.0
7f1a46f85000-7f1a47184000 ---p 00029000 08:05 4333382                    /usr/lib/x86_64-linux-gnu/libpangoft2-1.0.so.0.3000.0
7f1a47184000-7f1a47185000 r--p 00028000 08:05 4333382                    /usr/lib/x86_64-linux-gnu/libpangoft2-1.0.so.0.3000.0
7f1a47185000-7f1a47186000 rw-p 00029000 08:05 4333382                    /usr/lib/x86_64-linux-gnu/libpangoft2-1.0.so.0.3000.0
7f1a47186000-7f1a472ce000 r-xp 00000000 08:05 4342086                    /usr/lib/x86_64-linux-gnu/libgio-2.0.so.0.3200.4
7f1a472ce000-7f1a474cd000 ---p 00148000 08:05 4342086                    /usr/lib/x86_64-linux-gnu/libgio-2.0.so.0.3200.4
7f1a474cd000-7f1a474d1000 r--p 00147000 08:05 4342086                    /usr/lib/x86_64-linux-gnu/libgio-2.0.so.0.3200.4
7f1a474d1000-7f1a474d3000 rw-p 0014b000 08:05 4342086                    /usr/lib/x86_64-linux-gnu/libgio-2.0.so.0.3200.4
7f1a474d3000-7f1a474d5000 rw-p 00000000 00:00 0 
7f1a474d5000-7f1a474f4000 r-xp 00000000 08:05 4333003                    /usr/lib/x86_64-linux-gnu/libatk-1.0.so.0.20409.1
7f1a474f4000-7f1a476f4000 ---p 0001f000 08:05 4333003                    /usr/lib/x86_64-linux-gnu/libatk-1.0.so.0.20409.1
7f1a476f4000-7f1a476f6000 r--p 0001f000 08:05 4333003                    /usr/lib/x86_64-linux-gnu/libatk-1.0.so.0.20409.1
7f1a476f6000-7f1a476f7000 rw-p 00021000 08:05 4333003                    /usr/lib/x86_64-linux-gnu/libatk-1.0.so.0.20409.1
7f1a476f7000-7f1a477a4000 r-xp 00000000 08:05 4333162                    /usr/lib/x86_64-linux-gnu/libgdk-x11-2.0.so.0.2400.10
7f1a477a4000-7f1a479a3000 ---p 000ad000 08:05 4333162                    /usr/lib/x86_64-linux-gnu/libgdk-x11-2.0.so.0.2400.10
7f1a479a3000-7f1a479a7000 r--p 000ac000 08:05 4333162                    /usr/lib/x86_64-linux-gnu/libgdk-x11-2.0.so.0.2400.10
7f1a479a7000-7f1a479a9000 rw-p 000b0000 08:05 4333162                    /usr/lib/x86_64-linux-gnu/libgdk-x11-2.0.so.0.2400.10
7f1a479a9000-7f1a47dd6000 r-xp 00000000 08:05 4333261                    /usr/lib/x86_64-linux-gnu/libgtk-x11-2.0.so.0.2400.10
7f1a47dd6000-7f1a47fd6000 ---p 0042d000 08:05 4333261                    /usr/lib/x86_64-linux-gnu/libgtk-x11-2.0.so.0.2400.10
7f1a47fd6000-7f1a47fdd000 r--p 0042d000 08:05 4333261                    /usr/lib/x86_64-linux-gnu/libgtk-x11-2.0.so.0.2400.10
7f1a47fdd000-7f1a47fe1000 rw-p 00434000 08:05 4333261                    /usr/lib/x86_64-linux-gnu/libgtk-x11-2.0.so.0.2400.10
7f1a47fe1000-7f1a47fe3000 rw-p 00000000 00:00 0 
7f1a47fe7000-7f1a48000000 r--p 00000000 08:05 4595559                    /usr/share/locale-langpack/pt/LC_MESSAGES/libc.mo
7f1a48000000-7f1a48021000 rw-p 00000000 00:00 0 
7f1a48021000-7f1a4c000000 ---p 00000000 00:00 0 
7f1a4c003000-7f1a4c028000 r-xp 00000000 08:05 2757847                    /usr/local/java/jdk1.7.0_25/jre/lib/amd64/libglass.so
7f1a4c028000-7f1a4c228000 ---p 00025000 08:05 2757847                    /usr/local/java/jdk1.7.0_25/jre/lib/amd64/libglass.so
7f1a4c228000-7f1a4c229000 r--p 00025000 08:05 2757847                    /usr/local/java/jdk1.7.0_25/jre/lib/amd64/libglass.so
7f1a4c229000-7f1a4c22a000 rw-p 00026000 08:05 2757847                    /usr/local/java/jdk1.7.0_25/jre/lib/amd64/libglass.so
7f1a4c22a000-7f1a4c22d000 ---p 00000000 00:00 0 
7f1a4c22d000-7f1a4c32b000 rw-p 00000000 00:00 0                          [stack:3868]
7f1a4c32b000-7f1a4c341000 r-xp 00000000 08:05 2887370                    /lib/x86_64-linux-gnu/libz.so.1.2.3.4
7f1a4c341000-7f1a4c540000 ---p 00016000 08:05 2887370                    /lib/x86_64-linux-gnu/libz.so.1.2.3.4
7f1a4c540000-7f1a4c541000 r--p 00015000 08:05 2887370                    /lib/x86_64-linux-gnu/libz.so.1.2.3.4
7f1a4c541000-7f1a4c542000 rw-p 00016000 08:05 2887370                    /lib/x86_64-linux-gnu/libz.so.1.2.3.4
7f1a4c542000-7f1a4c54a000 r-xp 00000000 08:05 4325419                    /usr/lib/x86_64-linux-gnu/libpciaccess.so.0.11.0
7f1a4c54a000-7f1a4c749000 ---p 00008000 08:05 4325419                    /usr/lib/x86_64-linux-gnu/libpciaccess.so.0.11.0
7f1a4c749000-7f1a4c74a000 r--p 00007000 08:05 4325419                    /usr/lib/x86_64-linux-gnu/libpciaccess.so.0.11.0
7f1a4c74a000-7f1a4c74b000 rw-p 00008000 08:05 4325419                    /usr/lib/x86_64-linux-gnu/libpciaccess.so.0.11.0
7f1a4c74b000-7f1a4c760000 r-xp 00000000 08:05 2887280                    /lib/x86_64-linux-gnu/libgcc_s.so.1
7f1a4c760000-7f1a4c95f000 ---p 00015000 08:05 2887280                    /lib/x86_64-linux-gnu/libgcc_s.so.1
7f1a4c95f000-7f1a4c960000 r--p 00014000 08:05 2887280                    /lib/x86_64-linux-gnu/libgcc_s.so.1
7f1a4c960000-7f1a4c961000 rw-p 00015000 08:05 2887280                    /lib/x86_64-linux-gnu/libgcc_s.so.1
7f1a4c961000-7f1a4ca43000 r-xp 00000000 08:05 4333483                    /usr/lib/x86_64-linux-gnu/libstdc++.so.6.0.16
7f1a4ca43000-7f1a4cc42000 ---p 000e2000 08:05 4333483                    /usr/lib/x86_64-linux-gnu/libstdc++.so.6.0.16
7f1a4cc42000-7f1a4cc4a000 r--p 000e1000 08:05 4333483                    /usr/lib/x86_64-linux-gnu/libstdc++.so.6.0.16
7f1a4cc4a000-7f1a4cc4c000 rw-p 000e9000 08:05 4333483                    /usr/lib/x86_64-linux-gnu/libstdc++.so.6.0.16
7f1a4cc4c000-7f1a4cc61000 rw-p 00000000 00:00 0 
7f1a4cc61000-7f1a4cc81000 r-xp 00000000 08:05 4326023                    /usr/lib/x86_64-linux-gnu/libdrm_intel.so.1.0.0
7f1a4cc81000-7f1a4ce80000 ---p 00020000 08:05 4326023                    /usr/lib/x86_64-linux-gnu/libdrm_intel.so.1.0.0
7f1a4ce80000-7f1a4ce81000 r--p 0001f000 08:05 4326023                    /usr/lib/x86_64-linux-gnu/libdrm_intel.so.1.0.0
7f1a4ce81000-7f1a4ce82000 rw-p 00020000 08:05 4326023                    /usr/lib/x86_64-linux-gnu/libdrm_intel.so.1.0.0
7f1a4ce82000-7f1a4cea9000 r-xp 00000000 08:05 2887277                    /lib/x86_64-linux-gnu/libexpat.so.1.5.2
7f1a4cea9000-7f1a4d0a9000 ---p 00027000 08:05 2887277                    /lib/x86_64-linux-gnu/libexpat.so.1.5.2
7f1a4d0a9000-7f1a4d0ab000 r--p 00027000 08:05 2887277                    /lib/x86_64-linux-gnu/libexpat.so.1.5.2
7f1a4d0ab000-7f1a4d0ac000 rw-p 00029000 08:05 2887277                    /lib/x86_64-linux-gnu/libexpat.so.1.5.2
7f1a4d0ac000-7f1a4d419000 r-xp 00000000 08:05 4325400                    /usr/lib/x86_64-linux-gnu/libdricore9.0.3.so.1.0.0
7f1a4d419000-7f1a4d619000 ---p 0036d000 08:05 4325400                    /usr/lib/x86_64-linux-gnu/libdricore9.0.3.so.1.0.0
7f1a4d619000-7f1a4d62c000 r--p 0036d000 08:05 4325400                    /usr/lib/x86_64-linux-gnu/libdricore9.0.3.so.1.0.0
7f1a4d62c000-7f1a4d631000 rw-p 00380000 08:05 4325400                    /usr/lib/x86_64-linux-gnu/libdricore9.0.3.so.1.0.0
7f1a4d631000-7f1a4d649000 rw-p 00000000 00:00 0 
7f1a4d649000-7f1a4d701000 r-xp 00000000 08:05 4588416                    /usr/lib/x86_64-linux-gnu/dri/i965_dri.so
7f1a4d701000-7f1a4d901000 ---p 000b8000 08:05 4588416                    /usr/lib/x86_64-linux-gnu/dri/i965_dri.so
7f1a4d901000-7f1a4d904000 r--p 000b8000 08:05 4588416                    /usr/lib/x86_64-linux-gnu/dri/i965_dri.so
7f1a4d904000-7f1a4d907000 rw-p 000bb000 08:05 4588416                    /usr/lib/x86_64-linux-gnu/dri/i965_dri.so
7f1a4d907000-7f1a4d908000 rw-p 00000000 00:00 0 
7f1a4d908000-7f1a4d90d000 r-xp 00000000 08:05 4332951                    /usr/lib/x86_64-linux-gnu/libXdmcp.so.6.0.0
7f1a4d90d000-7f1a4db0c000 ---p 00005000 08:05 4332951                    /usr/lib/x86_64-linux-gnu/libXdmcp.so.6.0.0
7f1a4db0c000-7f1a4db0d000 r--p 00004000 08:05 4332951                    /usr/lib/x86_64-linux-gnu/libXdmcp.so.6.0.0
7f1a4db0d000-7f1a4db0e000 rw-p 00005000 08:05 4332951                    /usr/lib/x86_64-linux-gnu/libXdmcp.so.6.0.0
7f1a4db0e000-7f1a4db10000 r-xp 00000000 08:05 4332940                    /usr/lib/x86_64-linux-gnu/libXau.so.6.0.0
7f1a4db10000-7f1a4dd0f000 ---p 00002000 08:05 4332940                    /usr/lib/x86_64-linux-gnu/libXau.so.6.0.0
7f1a4dd0f000-7f1a4dd10000 r--p 00001000 08:05 4332940                    /usr/lib/x86_64-linux-gnu/libXau.so.6.0.0
7f1a4dd10000-7f1a4dd11000 rw-p 00002000 08:05 4332940                    /usr/lib/x86_64-linux-gnu/libXau.so.6.0.0
7f1a4dd11000-7f1a4dd1b000 r-xp 00000000 08:05 4326314                    /usr/lib/x86_64-linux-gnu/libdrm.so.2.4.0
7f1a4dd1b000-7f1a4df1a000 ---p 0000a000 08:05 4326314                    /usr/lib/x86_64-linux-gnu/libdrm.so.2.4.0
7f1a4df1a000-7f1a4df1b000 r--p 00009000 08:05 4326314                    /usr/lib/x86_64-linux-gnu/libdrm.so.2.4.0
7f1a4df1b000-7f1a4df1c000 rw-p 0000a000 08:05 4326314                    /usr/lib/x86_64-linux-gnu/libdrm.so.2.4.0
7f1a4df1c000-7f1a4df31000 r-xp 00000000 08:05 4339288                    /usr/lib/x86_64-linux-gnu/libxcb-glx.so.0.0.0
7f1a4df31000-7f1a4e130000 ---p 00015000 08:05 4339288                    /usr/lib/x86_64-linux-gnu/libxcb-glx.so.0.0.0
7f1a4e130000-7f1a4e132000 r--p 00014000 08:05 4339288                    /usr/lib/x86_64-linux-gnu/libxcb-glx.so.0.0.0
7f1a4e132000-7f1a4e133000 rw-p 00016000 08:05 4339288                    /usr/lib/x86_64-linux-gnu/libxcb-glx.so.0.0.0
7f1a4e133000-7f1a4e134000 r-xp 00000000 08:05 4333425                    /usr/lib/x86_64-linux-gnu/libX11-xcb.so.1.0.0
7f1a4e134000-7f1a4e333000 ---p 00001000 08:05 4333425                    /usr/lib/x86_64-linux-gnu/libX11-xcb.so.1.0.0
7f1a4e333000-7f1a4e334000 r--p 00000000 08:05 4333425                    /usr/lib/x86_64-linux-gnu/libX11-xcb.so.1.0.0
7f1a4e334000-7f1a4e335000 rw-p 00001000 08:05 4333425                    /usr/lib/x86_64-linux-gnu/libX11-xcb.so.1.0.0
7f1a4e335000-7f1a4e33a000 r-xp 00000000 08:05 4329579                    /usr/lib/x86_64-linux-gnu/libXfixes.so.3.1.0
7f1a4e33a000-7f1a4e539000 ---p 00005000 08:05 4329579                    /usr/lib/x86_64-linux-gnu/libXfixes.so.3.1.0
7f1a4e539000-7f1a4e53a000 r--p 00004000 08:05 4329579                    /usr/lib/x86_64-linux-gnu/libXfixes.so.3.1.0
7f1a4e53a000-7f1a4e53b000 rw-p 00005000 08:05 4329579                    /usr/lib/x86_64-linux-gnu/libXfixes.so.3.1.0
7f1a4e53b000-7f1a4e53d000 r-xp 00000000 08:05 4332949                    /usr/lib/x86_64-linux-gnu/libXdamage.so.1.1.0
7f1a4e53d000-7f1a4e73c000 ---p 00002000 08:05 4332949                    /usr/lib/x86_64-linux-gnu/libXdamage.so.1.1.0
7f1a4e73c000-7f1a4e73d000 r--p 00001000 08:05 4332949                    /usr/lib/x86_64-linux-gnu/libXdamage.so.1.1.0
7f1a4e73d000-7f1a4e73e000 rw-p 00002000 08:05 4332949                    /usr/lib/x86_64-linux-gnu/libXdamage.so.1.1.0
7f1a4e73e000-7f1a4e75f000 r-xp 00000000 08:05 4325460                    /usr/lib/x86_64-linux-gnu/libglapi.so.0.0.0
7f1a4e75f000-7f1a4e95e000 ---p 00021000 08:05 4325460                    /usr/lib/x86_64-linux-gnu/libglapi.so.0.0.0
7f1a4e95e000-7f1a4e961000 r--p 00020000 08:05 4325460                    /usr/lib/x86_64-linux-gnu/libglapi.so.0.0.0
7f1a4e961000-7f1a4e962000 rw-p 00023000 08:05 4325460                    /usr/lib/x86_64-linux-gnu/libglapi.so.0.0.0
7f1a4e962000-7f1a4e963000 rw-p 00000000 00:00 0 
7f1a4e963000-7f1a4e973000 r-xp 00000000 08:05 4339037                    /usr/lib/x86_64-linux-gnu/libXext.so.6.4.0
7f1a4e973000-7f1a4eb72000 ---p 00010000 08:05 4339037                    /usr/lib/x86_64-linux-gnu/libXext.so.6.4.0
7f1a4eb72000-7f1a4eb73000 r--p 0000f000 08:05 4339037                    /usr/lib/x86_64-linux-gnu/libXext.so.6.4.0
7f1a4eb73000-7f1a4eb74000 rw-p 00010000 08:05 4339037                    /usr/lib/x86_64-linux-gnu/libXext.so.6.4.0
7f1a4eb74000-7f1a4eb91000 r-xp 00000000 08:05 4346997                    /usr/lib/x86_64-linux-gnu/libxcb.so.1.1.0
7f1a4eb91000-7f1a4ed90000 ---p 0001d000 08:05 4346997                    /usr/lib/x86_64-linux-gnu/libxcb.so.1.1.0
7f1a4ed90000-7f1a4ed91000 r--p 0001c000 08:05 4346997                    /usr/lib/x86_64-linux-gnu/libxcb.so.1.1.0
7f1a4ed91000-7f1a4ed92000 rw-p 0001d000 08:05 4346997                    /usr/lib/x86_64-linux-gnu/libxcb.so.1.1.0
7f1a4ed92000-7f1a4edf4000 r-xp 00000000 08:05 4587578                    /usr/lib/x86_64-linux-gnu/mesa/libGL.so.1.2.0
7f1a4edf4000-7f1a4eff4000 ---p 00062000 08:05 4587578                    /usr/lib/x86_64-linux-gnu/mesa/libGL.so.1.2.0
7f1a4eff4000-7f1a4eff6000 r--p 00062000 08:05 4587578                    /usr/lib/x86_64-linux-gnu/mesa/libGL.so.1.2.0
7f1a4eff6000-7f1a4eff7000 rw-p 00064000 08:05 4587578                    /usr/lib/x86_64-linux-gnu/mesa/libGL.so.1.2.0
7f1a4eff7000-7f1a4eff8000 rw-p 00000000 00:00 0 
7f1a4eff8000-7f1a4effc000 r-xp 00000000 08:05 4339290                    /usr/lib/x86_64-linux-gnu/libXxf86vm.so.1.0.0
7f1a4effc000-7f1a4f1fb000 ---p 00004000 08:05 4339290                    /usr/lib/x86_64-linux-gnu/libXxf86vm.so.1.0.0
7f1a4f1fb000-7f1a4f1fc000 r--p 00003000 08:05 4339290                    /usr/lib/x86_64-linux-gnu/libXxf86vm.so.1.0.0
7f1a4f1fc000-7f1a4f1fd000 rw-p 00004000 08:05 4339290                    /usr/lib/x86_64-linux-gnu/libXxf86vm.so.1.0.0
7f1a4f1fd000-7f1a4f32d000 r-xp 00000000 08:05 4326365                    /usr/lib/x86_64-linux-gnu/libX11.so.6.3.0
7f1a4f32d000-7f1a4f52d000 ---p 00130000 08:05 4326365                    /usr/lib/x86_64-linux-gnu/libX11.so.6.3.0
7f1a4f52d000-7f1a4f52e000 r--p 00130000 08:05 4326365                    /usr/lib/x86_64-linux-gnu/libX11.so.6.3.0
7f1a4f52e000-7f1a4f532000 rw-p 00131000 08:05 4326365                    /usr/lib/x86_64-linux-gnu/libX11.so.6.3.0
7f1a4f532000-7f1a4f53b000 r-xp 00000000 08:05 2757848                    /usr/local/java/jdk1.7.0_25/jre/lib/amd64/libprism-es2.so
7f1a4f53b000-7f1a4f73a000 ---p 00009000 08:05 2757848                    /usr/local/java/jdk1.7.0_25/jre/lib/amd64/libprism-es2.so
7f1a4f73a000-7f1a4f73b000 r--p 00008000 08:05 2757848                    /usr/local/java/jdk1.7.0_25/jre/lib/amd64/libprism-es2.so
7f1a4f73b000-7f1a4f73c000 rw-p 00009000 08:05 2757848                    /usr/local/java/jdk1.7.0_25/jre/lib/amd64/libprism-es2.so
7f1a4f73c000-7f1a4f73f000 ---p 00000000 00:00 0 
7f1a4f73f000-7f1a4f83d000 rw-p 00000000 00:00 0                          [stack:3867]
7f1a4f83d000-7f1a4f8cc000 r--s 00dd9000 08:07 404757                     /home/emerson/NetBeansProjects/gamut-prof/dist/run1214006689/lib/jfxrt.jar
7f1a4f8cc000-7f1a4f8cf000 ---p 00000000 00:00 0 
7f1a4f8cf000-7f1a4f9cd000 rw-p 00000000 00:00 0                          [stack:3866]
7f1a4f9cd000-7f1a4f9eb000 r-xp 00000000 08:05 2757805                    /usr/local/java/jdk1.7.0_25/jre/lib/amd64/libdeploy.so
7f1a4f9eb000-7f1a4fbea000 ---p 0001e000 08:05 2757805                    /usr/local/java/jdk1.7.0_25/jre/lib/amd64/libdeploy.so
7f1a4fbea000-7f1a4fbec000 rw-p 0001d000 08:05 2757805                    /usr/local/java/jdk1.7.0_25/jre/lib/amd64/libdeploy.so
7f1a4fbec000-7f1a4fbfc000 rw-p 00000000 00:00 0 
7f1a4fbfc000-7f1a4fbff000 ---p 00000000 00:00 0 
7f1a4fbff000-7f1a4fcfd000 rw-p 00000000 00:00 0                          [stack:3865]
7f1a4fcfd000-7f1a4fcfe000 ---p 00000000 00:00 0 
7f1a4fcfe000-7f1a4fdfe000 rw-p 00000000 00:00 0                          [stack:3864]
7f1a4fdfe000-7f1a4fe01000 ---p 00000000 00:00 0 
7f1a4fe01000-7f1a4feff000 rw-p 00000000 00:00 0                          [stack:3863]
7f1a4feff000-7f1a4ff02000 ---p 00000000 00:00 0 
7f1a4ff02000-7f1a50000000 rw-p 00000000 00:00 0                          [stack:3862]
7f1a50000000-7f1a50021000 rw-p 00000000 00:00 0 
7f1a50021000-7f1a54000000 ---p 00000000 00:00 0 
7f1a54003000-7f1a54007000 r--s 000f7000 08:05 2757761                    /usr/local/java/jdk1.7.0_25/jre/lib/ext/localedata.jar
7f1a54007000-7f1a54016000 r--p 00000000 08:05 4592192                    /usr/share/locale-langpack/pt_BR/LC_MESSAGES/gtk20.mo
7f1a54016000-7f1a54038000 r--p 00000000 08:05 4594582                    /usr/share/locale-langpack/pt_BR/LC_MESSAGES/libc.mo
7f1a54038000-7f1a5404b000 r--s 000d3000 08:07 404758                     /home/emerson/NetBeansProjects/gamut-prof/dist/run1214006689/lib/plugin.jar
7f1a5404b000-7f1a54070000 rw-p 00000000 00:00 0 
7f1a54070000-7f1a54079000 r--s 00067000 08:07 404756                     /home/emerson/NetBeansProjects/gamut-prof/dist/run1214006689/lib/javaws.jar
7f1a54079000-7f1a54090000 r--s 001c2000 08:07 404747                     /home/emerson/NetBeansProjects/gamut-prof/dist/run1214006689/lib/deploy.jar
7f1a54090000-7f1a540b5000 rw-p 00000000 00:00 0 
7f1a540b5000-7f1a540b8000 ---p 00000000 00:00 0 
7f1a540b8000-7f1a541b6000 rw-p 00000000 00:00 0                          [stack:3861]
7f1a541b6000-7f1a541b9000 ---p 00000000 00:00 0 
7f1a541b9000-7f1a542b7000 rw-p 00000000 00:00 0                          [stack:3860]
7f1a542b7000-7f1a5499a000 r--p 00000000 08:05 4332220                    /usr/lib/locale/locale-archive
7f1a5499a000-7f1a5499d000 ---p 00000000 00:00 0 
7f1a5499d000-7f1a54a9b000 rw-p 00000000 00:00 0                          [stack:3859]
7f1a54a9b000-7f1a54a9e000 ---p 00000000 00:00 0 
7f1a54a9e000-7f1a54b9c000 rw-p 00000000 00:00 0                          [stack:3858]
7f1a54b9c000-7f1a54b9d000 ---p 00000000 00:00 0 
7f1a54b9d000-7f1a58000000 rw-p 00000000 00:00 0                          [stack:3857]
7f1a58000000-7f1a58021000 rw-p 00000000 00:00 0 
7f1a58021000-7f1a5c000000 ---p 00000000 00:00 0 
7f1a5c002000-7f1a5c007000 r--s 00000000 08:05 1311800                    /var/cache/fontconfig/3047814df9a2f067bd2d96a2b9c36e5a-le64.cache-3
7f1a5c007000-7f1a5c00d000 r--p 00000000 08:07 291779                     /home/emerson/.config/dconf/user
7f1a5c00d000-7f1a5c014000 r--s 00000000 08:05 4603849                    /usr/lib/x86_64-linux-gnu/gconv/gconv-modules.cache
7f1a5c014000-7f1a5c0a3000 r--s 00dd9000 08:05 2757867                    /usr/local/java/jdk1.7.0_25/jre/lib/jfxrt.jar
7f1a5c0a3000-7f1a5d000000 rw-p 00000000 00:00 0 
7f1a5d000000-7f1a5d270000 rwxp 00000000 00:00 0 
7f1a5d270000-7f1a601d7000 rw-p 00000000 00:00 0 
7f1a601d7000-7f1a64000000 ---p 00000000 00:00 0 
7f1a64002000-7f1a64003000 rw-p 00000000 00:00 0 
7f1a64003000-7f1a64004000 r--s 00000000 08:05 1311805                    /var/cache/fontconfig/56cf4f4769d0f4abc89a4895d7bd3ae1-le64.cache-3
7f1a64004000-7f1a64007000 r--s 00029000 08:07 404745                     /home/emerson/NetBeansProjects/gamut-prof/dist/run1214006689/lib/JFlex.jar
7f1a64007000-7f1a6401a000 r--s 000d3000 08:05 2757094                    /usr/local/java/jdk1.7.0_25/jre/lib/plugin.jar
7f1a6401a000-7f1a649f6000 rw-p 00000000 00:00 0 
7f1a649f6000-7f1a64bb3000 r--s 039f9000 08:05 2757572                    /usr/local/java/jdk1.7.0_25/jre/lib/rt.jar
7f1a64bb3000-7f1a64bdb000 rw-p 00000000 00:00 0 
7f1a64bdb000-7f1a64bdc000 ---p 00000000 00:00 0 
7f1a64bdc000-7f1a64cdc000 rw-p 00000000 00:00 0                          [stack:3856]
7f1a64cdc000-7f1a64cdd000 ---p 00000000 00:00 0 
7f1a64cdd000-7f1a64ddd000 rw-p 00000000 00:00 0                          [stack:3855]
7f1a64ddd000-7f1a64dde000 ---p 00000000 00:00 0 
7f1a64dde000-7f1a64ede000 rw-p 00000000 00:00 0                          [stack:3854]
7f1a64ede000-7f1a64edf000 ---p 00000000 00:00 0 
7f1a64edf000-7f1a64fea000 rw-p 00000000 00:00 0                          [stack:3853]
7f1a64fea000-7f1a65008000 rw-p 00000000 00:00 0 
7f1a65008000-7f1a65027000 rw-p 00000000 00:00 0 
7f1a65027000-7f1a651f1000 rw-p 00000000 00:00 0 
7f1a651f1000-7f1a651fc000 rw-p 00000000 00:00 0 
7f1a651fc000-7f1a6521a000 rw-p 00000000 00:00 0 
7f1a6521a000-7f1a65239000 rw-p 00000000 00:00 0 
7f1a65239000-7f1a65402000 rw-p 00000000 00:00 0 
7f1a65402000-7f1a65412000 rw-p 00000000 00:00 0 
7f1a65412000-7f1a654f7000 rw-p 00000000 00:00 0 
7f1a654f7000-7f1a654f8000 rw-p 00000000 00:00 0 
7f1a654f8000-7f1a65513000 r-xp 00000000 08:05 2757831                    /usr/local/java/jdk1.7.0_25/jre/lib/amd64/libzip.so
7f1a65513000-7f1a65712000 ---p 0001b000 08:05 2757831                    /usr/local/java/jdk1.7.0_25/jre/lib/amd64/libzip.so
7f1a65712000-7f1a65713000 rw-p 0001a000 08:05 2757831                    /usr/local/java/jdk1.7.0_25/jre/lib/amd64/libzip.so
7f1a65713000-7f1a6571f000 r-xp 00000000 08:05 2896698                    /lib/x86_64-linux-gnu/libnss_files-2.15.so
7f1a6571f000-7f1a6591e000 ---p 0000c000 08:05 2896698                    /lib/x86_64-linux-gnu/libnss_files-2.15.so
7f1a6591e000-7f1a6591f000 r--p 0000b000 08:05 2896698                    /lib/x86_64-linux-gnu/libnss_files-2.15.so
7f1a6591f000-7f1a65920000 rw-p 0000c000 08:05 2896698                    /lib/x86_64-linux-gnu/libnss_files-2.15.so
7f1a65920000-7f1a6592a000 r-xp 00000000 08:05 2896702                    /lib/x86_64-linux-gnu/libnss_nis-2.15.so
7f1a6592a000-7f1a65b2a000 ---p 0000a000 08:05 2896702                    /lib/x86_64-linux-gnu/libnss_nis-2.15.so
7f1a65b2a000-7f1a65b2b000 r--p 0000a000 08:05 2896702                    /lib/x86_64-linux-gnu/libnss_nis-2.15.so
7f1a65b2b000-7f1a65b2c000 rw-p 0000b000 08:05 2896702                    /lib/x86_64-linux-gnu/libnss_nis-2.15.so
7f1a65b2c000-7f1a65b43000 r-xp 00000000 08:05 2896714                    /lib/x86_64-linux-gnu/libnsl-2.15.so
7f1a65b43000-7f1a65d42000 ---p 00017000 08:05 2896714                    /lib/x86_64-linux-gnu/libnsl-2.15.so
7f1a65d42000-7f1a65d43000 r--p 00016000 08:05 2896714                    /lib/x86_64-linux-gnu/libnsl-2.15.so
7f1a65d43000-7f1a65d44000 rw-p 00017000 08:05 2896714                    /lib/x86_64-linux-gnu/libnsl-2.15.so
7f1a65d44000-7f1a65d46000 rw-p 00000000 00:00 0 
7f1a65d46000-7f1a65d4e000 r-xp 00000000 08:05 2896696                    /lib/x86_64-linux-gnu/libnss_compat-2.15.so
7f1a65d4e000-7f1a65f4d000 ---p 00008000 08:05 2896696                    /lib/x86_64-linux-gnu/libnss_compat-2.15.so
7f1a65f4d000-7f1a65f4e000 r--p 00007000 08:05 2896696                    /lib/x86_64-linux-gnu/libnss_compat-2.15.so
7f1a65f4e000-7f1a65f4f000 rw-p 00008000 08:05 2896696                    /lib/x86_64-linux-gnu/libnss_compat-2.15.so
7f1a65f4f000-7f1a65f78000 r-xp 00000000 08:05 2757822                    /usr/local/java/jdk1.7.0_25/jre/lib/amd64/libjava.so
7f1a65f78000-7f1a66178000 ---p 00029000 08:05 2757822                    /usr/local/java/jdk1.7.0_25/jre/lib/amd64/libjava.so
7f1a66178000-7f1a6617a000 rw-p 00029000 08:05 2757822                    /usr/local/java/jdk1.7.0_25/jre/lib/amd64/libjava.so
7f1a6617a000-7f1a66187000 r-xp 00000000 08:05 2757811                    /usr/local/java/jdk1.7.0_25/jre/lib/amd64/libverify.so
7f1a66187000-7f1a66386000 ---p 0000d000 08:05 2757811                    /usr/local/java/jdk1.7.0_25/jre/lib/amd64/libverify.so
7f1a66386000-7f1a66388000 rw-p 0000c000 08:05 2757811                    /usr/local/java/jdk1.7.0_25/jre/lib/amd64/libverify.so
7f1a66388000-7f1a6638f000 r-xp 00000000 08:05 2896701                    /lib/x86_64-linux-gnu/librt-2.15.so
7f1a6638f000-7f1a6658e000 ---p 00007000 08:05 2896701                    /lib/x86_64-linux-gnu/librt-2.15.so
7f1a6658e000-7f1a6658f000 r--p 00006000 08:05 2896701                    /lib/x86_64-linux-gnu/librt-2.15.so
7f1a6658f000-7f1a66590000 rw-p 00007000 08:05 2896701                    /lib/x86_64-linux-gnu/librt-2.15.so
7f1a66590000-7f1a6668b000 r-xp 00000000 08:05 2896705                    /lib/x86_64-linux-gnu/libm-2.15.so
7f1a6668b000-7f1a6688a000 ---p 000fb000 08:05 2896705                    /lib/x86_64-linux-gnu/libm-2.15.so
7f1a6688a000-7f1a6688b000 r--p 000fa000 08:05 2896705                    /lib/x86_64-linux-gnu/libm-2.15.so
7f1a6688b000-7f1a6688c000 rw-p 000fb000 08:05 2896705                    /lib/x86_64-linux-gnu/libm-2.15.so
7f1a6688c000-7f1a672cd000 r-xp 00000000 08:05 2757829                    /usr/local/java/jdk1.7.0_25/jre/lib/amd64/server/libjvm.so
7f1a672cd000-7f1a674cd000 ---p 00a41000 08:05 2757829                    /usr/local/java/jdk1.7.0_25/jre/lib/amd64/server/libjvm.so
7f1a674cd000-7f1a67570000 rw-p 00a41000 08:05 2757829                    /usr/local/java/jdk1.7.0_25/jre/lib/amd64/server/libjvm.so
7f1a67570000-7f1a675ac000 rw-p 00000000 00:00 0 
7f1a675ac000-7f1a67761000 r-xp 00000000 08:05 2896694                    /lib/x86_64-linux-gnu/libc-2.15.so
7f1a67761000-7f1a67961000 ---p 001b5000 08:05 2896694                    /lib/x86_64-linux-gnu/libc-2.15.so
7f1a67961000-7f1a67965000 r--p 001b5000 08:05 2896694                    /lib/x86_64-linux-gnu/libc-2.15.so
7f1a67965000-7f1a67967000 rw-p 001b9000 08:05 2896694                    /lib/x86_64-linux-gnu/libc-2.15.so
7f1a67967000-7f1a6796c000 rw-p 00000000 00:00 0 
7f1a6796c000-7f1a6796e000 r-xp 00000000 08:05 2896709                    /lib/x86_64-linux-gnu/libdl-2.15.so
7f1a6796e000-7f1a67b6e000 ---p 00002000 08:05 2896709                    /lib/x86_64-linux-gnu/libdl-2.15.so
7f1a67b6e000-7f1a67b6f000 r--p 00002000 08:05 2896709                    /lib/x86_64-linux-gnu/libdl-2.15.so
7f1a67b6f000-7f1a67b70000 rw-p 00003000 08:05 2896709                    /lib/x86_64-linux-gnu/libdl-2.15.so
7f1a67b70000-7f1a67b86000 r-xp 00000000 08:05 2757851                    /usr/local/java/jdk1.7.0_25/jre/lib/amd64/jli/libjli.so
7f1a67b86000-7f1a67d86000 ---p 00016000 08:05 2757851                    /usr/local/java/jdk1.7.0_25/jre/lib/amd64/jli/libjli.so
7f1a67d86000-7f1a67d87000 rw-p 00016000 08:05 2757851                    /usr/local/java/jdk1.7.0_25/jre/lib/amd64/jli/libjli.so
7f1a67d87000-7f1a67d9f000 r-xp 00000000 08:05 2896703                    /lib/x86_64-linux-gnu/libpthread-2.15.so
7f1a67d9f000-7f1a67f9e000 ---p 00018000 08:05 2896703                    /lib/x86_64-linux-gnu/libpthread-2.15.so
7f1a67f9e000-7f1a67f9f000 r--p 00017000 08:05 2896703                    /lib/x86_64-linux-gnu/libpthread-2.15.so
7f1a67f9f000-7f1a67fa0000 rw-p 00018000 08:05 2896703                    /lib/x86_64-linux-gnu/libpthread-2.15.so
7f1a67fa0000-7f1a67fa4000 rw-p 00000000 00:00 0 
7f1a67fa4000-7f1a67fc6000 r-xp 00000000 08:05 2896706                    /lib/x86_64-linux-gnu/ld-2.15.so
7f1a67fc6000-7f1a67fc7000 r--s 00000000 08:05 1311816                    /var/cache/fontconfig/b9d506c9ac06c20b433354fa67a72993-le64.cache-3
7f1a67fc7000-7f1a67fcb000 r--s 00000000 08:05 1311069                    /var/cache/fontconfig/7ef2298fde41cc6eeb7af42e48b7d293-le64.cache-3
7f1a67fcb000-7f1a67fe2000 r--s 001c2000 08:05 2757095                    /usr/local/java/jdk1.7.0_25/jre/lib/deploy.jar
7f1a67fe2000-7f1a67fec000 rw-p 00000000 00:00 0 
7f1a67fec000-7f1a680a2000 rw-p 00000000 00:00 0 
7f1a680a2000-7f1a680a5000 ---p 00000000 00:00 0 
7f1a680a5000-7f1a681a7000 rw-p 00000000 00:00 0                          [stack:3852]
7f1a681a7000-7f1a681aa000 r--p 00000000 08:05 4592198                    /usr/share/locale-langpack/pt_BR/LC_MESSAGES/atk10.mo
7f1a681aa000-7f1a681ab000 r--s 00000000 08:07 291778                     /home/emerson/.cache/dconf/user
7f1a681ab000-7f1a681b4000 r--s 00067000 08:05 2757693                    /usr/local/java/jdk1.7.0_25/jre/lib/javaws.jar
7f1a681b4000-7f1a681b7000 r--s 00029000 08:07 403621                     /home/emerson/NetBeansProjects/gamut-prof/libs/JFlex.jar
7f1a681b7000-7f1a681ba000 r--s 00022000 08:07 404683                     /home/emerson/NetBeansProjects/gamut-prof/dist/run1214006689/gamut-upd.jar
7f1a681ba000-7f1a681c2000 rw-s 00000000 08:05 4063295                    /tmp/hsperfdata_emerson/3848
7f1a681c2000-7f1a681c3000 rw-p 00000000 00:00 0 
7f1a681c3000-7f1a681c4000 r--p 00000000 00:00 0 
7f1a681c4000-7f1a681c6000 rw-p 00000000 00:00 0 
7f1a681c6000-7f1a681c7000 r--p 00022000 08:05 2896706                    /lib/x86_64-linux-gnu/ld-2.15.so
7f1a681c7000-7f1a681c9000 rw-p 00023000 08:05 2896706                    /lib/x86_64-linux-gnu/ld-2.15.so
7fff35990000-7fff359b1000 rw-p 00000000 00:00 0                          [stack]
7fff359ff000-7fff35a00000 r-xp 00000000 00:00 0                          [vdso]
ffffffffff600000-ffffffffff601000 r-xp 00000000 00:00 0                  [vsyscall]

VM Arguments:
jvm_args: -Dfile.encoding=UTF-8 
java_command: com.javafx.main.Main
Launcher Type: SUN_STANDARD

Environment Variables:
JAVA_HOME=/usr/local/java/jdk1.7.0_25
JRE_HOME=/usr/local/java/jre1.7.0_25
PATH=/home/emerson/bin:/usr/lib/lightdm/lightdm:/usr/local/sbin:/usr/local/bin:/usr/sbin:/usr/bin:/sbin:/bin:/usr/games:/home/emerson/bin:/usr/local/java/jdk1.7.0_25/bin:/home/emerson/bin:/usr/local/java/jre1.7.0_25/bin
LD_LIBRARY_PATH=/usr/local/java/jdk1.7.0_25/jre/lib/amd64:/usr/local/java/jdk1.7.0_25/jre/lib/i386:
SHELL=/bin/bash
DISPLAY=:0.0

Signal Handlers:
SIGSEGV: [libjvm.so+0x8a26a0], sa_mask[0]=0x7ffbfeff, sa_flags=0x10000004
SIGBUS: [libjvm.so+0x8a26a0], sa_mask[0]=0x7ffbfeff, sa_flags=0x10000004
SIGFPE: [libjvm.so+0x73f3d0], sa_mask[0]=0x7ffbfeff, sa_flags=0x10000004
SIGPIPE: SIG_IGN, sa_mask[0]=0x00001000, sa_flags=0x10000000
SIGXFSZ: [libjvm.so+0x73f3d0], sa_mask[0]=0x7ffbfeff, sa_flags=0x10000004
SIGILL: [libjvm.so+0x73f3d0], sa_mask[0]=0x7ffbfeff, sa_flags=0x10000004
SIGUSR1: SIG_DFL, sa_mask[0]=0x00000000, sa_flags=0x00000000
SIGUSR2: [libjvm.so+0x73ed20], sa_mask[0]=0x00000004, sa_flags=0x10000004
SIGHUP: [libjvm.so+0x7410b0], sa_mask[0]=0x7ffbfeff, sa_flags=0x10000004
SIGINT: SIG_IGN, sa_mask[0]=0x00000000, sa_flags=0x00000000
SIGTERM: [libjvm.so+0x7410b0], sa_mask[0]=0x7ffbfeff, sa_flags=0x10000004
SIGQUIT: [libjvm.so+0x7410b0], sa_mask[0]=0x7ffbfeff, sa_flags=0x10000004


---------------  S Y S T E M  ---------------

OS:wheezy/sid

uname:Linux 3.5.0-46-generic #70~precise1-Ubuntu SMP Thu Jan 9 23:55:12 UTC 2014 x86_64
libc:glibc 2.15 NPTL 2.15 
rlimit: STACK 8192k, CORE 0k, NPROC 46710, NOFILE 4096, AS infinity
load average:0,36 0,37 0,40

/proc/meminfo:
MemTotal:        5997612 kB
MemFree:         3470656 kB
Buffers:          115032 kB
Cached:           969392 kB
SwapCached:            0 kB
Active:          1451912 kB
Inactive:         882896 kB
Active(anon):    1252140 kB
Inactive(anon):   186316 kB
Active(file):     199772 kB
Inactive(file):   696580 kB
Unevictable:           0 kB
Mlocked:               0 kB
SwapTotal:       8998908 kB
SwapFree:        8998908 kB
Dirty:             37608 kB
Writeback:             0 kB
AnonPages:       1250652 kB
Mapped:           172384 kB
Shmem:            188080 kB
Slab:              76612 kB
SReclaimable:      49128 kB
SUnreclaim:        27484 kB
KernelStack:        3848 kB
PageTables:        28372 kB
NFS_Unstable:          0 kB
Bounce:                0 kB
WritebackTmp:          0 kB
CommitLimit:    11997712 kB
Committed_AS:    3950644 kB
VmallocTotal:   34359738367 kB
VmallocUsed:      369048 kB
VmallocChunk:   34359362024 kB
HardwareCorrupted:     0 kB
AnonHugePages:         0 kB
HugePages_Total:       0
HugePages_Free:        0
HugePages_Rsvd:        0
HugePages_Surp:        0
Hugepagesize:       2048 kB
DirectMap4k:       47104 kB
DirectMap2M:     6144000 kB


CPU:total 4 (2 cores per cpu, 2 threads per core) family 6 model 58 stepping 9, cmov, cx8, fxsr, mmx, sse, sse2, sse3, ssse3, sse4.1, sse4.2, popcnt, avx, ht, tsc, tscinvbit, tscinv

/proc/cpuinfo:
processor	: 0
vendor_id	: GenuineIntel
cpu family	: 6
model		: 58
model name	: Intel(R) Core(TM) i5-3210M CPU @ 2.50GHz
stepping	: 9
microcode	: 0x12
cpu MHz		: 1200.000
cache size	: 3072 KB
physical id	: 0
siblings	: 4
core id		: 0
cpu cores	: 2
apicid		: 0
initial apicid	: 0
fpu		: yes
fpu_exception	: yes
cpuid level	: 13
wp		: yes
flags		: fpu vme de pse tsc msr pae mce cx8 apic sep mtrr pge mca cmov pat pse36 clflush dts acpi mmx fxsr sse sse2 ss ht tm pbe syscall nx rdtscp lm constant_tsc arch_perfmon pebs bts rep_good nopl xtopology nonstop_tsc aperfmperf pni pclmulqdq dtes64 monitor ds_cpl vmx est tm2 ssse3 cx16 xtpr pdcm pcid sse4_1 sse4_2 x2apic popcnt tsc_deadline_timer aes xsave avx f16c rdrand lahf_lm ida arat epb xsaveopt pln pts dtherm tpr_shadow vnmi flexpriority ept vpid fsgsbase smep erms
bogomips	: 4988.46
clflush size	: 64
cache_alignment	: 64
address sizes	: 36 bits physical, 48 bits virtual
power management:

processor	: 1
vendor_id	: GenuineIntel
cpu family	: 6
model		: 58
model name	: Intel(R) Core(TM) i5-3210M CPU @ 2.50GHz
stepping	: 9
microcode	: 0x12
cpu MHz		: 2501.000
cache size	: 3072 KB
physical id	: 0
siblings	: 4
core id		: 1
cpu cores	: 2
apicid		: 2
initial apicid	: 2
fpu		: yes
fpu_exception	: yes
cpuid level	: 13
wp		: yes
flags		: fpu vme de pse tsc msr pae mce cx8 apic sep mtrr pge mca cmov pat pse36 clflush dts acpi mmx fxsr sse sse2 ss ht tm pbe syscall nx rdtscp lm constant_tsc arch_perfmon pebs bts rep_good nopl xtopology nonstop_tsc aperfmperf pni pclmulqdq dtes64 monitor ds_cpl vmx est tm2 ssse3 cx16 xtpr pdcm pcid sse4_1 sse4_2 x2apic popcnt tsc_deadline_timer aes xsave avx f16c rdrand lahf_lm ida arat epb xsaveopt pln pts dtherm tpr_shadow vnmi flexpriority ept vpid fsgsbase smep erms
bogomips	: 4988.46
clflush size	: 64
cache_alignment	: 64
address sizes	: 36 bits physical, 48 bits virtual
power management:

processor	: 2
vendor_id	: GenuineIntel
cpu family	: 6
model		: 58
model name	: Intel(R) Core(TM) i5-3210M CPU @ 2.50GHz
stepping	: 9
microcode	: 0x12
cpu MHz		: 2100.000
cache size	: 3072 KB
physical id	: 0
siblings	: 4
core id		: 0
cpu cores	: 2
apicid		: 1
initial apicid	: 1
fpu		: yes
fpu_exception	: yes
cpuid level	: 13
wp		: yes
flags		: fpu vme de pse tsc msr pae mce cx8 apic sep mtrr pge mca cmov pat pse36 clflush dts acpi mmx fxsr sse sse2 ss ht tm pbe syscall nx rdtscp lm constant_tsc arch_perfmon pebs bts rep_good nopl xtopology nonstop_tsc aperfmperf pni pclmulqdq dtes64 monitor ds_cpl vmx est tm2 ssse3 cx16 xtpr pdcm pcid sse4_1 sse4_2 x2apic popcnt tsc_deadline_timer aes xsave avx f16c rdrand lahf_lm ida arat epb xsaveopt pln pts dtherm tpr_shadow vnmi flexpriority ept vpid fsgsbase smep erms
bogomips	: 4988.46
clflush size	: 64
cache_alignment	: 64
address sizes	: 36 bits physical, 48 bits virtual
power management:

processor	: 3
vendor_id	: GenuineIntel
cpu family	: 6
model		: 58
model name	: Intel(R) Core(TM) i5-3210M CPU @ 2.50GHz
stepping	: 9
microcode	: 0x12
cpu MHz		: 1200.000
cache size	: 3072 KB
physical id	: 0
siblings	: 4
core id		: 1
cpu cores	: 2
apicid		: 3
initial apicid	: 3
fpu		: yes
fpu_exception	: yes
cpuid level	: 13
wp		: yes
flags		: fpu vme de pse tsc msr pae mce cx8 apic sep mtrr pge mca cmov pat pse36 clflush dts acpi mmx fxsr sse sse2 ss ht tm pbe syscall nx rdtscp lm constant_tsc arch_perfmon pebs bts rep_good nopl xtopology nonstop_tsc aperfmperf pni pclmulqdq dtes64 monitor ds_cpl vmx est tm2 ssse3 cx16 xtpr pdcm pcid sse4_1 sse4_2 x2apic popcnt tsc_deadline_timer aes xsave avx f16c rdrand lahf_lm ida arat epb xsaveopt pln pts dtherm tpr_shadow vnmi flexpriority ept vpid fsgsbase smep erms
bogomips	: 4988.46
clflush size	: 64
cache_alignment	: 64
address sizes	: 36 bits physical, 48 bits virtual
power management:



Memory: 4k page, physical 5997612k(3470656k free), swap 8998908k(8998908k free)

vm_info: Java HotSpot(TM) 64-Bit Server VM (23.25-b01) for linux-amd64 JRE (1.7.0_25-b15), built on Jun  5 2013 20:48:36 by "java_re" with gcc 4.3.0 20080428 (Red Hat 4.3.0-8)

time: Mon Mar  3 08:36:42 2014
elapsed time: 7 seconds

